#
# There is insufficient memory for the Java Runtime Environment to continue.
# Native memory allocation (malloc) failed to allocate 2097152 bytes for AllocateHeap
# Possible reasons:
#   The system is out of physical RAM or swap space
#   The process is running with CompressedOops enabled, and the Java Heap may be blocking the growth of the native heap
# Possible solutions:
#   Reduce memory load on the system
#   Increase physical memory or swap space
#   Check if swap backing store is full
#   Decrease Java heap size (-Xmx/-Xms)
#   Decrease number of Java threads
#   Decrease Java thread stack sizes (-Xss)
#   Set larger code cache with -XX:ReservedCodeCacheSize=
#   JVM is running with Unscaled Compressed Oops mode in which the Java heap is
#     placed in the first 4GB address space. The Java Heap base address is the
#     maximum limit for the native heap growth. Please use -XX:HeapBaseMinAddress
#     to set the Java Heap base and to place the Java Heap above 4GB virtual address.
# This output file may be truncated or incomplete.
#
#  Out of Memory Error (allocation.cpp:44), pid=15272, tid=3636
#
# JRE version: OpenJDK Runtime Environment Temurin-17.0.3+7 (17.0.3+7) (build 17.0.3+7)
# Java VM: OpenJDK 64-Bit Server VM Temurin-17.0.3+7 (17.0.3+7, mixed mode, emulated-client, tiered, compressed oops, compressed class ptrs, g1 gc, windows-amd64)
# No core dump will be written. Minidumps are not enabled by default on client versions of Windows
#

---------------  S U M M A R Y ------------

Command Line: -Dsts.lsp.client=vscode -Dsts.log.file=/dev/null -XX:TieredStopAtLevel=1 -Dspring.config.location=file:c:\Users\WendyDeLaCruzLorenzo\.vscode\extensions\pivotal.vscode-spring-boot-1.38.0\language-server\BOOT-INF\classes\application.properties org.springframework.ide.vscode.boot.app.BootLanguageServerBootApp

Host: AMD Ryzen 5 PRO 3500U w/ Radeon Vega Mobile Gfx, 8 cores, 5G,  Windows 10 , 64 bit Build 19041 (10.0.19041.1889)
Time: Fri Aug 26 16:35:24 2022 Eastern Daylight Time elapsed time: 84083.260071 seconds (0d 23h 21m 23s)

---------------  T H R E A D  ---------------

Current thread (0x000001e191c288f0):  VMThread "VM Thread" [stack: 0x000000a63cb00000,0x000000a63cc00000] [id=3636]

Stack: [0x000000a63cb00000,0x000000a63cc00000]
Native frames: (J=compiled Java code, j=interpreted, Vv=VM code, C=native code)
V  [jvm.dll+0x675efa]
V  [jvm.dll+0x830a24]
V  [jvm.dll+0x8321ce]
V  [jvm.dll+0x832833]
V  [jvm.dll+0x2454b5]
V  [jvm.dll+0xa6393]
V  [jvm.dll+0x2f5651]
V  [jvm.dll+0x2f12d0]
V  [jvm.dll+0x2d99b7]
V  [jvm.dll+0x31cac7]
V  [jvm.dll+0x836cdb]
V  [jvm.dll+0x837a14]
V  [jvm.dll+0x837f2c]
V  [jvm.dll+0x838304]
V  [jvm.dll+0x8383d0]
V  [jvm.dll+0x7e0cfa]
V  [jvm.dll+0x674d85]
C  [ucrtbase.dll+0x21bb2]
C  [KERNEL32.DLL+0x17034]
C  [ntdll.dll+0x52651]

VM_Operation (0x000000a63e1feec0): G1CollectFull, mode: safepoint, requested by thread 0x000001e194482c10


---------------  P R O C E S S  ---------------

Threads class SMR info:
_java_thread_list=0x000001e1928a9050, length=17, elements={
0x000001e191c41b60, 0x000001e191c42e60, 0x000001e191c7c130, 0x000001e191c7eb70,
0x000001e191c7f430, 0x000001e191c831f0, 0x000001e191c83b60, 0x000001e191c8c470,
0x000001e1929f2700, 0x000001e1929fdf00, 0x000001e194482c10, 0x000001e1944830e0,
0x000001e1853c0270, 0x000001e194540090, 0x000001e194542710, 0x000001e194542be0,
0x000001e1944ae4c0
}

Java Threads: ( => current thread )
  0x000001e191c41b60 JavaThread "Reference Handler" daemon [_thread_blocked, id=19772, stack(0x000000a63cc00000,0x000000a63cd00000)]
  0x000001e191c42e60 JavaThread "Finalizer" daemon [_thread_blocked, id=13328, stack(0x000000a63cd00000,0x000000a63ce00000)]
  0x000001e191c7c130 JavaThread "Signal Dispatcher" daemon [_thread_blocked, id=18612, stack(0x000000a63ce00000,0x000000a63cf00000)]
  0x000001e191c7eb70 JavaThread "Attach Listener" daemon [_thread_blocked, id=13968, stack(0x000000a63cf00000,0x000000a63d000000)]
  0x000001e191c7f430 JavaThread "Service Thread" daemon [_thread_blocked, id=13032, stack(0x000000a63d000000,0x000000a63d100000)]
  0x000001e191c831f0 JavaThread "Monitor Deflation Thread" daemon [_thread_blocked, id=7260, stack(0x000000a63d100000,0x000000a63d200000)]
  0x000001e191c83b60 JavaThread "C1 CompilerThread0" daemon [_thread_blocked, id=14820, stack(0x000000a63d200000,0x000000a63d300000)]
  0x000001e191c8c470 JavaThread "Sweeper thread" daemon [_thread_blocked, id=19180, stack(0x000000a63d300000,0x000000a63d400000)]
  0x000001e1929f2700 JavaThread "Notification Thread" daemon [_thread_blocked, id=15860, stack(0x000000a63d500000,0x000000a63d600000)]
  0x000001e1929fdf00 JavaThread "Common-Cleaner" daemon [_thread_blocked, id=6804, stack(0x000000a63d700000,0x000000a63d800000)]
  0x000001e194482c10 JavaThread "pool-7-thread-1" [_thread_blocked, id=1472, stack(0x000000a63e100000,0x000000a63e200000)]
  0x000001e1944830e0 JavaThread "LanguageServerApp-lifecycle" [_thread_blocked, id=20272, stack(0x000000a63e200000,0x000000a63e300000)]
  0x000001e1853c0270 JavaThread "DestroyJavaVM" [_thread_blocked, id=20184, stack(0x000000a63c500000,0x000000a63c600000)]
  0x000001e194540090 JavaThread "pool-8-thread-1" [_thread_in_native, id=18332, stack(0x000000a63f100000,0x000000a63f200000)]
  0x000001e194542710 JavaThread "Simple-Language-Server main thread" daemon [_thread_blocked, id=12460, stack(0x000000a63f200000,0x000000a63f300000)]
  0x000001e194542be0 JavaThread "parallel-1" daemon [_thread_blocked, id=19748, stack(0x000000a63f300000,0x000000a63f400000)]
  0x000001e1944ae4c0 JavaThread "pool-3-thread-1" [_thread_blocked, id=17980, stack(0x000000a63f900000,0x000000a63fa00000)]

Other Threads:
=>0x000001e191c288f0 VMThread "VM Thread" [stack: 0x000000a63cb00000,0x000000a63cc00000] [id=3636]
  0x000001e1929f2bd0 WatcherThread [stack: 0x000000a63d600000,0x000000a63d700000] [id=5772]
  0x000001e18540cbe0 GCTaskThread "GC Thread#0" [stack: 0x000000a63c600000,0x000000a63c700000] [id=19852]
  0x000001e1933d7440 GCTaskThread "GC Thread#1" [stack: 0x000000a63d800000,0x000000a63d900000] [id=10124]
  0x000001e1933b7c80 GCTaskThread "GC Thread#2" [stack: 0x000000a63d900000,0x000000a63da00000] [id=19544]
  0x000001e193384750 GCTaskThread "GC Thread#3" [stack: 0x000000a63da00000,0x000000a63db00000] [id=18808]
  0x000001e1933ea4e0 GCTaskThread "GC Thread#4" [stack: 0x000000a63db00000,0x000000a63dc00000] [id=4288]
  0x000001e1933eaba0 GCTaskThread "GC Thread#5" [stack: 0x000000a63dc00000,0x000000a63dd00000] [id=18136]
  0x000001e193e40c20 GCTaskThread "GC Thread#6" [stack: 0x000000a63de00000,0x000000a63df00000] [id=15972]
  0x000001e193d99150 GCTaskThread "GC Thread#7" [stack: 0x000000a63df00000,0x000000a63e000000] [id=15496]
  0x000001e185419f70 ConcurrentGCThread "G1 Main Marker" [stack: 0x000000a63c700000,0x000000a63c800000] [id=2908]
  0x000001e18541b930 ConcurrentGCThread "G1 Conc#0" [stack: 0x000000a63c800000,0x000000a63c900000] [id=8076]
  0x000001e193df31b0 ConcurrentGCThread "G1 Conc#1" [stack: 0x000000a63e000000,0x000000a63e100000] [id=18236]
  0x000001e1854812d0 ConcurrentGCThread "G1 Refine#0" [stack: 0x000000a63c900000,0x000000a63ca00000] [id=11220]
  0x000001e196157090 ConcurrentGCThread "G1 Refine#1" [stack: 0x000000a63f700000,0x000000a63f800000] [id=6936]
  0x000001e19631fee0 ConcurrentGCThread "G1 Refine#2" [stack: 0x000000a63fa00000,0x000000a63fb00000] [id=19328]
  0x000001e196320a60 ConcurrentGCThread "G1 Refine#3" [stack: 0x000000a63fb00000,0x000000a63fc00000] [id=6692]
  0x000001e19631fc00 ConcurrentGCThread "G1 Refine#4" [stack: 0x000000a63e400000,0x000000a63e500000] [id=4252]
  0x000001e19631f920 ConcurrentGCThread "G1 Refine#5" [stack: 0x000000a63e500000,0x000000a63e600000] [id=17676]
  0x000001e185481cf0 ConcurrentGCThread "G1 Service" [stack: 0x000000a63ca00000,0x000000a63cb00000] [id=16868]

Threads with active compile tasks:

VM state: at safepoint (normal execution)

VM Mutex/Monitor currently owned by a thread:  ([mutex/lock_event])
[0x000001e18395a2a0] Threads_lock - owner thread: 0x000001e191c288f0
[0x000001e1853bccb0] Heap_lock - owner thread: 0x000001e194482c10

Heap address: 0x00000000a1e00000, size: 1506 MB, Compressed Oops mode: 32-bit

CDS archive(s) not mapped
Compressed class space mapped at: 0x0000000100000000-0x0000000140000000, reserved size: 1073741824
Narrow klass base: 0x0000000000000000, Narrow klass shift: 3, Narrow klass range: 0x140000000

GC Precious Log:
 CPUs: 8 total, 8 available
 Memory: 6022M
 Large Page Support: Disabled
 NUMA Support: Disabled
 Compressed Oops: Enabled (32-bit)
 Heap Region Size: 1M
 Heap Min Capacity: 8M
 Heap Initial Capacity: 96M
 Heap Max Capacity: 1506M
 Pre-touch: Disabled
 Parallel Workers: 8
 Concurrent Workers: 2
 Concurrent Refinement Workers: 8
 Periodic GC: Disabled

Heap:
 garbage-first heap   total 109568K, used 34303K [0x00000000a1e00000, 0x0000000100000000)
  region size 1024K, 1 young (1024K), 0 survivors (0K)
 Metaspace       used 51881K, committed 52288K, reserved 1097728K
  class space    used 6836K, committed 7040K, reserved 1048576K

Heap Regions: E=young(eden), S=young(survivor), O=old, HS=humongous(starts), HC=humongous(continues), CS=collection set, F=free, OA=open archive, CA=closed archive, TAMS=top-at-mark-start (previous, next)
|   0|0x00000000a1e00000, 0x00000000a1effff8, 0x00000000a1f00000| 99%| O|  |TAMS 0x00000000a1effff8, 0x00000000a1e00000| Untracked 
|   1|0x00000000a1f00000, 0x00000000a2000000, 0x00000000a2000000|100%| O|  |TAMS 0x00000000a2000000, 0x00000000a1f00000| Untracked 
|   2|0x00000000a2000000, 0x00000000a2100000, 0x00000000a2100000|100%| O|  |TAMS 0x00000000a2100000, 0x00000000a2000000| Untracked 
|   3|0x00000000a2100000, 0x00000000a2200000, 0x00000000a2200000|100%| O|  |TAMS 0x00000000a2200000, 0x00000000a2100000| Untracked 
|   4|0x00000000a2200000, 0x00000000a22fffe8, 0x00000000a2300000| 99%| O|  |TAMS 0x00000000a22fffe8, 0x00000000a2200000| Untracked 
|   5|0x00000000a2300000, 0x00000000a2400000, 0x00000000a2400000|100%| O|  |TAMS 0x00000000a2400000, 0x00000000a2300000| Untracked 
|   6|0x00000000a2400000, 0x00000000a2500000, 0x00000000a2500000|100%| O|  |TAMS 0x00000000a2500000, 0x00000000a2400000| Untracked 
|   7|0x00000000a2500000, 0x00000000a25fffe0, 0x00000000a2600000| 99%| O|  |TAMS 0x00000000a25fffe0, 0x00000000a2500000| Untracked 
|   8|0x00000000a2600000, 0x00000000a26fffc8, 0x00000000a2700000| 99%| O|  |TAMS 0x00000000a26fffc8, 0x00000000a2600000| Untracked 
|   9|0x00000000a2700000, 0x00000000a27fffe0, 0x00000000a2800000| 99%| O|  |TAMS 0x00000000a27fffe0, 0x00000000a2700000| Untracked 
|  10|0x00000000a2800000, 0x00000000a28fffc0, 0x00000000a2900000| 99%| O|  |TAMS 0x00000000a28fffc0, 0x00000000a2800000| Untracked 
|  11|0x00000000a2900000, 0x00000000a29fed90, 0x00000000a2a00000| 99%| O|  |TAMS 0x00000000a29fed90, 0x00000000a2900000| Untracked 
|  12|0x00000000a2a00000, 0x00000000a2af7668, 0x00000000a2b00000| 96%| O|  |TAMS 0x00000000a2af7668, 0x00000000a2a00000| Untracked 
|  13|0x00000000a2b00000, 0x00000000a2bfffb0, 0x00000000a2c00000| 99%| O|  |TAMS 0x00000000a2bfffb0, 0x00000000a2b00000| Untracked 
|  14|0x00000000a2c00000, 0x00000000a2cfffe8, 0x00000000a2d00000| 99%| O|  |TAMS 0x00000000a2cfffe8, 0x00000000a2c00000| Untracked 
|  15|0x00000000a2d00000, 0x00000000a2e00000, 0x00000000a2e00000|100%| O|  |TAMS 0x00000000a2e00000, 0x00000000a2d00000| Untracked 
|  16|0x00000000a2e00000, 0x00000000a2effff0, 0x00000000a2f00000| 99%| O|  |TAMS 0x00000000a2effff0, 0x00000000a2e00000| Untracked 
|  17|0x00000000a2f00000, 0x00000000a2fffff8, 0x00000000a3000000| 99%| O|  |TAMS 0x00000000a2fffff8, 0x00000000a2f00000| Untracked 
|  18|0x00000000a3000000, 0x00000000a30ffff0, 0x00000000a3100000| 99%| O|  |TAMS 0x00000000a30ffff0, 0x00000000a3000000| Untracked 
|  19|0x00000000a3100000, 0x00000000a31ffbe8, 0x00000000a3200000| 99%| O|  |TAMS 0x00000000a31ffbe8, 0x00000000a3100000| Untracked 
|  20|0x00000000a3200000, 0x00000000a32fffe0, 0x00000000a3300000| 99%| O|  |TAMS 0x00000000a32fffe0, 0x00000000a3200000| Untracked 
|  21|0x00000000a3300000, 0x00000000a33fffe8, 0x00000000a3400000| 99%| O|  |TAMS 0x00000000a33fffe8, 0x00000000a3300000| Untracked 
|  22|0x00000000a3400000, 0x00000000a34fffb0, 0x00000000a3500000| 99%| O|  |TAMS 0x00000000a34fffb0, 0x00000000a3400000| Untracked 
|  23|0x00000000a3500000, 0x00000000a35fdc10, 0x00000000a3600000| 99%| O|  |TAMS 0x00000000a35fdc10, 0x00000000a3500000| Untracked 
|  24|0x00000000a3600000, 0x00000000a36ffff0, 0x00000000a3700000| 99%| O|  |TAMS 0x00000000a36ffff0, 0x00000000a3600000| Untracked 
|  25|0x00000000a3700000, 0x00000000a37ffff8, 0x00000000a3800000| 99%| O|  |TAMS 0x00000000a37ffff8, 0x00000000a3700000| Untracked 
|  26|0x00000000a3800000, 0x00000000a3900000, 0x00000000a3900000|100%| O|  |TAMS 0x00000000a3900000, 0x00000000a3800000| Untracked 
|  27|0x00000000a3900000, 0x00000000a39f9248, 0x00000000a3a00000| 97%| O|  |TAMS 0x00000000a39f9248, 0x00000000a3900000| Untracked 
|  28|0x00000000a3a00000, 0x00000000a3affff0, 0x00000000a3b00000| 99%| O|  |TAMS 0x00000000a3affff0, 0x00000000a3a00000| Untracked 
|  29|0x00000000a3b00000, 0x00000000a3bfab88, 0x00000000a3c00000| 97%| O|  |TAMS 0x00000000a3bfab88, 0x00000000a3b00000| Untracked 
|  30|0x00000000a3c00000, 0x00000000a3cfbf28, 0x00000000a3d00000| 98%| O|  |TAMS 0x00000000a3cfbf28, 0x00000000a3c00000| Untracked 
|  31|0x00000000a3d00000, 0x00000000a3d9c708, 0x00000000a3e00000| 61%| O|  |TAMS 0x00000000a3d00000, 0x00000000a3d00000| Untracked 
|  32|0x00000000a3e00000, 0x00000000a3e00098, 0x00000000a3f00000|  0%| O|  |TAMS 0x00000000a3e00000, 0x00000000a3e00000| Untracked 
|  33|0x00000000a3f00000, 0x00000000a3fffff0, 0x00000000a4000000| 99%| O|  |TAMS 0x00000000a3fffff0, 0x00000000a3f00000| Untracked 
|  34|0x00000000a4000000, 0x00000000a4000000, 0x00000000a4100000|  0%| F|  |TAMS 0x00000000a4000000, 0x00000000a4000000| Untracked 
|  35|0x00000000a4100000, 0x00000000a4100000, 0x00000000a4200000|  0%| F|  |TAMS 0x00000000a4100000, 0x00000000a4100000| Untracked 
|  36|0x00000000a4200000, 0x00000000a4200000, 0x00000000a4300000|  0%| F|  |TAMS 0x00000000a4200000, 0x00000000a4200000| Untracked 
|  37|0x00000000a4300000, 0x00000000a4300000, 0x00000000a4400000|  0%| F|  |TAMS 0x00000000a4300000, 0x00000000a4300000| Untracked 
|  38|0x00000000a4400000, 0x00000000a4400000, 0x00000000a4500000|  0%| F|  |TAMS 0x00000000a4400000, 0x00000000a4400000| Untracked 
|  39|0x00000000a4500000, 0x00000000a4500000, 0x00000000a4600000|  0%| F|  |TAMS 0x00000000a4500000, 0x00000000a4500000| Untracked 
|  40|0x00000000a4600000, 0x00000000a4600000, 0x00000000a4700000|  0%| F|  |TAMS 0x00000000a4600000, 0x00000000a4600000| Untracked 
|  41|0x00000000a4700000, 0x00000000a4700000, 0x00000000a4800000|  0%| F|  |TAMS 0x00000000a4700000, 0x00000000a4700000| Untracked 
|  42|0x00000000a4800000, 0x00000000a4800000, 0x00000000a4900000|  0%| F|  |TAMS 0x00000000a4800000, 0x00000000a4800000| Untracked 
|  43|0x00000000a4900000, 0x00000000a4900000, 0x00000000a4a00000|  0%| F|  |TAMS 0x00000000a4900000, 0x00000000a4900000| Untracked 
|  44|0x00000000a4a00000, 0x00000000a4a00000, 0x00000000a4b00000|  0%| F|  |TAMS 0x00000000a4a00000, 0x00000000a4a00000| Untracked 
|  45|0x00000000a4b00000, 0x00000000a4b00000, 0x00000000a4c00000|  0%| F|  |TAMS 0x00000000a4b00000, 0x00000000a4b00000| Untracked 
|  46|0x00000000a4c00000, 0x00000000a4c00000, 0x00000000a4d00000|  0%| F|  |TAMS 0x00000000a4c00000, 0x00000000a4c00000| Untracked 
|  47|0x00000000a4d00000, 0x00000000a4d00000, 0x00000000a4e00000|  0%| F|  |TAMS 0x00000000a4d00000, 0x00000000a4d00000| Untracked 
|  48|0x00000000a4e00000, 0x00000000a4e00000, 0x00000000a4f00000|  0%| F|  |TAMS 0x00000000a4e00000, 0x00000000a4e00000| Untracked 
|  49|0x00000000a4f00000, 0x00000000a4f00000, 0x00000000a5000000|  0%| F|  |TAMS 0x00000000a4f00000, 0x00000000a4f00000| Untracked 
|  50|0x00000000a5000000, 0x00000000a5000000, 0x00000000a5100000|  0%| F|  |TAMS 0x00000000a5000000, 0x00000000a5000000| Untracked 
|  51|0x00000000a5100000, 0x00000000a5100000, 0x00000000a5200000|  0%| F|  |TAMS 0x00000000a5100000, 0x00000000a5100000| Untracked 
|  52|0x00000000a5200000, 0x00000000a5200000, 0x00000000a5300000|  0%| F|  |TAMS 0x00000000a5200000, 0x00000000a5200000| Untracked 
|  53|0x00000000a5300000, 0x00000000a5300000, 0x00000000a5400000|  0%| F|  |TAMS 0x00000000a5300000, 0x00000000a5300000| Untracked 
|  54|0x00000000a5400000, 0x00000000a5400000, 0x00000000a5500000|  0%| F|  |TAMS 0x00000000a5400000, 0x00000000a5400000| Untracked 
|  55|0x00000000a5500000, 0x00000000a5500000, 0x00000000a5600000|  0%| F|  |TAMS 0x00000000a5500000, 0x00000000a5500000| Untracked 
|  56|0x00000000a5600000, 0x00000000a5600000, 0x00000000a5700000|  0%| F|  |TAMS 0x00000000a5600000, 0x00000000a5600000| Untracked 
|  57|0x00000000a5700000, 0x00000000a5700000, 0x00000000a5800000|  0%| F|  |TAMS 0x00000000a5700000, 0x00000000a5700000| Untracked 
|  58|0x00000000a5800000, 0x00000000a5800000, 0x00000000a5900000|  0%| F|  |TAMS 0x00000000a5800000, 0x00000000a5800000| Untracked 
|  59|0x00000000a5900000, 0x00000000a5900000, 0x00000000a5a00000|  0%| F|  |TAMS 0x00000000a5900000, 0x00000000a5900000| Untracked 
|  60|0x00000000a5a00000, 0x00000000a5a00000, 0x00000000a5b00000|  0%| F|  |TAMS 0x00000000a5a00000, 0x00000000a5a00000| Untracked 
|  61|0x00000000a5b00000, 0x00000000a5b00000, 0x00000000a5c00000|  0%| F|  |TAMS 0x00000000a5b00000, 0x00000000a5b00000| Untracked 
|  62|0x00000000a5c00000, 0x00000000a5c00000, 0x00000000a5d00000|  0%| F|  |TAMS 0x00000000a5c00000, 0x00000000a5c00000| Untracked 
|  63|0x00000000a5d00000, 0x00000000a5d00000, 0x00000000a5e00000|  0%| F|  |TAMS 0x00000000a5d00000, 0x00000000a5d00000| Untracked 
|  64|0x00000000a5e00000, 0x00000000a5e00000, 0x00000000a5f00000|  0%| F|  |TAMS 0x00000000a5e00000, 0x00000000a5e00000| Untracked 
|  65|0x00000000a5f00000, 0x00000000a6000000, 0x00000000a6000000|100%|HS|  |TAMS 0x00000000a6000000, 0x00000000a5f00000| Untracked 
|  66|0x00000000a6000000, 0x00000000a6000000, 0x00000000a6100000|  0%| F|  |TAMS 0x00000000a6000000, 0x00000000a6000000| Untracked 
|  67|0x00000000a6100000, 0x00000000a6100000, 0x00000000a6200000|  0%| F|  |TAMS 0x00000000a6100000, 0x00000000a6100000| Untracked 
|  68|0x00000000a6200000, 0x00000000a6200000, 0x00000000a6300000|  0%| F|  |TAMS 0x00000000a6200000, 0x00000000a6200000| Untracked 
|  69|0x00000000a6300000, 0x00000000a6300000, 0x00000000a6400000|  0%| F|  |TAMS 0x00000000a6300000, 0x00000000a6300000| Untracked 
|  70|0x00000000a6400000, 0x00000000a6400000, 0x00000000a6500000|  0%| F|  |TAMS 0x00000000a6400000, 0x00000000a6400000| Untracked 
|  71|0x00000000a6500000, 0x00000000a6500000, 0x00000000a6600000|  0%| F|  |TAMS 0x00000000a6500000, 0x00000000a6500000| Untracked 
|  72|0x00000000a6600000, 0x00000000a6600000, 0x00000000a6700000|  0%| F|  |TAMS 0x00000000a6600000, 0x00000000a6600000| Untracked 
|  73|0x00000000a6700000, 0x00000000a6700000, 0x00000000a6800000|  0%| F|  |TAMS 0x00000000a6700000, 0x00000000a6700000| Untracked 
|  74|0x00000000a6800000, 0x00000000a6800000, 0x00000000a6900000|  0%| F|  |TAMS 0x00000000a6800000, 0x00000000a6800000| Untracked 
|  75|0x00000000a6900000, 0x00000000a6900000, 0x00000000a6a00000|  0%| F|  |TAMS 0x00000000a6900000, 0x00000000a6900000| Untracked 
|  76|0x00000000a6a00000, 0x00000000a6a00000, 0x00000000a6b00000|  0%| F|  |TAMS 0x00000000a6a00000, 0x00000000a6a00000| Untracked 
|  77|0x00000000a6b00000, 0x00000000a6b00000, 0x00000000a6c00000|  0%| F|  |TAMS 0x00000000a6b00000, 0x00000000a6b00000| Untracked 
|  78|0x00000000a6c00000, 0x00000000a6c00000, 0x00000000a6d00000|  0%| F|  |TAMS 0x00000000a6c00000, 0x00000000a6c00000| Untracked 
|  79|0x00000000a6d00000, 0x00000000a6d00000, 0x00000000a6e00000|  0%| F|  |TAMS 0x00000000a6d00000, 0x00000000a6d00000| Untracked 
|  80|0x00000000a6e00000, 0x00000000a6e00000, 0x00000000a6f00000|  0%| F|  |TAMS 0x00000000a6e00000, 0x00000000a6e00000| Untracked 
|  81|0x00000000a6f00000, 0x00000000a6f00000, 0x00000000a7000000|  0%| F|  |TAMS 0x00000000a6f00000, 0x00000000a6f00000| Untracked 
|  82|0x00000000a7000000, 0x00000000a7000000, 0x00000000a7100000|  0%| F|  |TAMS 0x00000000a7000000, 0x00000000a7000000| Untracked 
|  83|0x00000000a7100000, 0x00000000a7100000, 0x00000000a7200000|  0%| F|  |TAMS 0x00000000a7100000, 0x00000000a7100000| Untracked 
|  84|0x00000000a7200000, 0x00000000a7200000, 0x00000000a7300000|  0%| F|  |TAMS 0x00000000a7200000, 0x00000000a7200000| Untracked 
|  85|0x00000000a7300000, 0x00000000a7300000, 0x00000000a7400000|  0%| F|  |TAMS 0x00000000a7300000, 0x00000000a7300000| Untracked 
|  86|0x00000000a7400000, 0x00000000a7400000, 0x00000000a7500000|  0%| F|  |TAMS 0x00000000a7400000, 0x00000000a7400000| Untracked 
|  87|0x00000000a7500000, 0x00000000a7500000, 0x00000000a7600000|  0%| F|  |TAMS 0x00000000a7500000, 0x00000000a7500000| Untracked 
|  88|0x00000000a7600000, 0x00000000a7600000, 0x00000000a7700000|  0%| F|  |TAMS 0x00000000a7600000, 0x00000000a7600000| Untracked 
|  89|0x00000000a7700000, 0x00000000a7700000, 0x00000000a7800000|  0%| F|  |TAMS 0x00000000a7700000, 0x00000000a7700000| Untracked 
|  90|0x00000000a7800000, 0x00000000a7800000, 0x00000000a7900000|  0%| F|  |TAMS 0x00000000a7800000, 0x00000000a7800000| Untracked 
|  91|0x00000000a7900000, 0x00000000a7900000, 0x00000000a7a00000|  0%| F|  |TAMS 0x00000000a7900000, 0x00000000a7900000| Untracked 
|  92|0x00000000a7a00000, 0x00000000a7a00000, 0x00000000a7b00000|  0%| F|  |TAMS 0x00000000a7a00000, 0x00000000a7a00000| Untracked 
|  93|0x00000000a7b00000, 0x00000000a7b00000, 0x00000000a7c00000|  0%| F|  |TAMS 0x00000000a7b00000, 0x00000000a7b00000| Untracked 
|  94|0x00000000a7c00000, 0x00000000a7c00000, 0x00000000a7d00000|  0%| F|  |TAMS 0x00000000a7c00000, 0x00000000a7c00000| Untracked 
|  95|0x00000000a7d00000, 0x00000000a7d00000, 0x00000000a7e00000|  0%| F|  |TAMS 0x00000000a7d00000, 0x00000000a7d00000| Untracked 
|  96|0x00000000a7e00000, 0x00000000a7e00000, 0x00000000a7f00000|  0%| F|  |TAMS 0x00000000a7e00000, 0x00000000a7e00000| Untracked 
|  97|0x00000000a7f00000, 0x00000000a7f00000, 0x00000000a8000000|  0%| F|  |TAMS 0x00000000a7f00000, 0x00000000a7f00000| Untracked 
|  98|0x00000000a8000000, 0x00000000a8000000, 0x00000000a8100000|  0%| F|  |TAMS 0x00000000a8000000, 0x00000000a8000000| Untracked 
|  99|0x00000000a8100000, 0x00000000a8100000, 0x00000000a8200000|  0%| F|  |TAMS 0x00000000a8100000, 0x00000000a8100000| Untracked 
| 100|0x00000000a8200000, 0x00000000a8200000, 0x00000000a8300000|  0%| F|  |TAMS 0x00000000a8200000, 0x00000000a8200000| Untracked 
| 101|0x00000000a8300000, 0x00000000a8300000, 0x00000000a8400000|  0%| F|  |TAMS 0x00000000a8300000, 0x00000000a8300000| Untracked 
| 102|0x00000000a8400000, 0x00000000a8400000, 0x00000000a8500000|  0%| F|  |TAMS 0x00000000a8400000, 0x00000000a8400000| Untracked 
| 103|0x00000000a8500000, 0x00000000a8500000, 0x00000000a8600000|  0%| F|  |TAMS 0x00000000a8500000, 0x00000000a8500000| Untracked 
| 104|0x00000000a8600000, 0x00000000a8600000, 0x00000000a8700000|  0%| F|  |TAMS 0x00000000a8600000, 0x00000000a8600000| Untracked 
| 105|0x00000000a8700000, 0x00000000a8700000, 0x00000000a8800000|  0%| F|  |TAMS 0x00000000a8700000, 0x00000000a8700000| Untracked 
| 106|0x00000000a8800000, 0x00000000a8804d78, 0x00000000a8900000|  1%| E|  |TAMS 0x00000000a8800000, 0x00000000a8800000| Complete 

Card table byte_map: [0x000001e18bc70000,0x000001e18bf70000] _byte_map_base: 0x000001e18b761000

Marking Bits (Prev, Next): (CMBitMap*) 0x000001e18540d1f0, (CMBitMap*) 0x000001e18540d230
 Prev Bits: [0x000001e18c270000, 0x000001e18d9f8000)
 Next Bits: [0x000001e18da00000, 0x000001e18f188000)

Polling page: 0x000001e183b60000

Metaspace:

Usage:
  Non-class:     43.99 MB used.
      Class:      6.68 MB used.
       Both:     50.67 MB used.

Virtual space:
  Non-class space:       48.00 MB reserved,      44.19 MB ( 92%) committed,  6 nodes.
      Class space:        1.00 GB reserved,       6.88 MB ( <1%) committed,  1 nodes.
             Both:        1.05 GB reserved,      51.06 MB (  5%) committed. 

Chunk freelists:
   Non-Class:  3.50 MB
       Class:  1.14 MB
        Both:  4.64 MB

MaxMetaspaceSize: unlimited
CompressedClassSpaceSize: 1.00 GB
Initial GC threshold: 21.00 MB
Current GC threshold: 85.12 MB
CDS: off
MetaspaceReclaimPolicy: balanced
 - commit_granule_bytes: 65536.
 - commit_granule_words: 8192.
 - virtual_space_node_default_size: 1048576.
 - enlarge_chunks_in_place: 1.
 - new_chunks_are_fully_committed: 0.
 - uncommit_free_chunks: 1.
 - use_allocation_guard: 0.
 - handle_deallocations: 1.


Internal statistics:

num_allocs_failed_limit: 5.
num_arena_births: 548.
num_arena_deaths: 172.
num_vsnodes_births: 7.
num_vsnodes_deaths: 0.
num_space_committed: 817.
num_space_uncommitted: 0.
num_chunks_returned_to_freelist: 198.
num_chunks_taken_from_freelist: 2233.
num_chunk_merges: 65.
num_chunk_splits: 1540.
num_chunks_enlarged: 1197.
num_purges: 14.
num_inconsistent_stats: 0.

CodeCache: size=49152Kb used=14601Kb max_used=15131Kb free=34550Kb
 bounds [0x000001e1880e0000, 0x000001e189020000, 0x000001e18b0e0000]
 total_blobs=8357 nmethods=7756 adapters=527
 compilation: enabled
              stopped_count=0, restarted_count=0
 full_count=0

Compilation events (20 events):
Event: 82200.547 Thread 0x000001e191c83b60 7762       1       org.springframework.ide.vscode.commons.languageserver.util.SimpleWorkspaceService$$Lambda$652/0x00000001006c6480::apply (8 bytes)
Event: 82200.559 Thread 0x000001e191c83b60 nmethod 7762 0x000001e188f0db10 code [0x000001e188f0dca0, 0x000001e188f0dd98]
Event: 82200.560 Thread 0x000001e191c83b60 7763       1       org.springframework.ide.vscode.commons.languageserver.util.SimpleWorkspaceService::lambda$didChangeWatchedFiles$2 (5 bytes)
Event: 82200.560 Thread 0x000001e191c83b60 nmethod 7763 0x000001e188f0d810 code [0x000001e188f0d9a0, 0x000001e188f0da58]
Event: 82203.743 Thread 0x000001e191c83b60 7764       1       org.eclipse.lsp4j.DidChangeWatchedFilesParams::<init> (12 bytes)
Event: 82203.769 Thread 0x000001e191c83b60 nmethod 7764 0x000001e188f0d310 code [0x000001e188f0d4c0, 0x000001e188f0d728]
Event: 82203.769 Thread 0x000001e191c83b60 7765       1       org.eclipse.lsp4j.DidChangeWatchedFilesParams::<init> (18 bytes)
Event: 82203.770 Thread 0x000001e191c83b60 nmethod 7765 0x000001e188f0cf10 code [0x000001e188f0d0c0, 0x000001e188f0d248]
Event: 82203.770 Thread 0x000001e191c83b60 7766   !   1       org.springframework.ide.vscode.commons.languageserver.util.SimpleWorkspaceService::didChangeWatchedFiles (216 bytes)
Event: 82203.881 Thread 0x000001e191c83b60 nmethod 7766 0x000001e188f0b690 code [0x000001e188f0b9c0, 0x000001e188f0c468]
Event: 82530.076 Thread 0x000001e191c83b60 7771   !   1       jdk.internal.reflect.GeneratedConstructorAccessor40::newInstance (49 bytes)
Event: 82530.083 Thread 0x000001e191c83b60 nmethod 7771 0x000001e188f0b090 code [0x000001e188f0b240, 0x000001e188f0b4c8]
Event: 82621.898 Thread 0x000001e191c83b60 7772   !   1       jdk.internal.reflect.GeneratedConstructorAccessor41::newInstance (49 bytes)
Event: 82621.922 Thread 0x000001e191c83b60 nmethod 7772 0x000001e188f0a710 code [0x000001e188f0a900, 0x000001e188f0adc8]
Event: 82621.927 Thread 0x000001e191c83b60 7773   !   1       jdk.internal.reflect.GeneratedMethodAccessor36::invoke (68 bytes)
Event: 82621.932 Thread 0x000001e191c83b60 nmethod 7773 0x000001e188f09d90 code [0x000001e188f09f80, 0x000001e188f0a3d8]
Event: 82843.890 Thread 0x000001e191c83b60 7775       1       org.springframework.ide.vscode.commons.util.text.linetracker.TreeLineTracker::updateParentBalanceAfterInsertion (111 bytes)
Event: 82843.892 Thread 0x000001e191c83b60 nmethod 7775 0x000001e188f09890 code [0x000001e188f09a60, 0x000001e188f09c58]
Event: 82843.892 Thread 0x000001e191c83b60 7774       1       org.springframework.ide.vscode.commons.util.text.linetracker.TreeLineTracker::insertAfter (61 bytes)
Event: 82843.902 Thread 0x000001e191c83b60 nmethod 7774 0x000001e188f09210 code [0x000001e188f093e0, 0x000001e188f09678]

GC Heap History (20 events):
Event: 83966.163 GC heap before
{Heap before GC invocations=2483 (full 2442):
 garbage-first heap   total 109568K, used 34303K [0x00000000a1e00000, 0x0000000100000000)
  region size 1024K, 1 young (1024K), 0 survivors (0K)
 Metaspace       used 51881K, committed 52288K, reserved 1097728K
  class space    used 6836K, committed 7040K, reserved 1048576K
}
Event: 83966.258 GC heap after
{Heap after GC invocations=2484 (full 2443):
 garbage-first heap   total 109568K, used 34303K [0x00000000a1e00000, 0x0000000100000000)
  region size 1024K, 0 young (0K), 0 survivors (0K)
 Metaspace       used 51881K, committed 52288K, reserved 1097728K
  class space    used 6836K, committed 7040K, reserved 1048576K
}
Event: 83977.189 GC heap before
{Heap before GC invocations=2484 (full 2443):
 garbage-first heap   total 109568K, used 34303K [0x00000000a1e00000, 0x0000000100000000)
  region size 1024K, 1 young (1024K), 0 survivors (0K)
 Metaspace       used 51881K, committed 52288K, reserved 1097728K
  class space    used 6836K, committed 7040K, reserved 1048576K
}
Event: 83977.299 GC heap after
{Heap after GC invocations=2485 (full 2444):
 garbage-first heap   total 109568K, used 34303K [0x00000000a1e00000, 0x0000000100000000)
  region size 1024K, 0 young (0K), 0 survivors (0K)
 Metaspace       used 51881K, committed 52288K, reserved 1097728K
  class space    used 6836K, committed 7040K, reserved 1048576K
}
Event: 83988.574 GC heap before
{Heap before GC invocations=2485 (full 2444):
 garbage-first heap   total 109568K, used 34303K [0x00000000a1e00000, 0x0000000100000000)
  region size 1024K, 1 young (1024K), 0 survivors (0K)
 Metaspace       used 51881K, committed 52288K, reserved 1097728K
  class space    used 6836K, committed 7040K, reserved 1048576K
}
Event: 83988.688 GC heap after
{Heap after GC invocations=2486 (full 2445):
 garbage-first heap   total 109568K, used 34303K [0x00000000a1e00000, 0x0000000100000000)
  region size 1024K, 0 young (0K), 0 survivors (0K)
 Metaspace       used 51881K, committed 52288K, reserved 1097728K
  class space    used 6836K, committed 7040K, reserved 1048576K
}
Event: 84000.265 GC heap before
{Heap before GC invocations=2486 (full 2445):
 garbage-first heap   total 109568K, used 34303K [0x00000000a1e00000, 0x0000000100000000)
  region size 1024K, 1 young (1024K), 0 survivors (0K)
 Metaspace       used 51881K, committed 52288K, reserved 1097728K
  class space    used 6836K, committed 7040K, reserved 1048576K
}
Event: 84000.363 GC heap after
{Heap after GC invocations=2487 (full 2446):
 garbage-first heap   total 109568K, used 34303K [0x00000000a1e00000, 0x0000000100000000)
  region size 1024K, 0 young (0K), 0 survivors (0K)
 Metaspace       used 51881K, committed 52288K, reserved 1097728K
  class space    used 6836K, committed 7040K, reserved 1048576K
}
Event: 84012.352 GC heap before
{Heap before GC invocations=2487 (full 2446):
 garbage-first heap   total 109568K, used 34303K [0x00000000a1e00000, 0x0000000100000000)
  region size 1024K, 1 young (1024K), 0 survivors (0K)
 Metaspace       used 51881K, committed 52288K, reserved 1097728K
  class space    used 6836K, committed 7040K, reserved 1048576K
}
Event: 84012.475 GC heap after
{Heap after GC invocations=2488 (full 2447):
 garbage-first heap   total 109568K, used 34303K [0x00000000a1e00000, 0x0000000100000000)
  region size 1024K, 0 young (0K), 0 survivors (0K)
 Metaspace       used 51881K, committed 52288K, reserved 1097728K
  class space    used 6836K, committed 7040K, reserved 1048576K
}
Event: 84024.188 GC heap before
{Heap before GC invocations=2488 (full 2447):
 garbage-first heap   total 109568K, used 34303K [0x00000000a1e00000, 0x0000000100000000)
  region size 1024K, 1 young (1024K), 0 survivors (0K)
 Metaspace       used 51881K, committed 52288K, reserved 1097728K
  class space    used 6836K, committed 7040K, reserved 1048576K
}
Event: 84024.306 GC heap after
{Heap after GC invocations=2489 (full 2448):
 garbage-first heap   total 109568K, used 34303K [0x00000000a1e00000, 0x0000000100000000)
  region size 1024K, 0 young (0K), 0 survivors (0K)
 Metaspace       used 51881K, committed 52288K, reserved 1097728K
  class space    used 6836K, committed 7040K, reserved 1048576K
}
Event: 84035.915 GC heap before
{Heap before GC invocations=2489 (full 2448):
 garbage-first heap   total 109568K, used 34303K [0x00000000a1e00000, 0x0000000100000000)
  region size 1024K, 1 young (1024K), 0 survivors (0K)
 Metaspace       used 51881K, committed 52288K, reserved 1097728K
  class space    used 6836K, committed 7040K, reserved 1048576K
}
Event: 84036.016 GC heap after
{Heap after GC invocations=2490 (full 2449):
 garbage-first heap   total 109568K, used 34303K [0x00000000a1e00000, 0x0000000100000000)
  region size 1024K, 0 young (0K), 0 survivors (0K)
 Metaspace       used 51881K, committed 52288K, reserved 1097728K
  class space    used 6836K, committed 7040K, reserved 1048576K
}
Event: 84046.951 GC heap before
{Heap before GC invocations=2490 (full 2449):
 garbage-first heap   total 109568K, used 34303K [0x00000000a1e00000, 0x0000000100000000)
  region size 1024K, 1 young (1024K), 0 survivors (0K)
 Metaspace       used 51881K, committed 52288K, reserved 1097728K
  class space    used 6836K, committed 7040K, reserved 1048576K
}
Event: 84047.053 GC heap after
{Heap after GC invocations=2491 (full 2450):
 garbage-first heap   total 109568K, used 34303K [0x00000000a1e00000, 0x0000000100000000)
  region size 1024K, 0 young (0K), 0 survivors (0K)
 Metaspace       used 51881K, committed 52288K, reserved 1097728K
  class space    used 6836K, committed 7040K, reserved 1048576K
}
Event: 84058.300 GC heap before
{Heap before GC invocations=2491 (full 2450):
 garbage-first heap   total 109568K, used 34303K [0x00000000a1e00000, 0x0000000100000000)
  region size 1024K, 1 young (1024K), 0 survivors (0K)
 Metaspace       used 51881K, committed 52288K, reserved 1097728K
  class space    used 6836K, committed 7040K, reserved 1048576K
}
Event: 84058.408 GC heap after
{Heap after GC invocations=2492 (full 2451):
 garbage-first heap   total 109568K, used 34303K [0x00000000a1e00000, 0x0000000100000000)
  region size 1024K, 0 young (0K), 0 survivors (0K)
 Metaspace       used 51881K, committed 52288K, reserved 1097728K
  class space    used 6836K, committed 7040K, reserved 1048576K
}
Event: 84071.759 GC heap before
{Heap before GC invocations=2492 (full 2451):
 garbage-first heap   total 109568K, used 34303K [0x00000000a1e00000, 0x0000000100000000)
  region size 1024K, 1 young (1024K), 0 survivors (0K)
 Metaspace       used 51881K, committed 52288K, reserved 1097728K
  class space    used 6836K, committed 7040K, reserved 1048576K
}
Event: 84071.849 GC heap after
{Heap after GC invocations=2493 (full 2452):
 garbage-first heap   total 109568K, used 34303K [0x00000000a1e00000, 0x0000000100000000)
  region size 1024K, 0 young (0K), 0 survivors (0K)
 Metaspace       used 51881K, committed 52288K, reserved 1097728K
  class space    used 6836K, committed 7040K, reserved 1048576K
}

Deoptimization events (20 events):
Event: 18.425 Thread 0x000001e1944ae4c0 DEOPT PACKING pc=0x000001e18822f95b sp=0x000000a63f9fd120
Event: 18.425 Thread 0x000001e1944ae4c0 DEOPT UNPACKING pc=0x000001e188132b43 sp=0x000000a63f9fc5b8 mode 3
Event: 26.654 Thread 0x000001e192890450 DEOPT PACKING pc=0x000001e1884d6952 sp=0x000000a63ddfdad0
Event: 26.654 Thread 0x000001e192890450 DEOPT UNPACKING pc=0x000001e188132b43 sp=0x000000a63ddfcfd8 mode 3
Event: 27.622 Thread 0x000001e192890450 DEOPT PACKING pc=0x000001e188dab9f4 sp=0x000000a63ddfe340
Event: 27.622 Thread 0x000001e192890450 DEOPT UNPACKING pc=0x000001e188132b43 sp=0x000000a63ddfd838 mode 0
Event: 27.622 Thread 0x000001e192890450 DEOPT PACKING pc=0x000001e188dc2cf4 sp=0x000000a63ddfe410
Event: 27.622 Thread 0x000001e192890450 DEOPT UNPACKING pc=0x000001e188132b43 sp=0x000000a63ddfd8e8 mode 0
Event: 27.622 Thread 0x000001e192890450 DEOPT PACKING pc=0x000001e188d64c24 sp=0x000000a63ddfe4c0
Event: 27.622 Thread 0x000001e192890450 DEOPT UNPACKING pc=0x000001e188132b43 sp=0x000000a63ddfda40 mode 0
Event: 27.623 Thread 0x000001e192890450 DEOPT PACKING pc=0x000001e188d9c02c sp=0x000000a63ddfe7c0
Event: 27.623 Thread 0x000001e192890450 DEOPT UNPACKING pc=0x000001e188132b43 sp=0x000000a63ddfdc50 mode 0
Event: 268.721 Thread 0x000001e194540090 DEOPT PACKING pc=0x000001e18861eb54 sp=0x000000a63f1fec20
Event: 268.721 Thread 0x000001e194540090 DEOPT UNPACKING pc=0x000001e188132b43 sp=0x000000a63f1fe0c8 mode 0
Event: 292.818 Thread 0x000001e1944ae4c0 DEOPT PACKING pc=0x000001e188a62e70 sp=0x000000a63f9fe060
Event: 292.818 Thread 0x000001e1944ae4c0 DEOPT UNPACKING pc=0x000001e188132b43 sp=0x000000a63f9fd558 mode 3
Event: 64441.949 Thread 0x000001e1944ae4c0 DEOPT PACKING pc=0x000001e188f88694 sp=0x000000a63f9fdff0
Event: 64441.949 Thread 0x000001e1944ae4c0 DEOPT UNPACKING pc=0x000001e188132b43 sp=0x000000a63f9fd4a8 mode 3
Event: 73527.528 Thread 0x000001e1944ae4c0 DEOPT PACKING pc=0x000001e188e880c6 sp=0x000000a63f9fd670
Event: 73527.528 Thread 0x000001e1944ae4c0 DEOPT UNPACKING pc=0x000001e188132b43 sp=0x000000a63f9fcb60 mode 3

Classes unloaded (20 events):
Event: 659.379 Thread 0x000001e191c288f0 Unloading class 0x0000000100374800 'java/lang/invoke/LambdaForm$MH+0x0000000100374800'
Event: 64594.157 Thread 0x000001e191c288f0 Unloading class 0x00000001004d8400 'java/lang/invoke/LambdaForm$MH+0x00000001004d8400'
Event: 64594.157 Thread 0x000001e191c288f0 Unloading class 0x00000001004d8000 'java/lang/invoke/LambdaForm$MH+0x00000001004d8000'
Event: 64594.157 Thread 0x000001e191c288f0 Unloading class 0x00000001006c5400 'java/lang/invoke/LambdaForm$MH+0x00000001006c5400'
Event: 64594.157 Thread 0x000001e191c288f0 Unloading class 0x00000001000c9000 'java/lang/invoke/LambdaForm$MH+0x00000001000c9000'
Event: 64594.157 Thread 0x000001e191c288f0 Unloading class 0x00000001000ca000 'java/lang/invoke/LambdaForm$MH+0x00000001000ca000'
Event: 64594.157 Thread 0x000001e191c288f0 Unloading class 0x00000001000ca800 'java/lang/invoke/LambdaForm$MH+0x00000001000ca800'
Event: 64594.157 Thread 0x000001e191c288f0 Unloading class 0x0000000100374800 'java/lang/invoke/LambdaForm$MH+0x0000000100374800'
Event: 73757.377 Thread 0x000001e191c288f0 Unloading class 0x00000001006da000 'java/lang/invoke/LambdaForm$MH+0x00000001006da000'
Event: 73757.377 Thread 0x000001e191c288f0 Unloading class 0x00000001006d9c00 'java/lang/invoke/LambdaForm$MH+0x00000001006d9c00'
Event: 73757.377 Thread 0x000001e191c288f0 Unloading class 0x00000001006d9800 'java/lang/invoke/LambdaForm$MH+0x00000001006d9800'
Event: 73757.377 Thread 0x000001e191c288f0 Unloading class 0x00000001006d9400 'java/lang/invoke/LambdaForm$MH+0x00000001006d9400'
Event: 73757.377 Thread 0x000001e191c288f0 Unloading class 0x00000001006d9000 'java/lang/invoke/LambdaForm$MH+0x00000001006d9000'
Event: 73757.378 Thread 0x000001e191c288f0 Unloading class 0x00000001006d8c00 'java/lang/invoke/LambdaForm$MH+0x00000001006d8c00'
Event: 73757.378 Thread 0x000001e191c288f0 Unloading class 0x00000001006d8800 'java/lang/invoke/LambdaForm$MH+0x00000001006d8800'
Event: 73757.378 Thread 0x000001e191c288f0 Unloading class 0x00000001006d8400 'java/lang/invoke/LambdaForm$MH+0x00000001006d8400'
Event: 73757.378 Thread 0x000001e191c288f0 Unloading class 0x00000001004d8400 'java/lang/invoke/LambdaForm$MH+0x00000001004d8400'
Event: 73757.378 Thread 0x000001e191c288f0 Unloading class 0x00000001004d8000 'java/lang/invoke/LambdaForm$MH+0x00000001004d8000'
Event: 73757.378 Thread 0x000001e191c288f0 Unloading class 0x0000000100374800 'java/lang/invoke/LambdaForm$MH+0x0000000100374800'
Event: 73757.378 Thread 0x000001e191c288f0 Unloading class 0x00000001000ca800 'java/lang/invoke/LambdaForm$MH+0x00000001000ca800'

Classes redefined (0 events):
No events

Internal exceptions (20 events):
Event: 588.269 Thread 0x000001e194540090 Exception <a 'java/lang/reflect/InvocationTargetException'{0x00000000a85547a8}> (0x00000000a85547a8) 
thrown [e:\jenkins\tmp\workspace\build\src\src\hotspot\share\runtime\reflection.cpp, line 1121]
Event: 931.038 Thread 0x000001e194540090 Exception <a 'java/lang/reflect/InvocationTargetException'{0x00000000a8815da0}> (0x00000000a8815da0) 
thrown [e:\jenkins\tmp\workspace\build\src\src\hotspot\share\runtime\reflection.cpp, line 1121]
Event: 60841.042 Thread 0x000001e194540090 Exception <a 'java/lang/reflect/InvocationTargetException'{0x00000000a8816e10}> (0x00000000a8816e10) 
thrown [e:\jenkins\tmp\workspace\build\src\src\hotspot\share\runtime\reflection.cpp, line 1121]
Event: 61045.204 Thread 0x000001e194540090 Exception <a 'java/lang/reflect/InvocationTargetException'{0x00000000a88173f8}> (0x00000000a88173f8) 
thrown [e:\jenkins\tmp\workspace\build\src\src\hotspot\share\runtime\reflection.cpp, line 1121]
Event: 64122.630 Thread 0x000001e194540090 Exception <a 'java/lang/reflect/InvocationTargetException'{0x00000000a88140c0}> (0x00000000a88140c0) 
thrown [e:\jenkins\tmp\workspace\build\src\src\hotspot\share\runtime\reflection.cpp, line 1121]
Event: 64132.631 Thread 0x000001e194540090 Exception <a 'java/lang/reflect/InvocationTargetException'{0x00000000a88dce80}> (0x00000000a88dce80) 
thrown [e:\jenkins\tmp\workspace\build\src\src\hotspot\share\runtime\reflection.cpp, line 1121]
Event: 64141.862 Thread 0x000001e194540090 Exception <a 'java/lang/reflect/InvocationTargetException'{0x00000000a871a6a0}> (0x00000000a871a6a0) 
thrown [e:\jenkins\tmp\workspace\build\src\src\hotspot\share\runtime\reflection.cpp, line 1121]
Event: 64154.030 Thread 0x000001e19453fbc0 Exception <a 'java/lang/NoSuchMethodError'{0x00000000a885fd10}: 'java.lang.Object java.lang.invoke.DirectMethodHandle$Holder.invokeSpecial(java.lang.Object, java.lang.Object, int, java.lang.Object, java.lang.Object)'> (0x00000000a885fd10) 
thrown [e:\jenkins\tmp\workspace\build\src\src\hotspot\share\interpreter\linkResolver.cpp, line 766]
Event: 64312.125 Thread 0x000001e194540090 Exception <a 'java/lang/reflect/InvocationTargetException'{0x00000000a7506578}> (0x00000000a7506578) 
thrown [e:\jenkins\tmp\workspace\build\src\src\hotspot\share\runtime\reflection.cpp, line 1121]
Event: 64374.317 Thread 0x000001e194540090 Exception <a 'java/lang/reflect/InvocationTargetException'{0x00000000a73b2880}> (0x00000000a73b2880) 
thrown [e:\jenkins\tmp\workspace\build\src\src\hotspot\share\runtime\reflection.cpp, line 1121]
Event: 64407.300 Thread 0x000001e194540090 Exception <a 'java/lang/reflect/InvocationTargetException'{0x00000000a7292c08}> (0x00000000a7292c08) 
thrown [e:\jenkins\tmp\workspace\build\src\src\hotspot\share\runtime\reflection.cpp, line 1121]
Event: 64441.949 Thread 0x000001e1944ae4c0 Implicit null exception at 0x000001e188f88588 to 0x000001e188f8868f
Event: 64558.173 Thread 0x000001e194540090 Exception <a 'java/lang/reflect/InvocationTargetException'{0x00000000a88186e0}> (0x00000000a88186e0) 
thrown [e:\jenkins\tmp\workspace\build\src\src\hotspot\share\runtime\reflection.cpp, line 1121]
Event: 64630.858 Thread 0x000001e194540090 Exception <a 'java/lang/reflect/InvocationTargetException'{0x00000000a880de98}> (0x00000000a880de98) 
thrown [e:\jenkins\tmp\workspace\build\src\src\hotspot\share\runtime\reflection.cpp, line 1121]
Event: 65175.794 Thread 0x000001e194540090 Exception <a 'java/lang/reflect/InvocationTargetException'{0x00000000a880f968}> (0x00000000a880f968) 
thrown [e:\jenkins\tmp\workspace\build\src\src\hotspot\share\runtime\reflection.cpp, line 1121]
Event: 73453.630 Thread 0x000001e194540090 Exception <a 'java/lang/reflect/InvocationTargetException'{0x00000000a880a258}> (0x00000000a880a258) 
thrown [e:\jenkins\tmp\workspace\build\src\src\hotspot\share\runtime\reflection.cpp, line 1121]
Event: 73458.854 Thread 0x000001e194540090 Exception <a 'java/lang/reflect/InvocationTargetException'{0x00000000a88209f0}> (0x00000000a88209f0) 
thrown [e:\jenkins\tmp\workspace\build\src\src\hotspot\share\runtime\reflection.cpp, line 1121]
Event: 73527.527 Thread 0x000001e1944ae4c0 Implicit null exception at 0x000001e188e87b25 to 0x000001e188e880c1
Event: 73840.175 Thread 0x000001e194540090 Exception <a 'java/lang/reflect/InvocationTargetException'{0x00000000a8809058}> (0x00000000a8809058) 
thrown [e:\jenkins\tmp\workspace\build\src\src\hotspot\share\runtime\reflection.cpp, line 1121]
Event: 75497.073 Thread 0x000001e194540090 Exception <a 'java/lang/reflect/InvocationTargetException'{0x00000000a880b410}> (0x00000000a880b410) 
thrown [e:\jenkins\tmp\workspace\build\src\src\hotspot\share\runtime\reflection.cpp, line 1121]

VM Operations (20 events):
Event: 83966.259 Executing VM operation: G1CollectFull done
Event: 83977.188 Executing VM operation: G1CollectFull
Event: 83977.299 Executing VM operation: G1CollectFull done
Event: 83988.574 Executing VM operation: G1CollectFull
Event: 83988.688 Executing VM operation: G1CollectFull done
Event: 84000.265 Executing VM operation: G1CollectFull
Event: 84000.363 Executing VM operation: G1CollectFull done
Event: 84012.352 Executing VM operation: G1CollectFull
Event: 84012.475 Executing VM operation: G1CollectFull done
Event: 84024.187 Executing VM operation: G1CollectFull
Event: 84024.307 Executing VM operation: G1CollectFull done
Event: 84035.913 Executing VM operation: G1CollectFull
Event: 84036.017 Executing VM operation: G1CollectFull done
Event: 84046.951 Executing VM operation: G1CollectFull
Event: 84047.053 Executing VM operation: G1CollectFull done
Event: 84058.299 Executing VM operation: G1CollectFull
Event: 84058.409 Executing VM operation: G1CollectFull done
Event: 84071.758 Executing VM operation: G1CollectFull
Event: 84071.849 Executing VM operation: G1CollectFull done
Event: 84083.234 Executing VM operation: G1CollectFull

Events (20 events):
Event: 75343.882 Thread 0x000001e194540f00 Thread added: 0x000001e194540f00
Event: 75343.893 Thread 0x000001e1945430b0 Thread added: 0x000001e1945430b0
Event: 75404.107 Thread 0x000001e194540f00 Thread exited: 0x000001e194540f00
Event: 75446.692 Thread 0x000001e19453f6f0 Thread added: 0x000001e19453f6f0
Event: 75446.696 Thread 0x000001e19453fbc0 Thread added: 0x000001e19453fbc0
Event: 75557.075 Thread 0x000001e19453f6f0 Thread exited: 0x000001e19453f6f0
Event: 75557.091 Thread 0x000001e1945430b0 Thread exited: 0x000001e1945430b0
Event: 75563.625 Thread 0x000001e19453fbc0 Thread exited: 0x000001e19453fbc0
Event: 75565.232 Thread 0x000001e1945418a0 Thread added: 0x000001e1945418a0
Event: 75625.244 Thread 0x000001e1945418a0 Thread exited: 0x000001e1945418a0
Event: 75631.859 Thread 0x000001e194540f00 Thread added: 0x000001e194540f00
Event: 75647.836 Thread 0x000001e1945430b0 Thread added: 0x000001e1945430b0
Event: 75648.522 Thread 0x000001e194541d70 Thread added: 0x000001e194541d70
Event: 75753.669 Thread 0x000001e194541d70 Thread exited: 0x000001e194541d70
Event: 75794.377 Thread 0x000001e1945430b0 Thread exited: 0x000001e1945430b0
Event: 75840.161 Thread 0x000001e194540f00 Thread exited: 0x000001e194540f00
Event: 75925.667 Thread 0x000001e1945430b0 Thread added: 0x000001e1945430b0
Event: 75985.679 Thread 0x000001e1945430b0 Thread exited: 0x000001e1945430b0
Event: 76207.148 Thread 0x000001e194a21a40 Thread added: 0x000001e194a21a40
Event: 76212.293 Thread 0x000001e194a21a40 Thread exited: 0x000001e194a21a40


Dynamic libraries:
0x00007ff65d150000 - 0x00007ff65d15e000 	c:\Users\WendyDeLaCruzLorenzo\.vscode\extensions\redhat.java-1.9.0-win32-x64\jre\17.0.3-win32-x86_64\bin\java.exe
0x00007fff16a30000 - 0x00007fff16c28000 	C:\WINDOWS\SYSTEM32\ntdll.dll
0x00007fff14b10000 - 0x00007fff14bcd000 	C:\WINDOWS\System32\KERNEL32.DLL
0x00007fff14550000 - 0x00007fff1481e000 	C:\WINDOWS\System32\KERNELBASE.dll
0x00007ffef7f00000 - 0x00007ffef7f18000 	c:\Users\WendyDeLaCruzLorenzo\.vscode\extensions\redhat.java-1.9.0-win32-x64\jre\17.0.3-win32-x86_64\bin\jli.dll
0x00007ffef7b80000 - 0x00007ffef7b99000 	c:\Users\WendyDeLaCruzLorenzo\.vscode\extensions\redhat.java-1.9.0-win32-x64\jre\17.0.3-win32-x86_64\bin\VCRUNTIME140.dll
0x00007fff156e0000 - 0x00007fff15880000 	C:\WINDOWS\System32\USER32.dll
0x00007fff148e0000 - 0x00007fff149e0000 	C:\WINDOWS\System32\ucrtbase.dll
0x00007fff14150000 - 0x00007fff14172000 	C:\WINDOWS\System32\win32u.dll
0x00007fff15ed0000 - 0x00007fff15efa000 	C:\WINDOWS\System32\GDI32.dll
0x00007fff02e80000 - 0x00007fff0311a000 	C:\WINDOWS\WinSxS\amd64_microsoft.windows.common-controls_6595b64144ccf1df_6.0.19041.1110_none_60b5254171f9507e\COMCTL32.dll
0x00007fff14180000 - 0x00007fff1428b000 	C:\WINDOWS\System32\gdi32full.dll
0x00007fff14fa0000 - 0x00007fff1503e000 	C:\WINDOWS\System32\msvcrt.dll
0x00007fff14350000 - 0x00007fff143ed000 	C:\WINDOWS\System32\msvcp_win.dll
0x00007fff15df0000 - 0x00007fff15e20000 	C:\WINDOWS\System32\IMM32.DLL
0x000001e183b80000 - 0x000001e183b94000 	C:\WINDOWS\System32\umppc15610.dll
0x00007fff0cb00000 - 0x00007fff0cb0c000 	c:\Users\WendyDeLaCruzLorenzo\.vscode\extensions\redhat.java-1.9.0-win32-x64\jre\17.0.3-win32-x86_64\bin\vcruntime140_1.dll
0x00007ffee4c10000 - 0x00007ffee4ca1000 	c:\Users\WendyDeLaCruzLorenzo\.vscode\extensions\redhat.java-1.9.0-win32-x64\jre\17.0.3-win32-x86_64\bin\msvcp140.dll
0x00007ffe7fb30000 - 0x00007ffe80778000 	c:\Users\WendyDeLaCruzLorenzo\.vscode\extensions\redhat.java-1.9.0-win32-x64\jre\17.0.3-win32-x86_64\bin\server\jvm.dll
0x00007fff15040000 - 0x00007fff150ee000 	C:\WINDOWS\System32\ADVAPI32.dll
0x00007fff14d10000 - 0x00007fff14dac000 	C:\WINDOWS\System32\sechost.dll
0x00007fff14bd0000 - 0x00007fff14cf5000 	C:\WINDOWS\System32\RPCRT4.dll
0x00007fff15de0000 - 0x00007fff15de8000 	C:\WINDOWS\System32\PSAPI.DLL
0x00007fff02440000 - 0x00007fff02449000 	C:\WINDOWS\SYSTEM32\WSOCK32.dll
0x00007fff15d70000 - 0x00007fff15ddb000 	C:\WINDOWS\System32\WS2_32.dll
0x00007fff0b0d0000 - 0x00007fff0b0f7000 	C:\WINDOWS\SYSTEM32\WINMM.dll
0x00007fff0b100000 - 0x00007fff0b10a000 	C:\WINDOWS\SYSTEM32\VERSION.dll
0x00007fff128d0000 - 0x00007fff128e2000 	C:\WINDOWS\SYSTEM32\kernel.appcore.dll
0x00007fff03180000 - 0x00007fff0318a000 	c:\Users\WendyDeLaCruzLorenzo\.vscode\extensions\redhat.java-1.9.0-win32-x64\jre\17.0.3-win32-x86_64\bin\jimage.dll
0x00007fff12690000 - 0x00007fff12874000 	C:\WINDOWS\SYSTEM32\DBGHELP.DLL
0x00007fff00af0000 - 0x00007fff00b1c000 	C:\WINDOWS\SYSTEM32\dbgcore.DLL
0x00007fff14850000 - 0x00007fff148d2000 	C:\WINDOWS\System32\bcryptPrimitives.dll
0x00007ffef73b0000 - 0x00007ffef73d5000 	c:\Users\WendyDeLaCruzLorenzo\.vscode\extensions\redhat.java-1.9.0-win32-x64\jre\17.0.3-win32-x86_64\bin\java.dll
0x00007ffef7330000 - 0x00007ffef7348000 	c:\Users\WendyDeLaCruzLorenzo\.vscode\extensions\redhat.java-1.9.0-win32-x64\jre\17.0.3-win32-x86_64\bin\zip.dll
0x00007fff15ff0000 - 0x00007fff16734000 	C:\WINDOWS\System32\SHELL32.dll
0x00007fff11e20000 - 0x00007fff125b4000 	C:\WINDOWS\SYSTEM32\windows.storage.dll
0x00007fff15380000 - 0x00007fff156d4000 	C:\WINDOWS\System32\combase.dll
0x00007fff13ae0000 - 0x00007fff13b10000 	C:\WINDOWS\SYSTEM32\Wldp.dll
0x00007fff16750000 - 0x00007fff167fd000 	C:\WINDOWS\System32\SHCORE.dll
0x00007fff14a90000 - 0x00007fff14ae5000 	C:\WINDOWS\System32\shlwapi.dll
0x00007fff14090000 - 0x00007fff140af000 	C:\WINDOWS\SYSTEM32\profapi.dll
0x00007ffef72e0000 - 0x00007ffef72f9000 	C:\Users\WendyDeLaCruzLorenzo\.vscode\extensions\redhat.java-1.9.0-win32-x64\jre\17.0.3-win32-x86_64\bin\net.dll
0x00007fff13140000 - 0x00007fff1324a000 	C:\WINDOWS\SYSTEM32\WINHTTP.dll
0x00007fff13840000 - 0x00007fff138aa000 	C:\WINDOWS\system32\mswsock.dll
0x00007ffef71e0000 - 0x00007ffef71f5000 	C:\Users\WendyDeLaCruzLorenzo\.vscode\extensions\redhat.java-1.9.0-win32-x64\jre\17.0.3-win32-x86_64\bin\nio.dll
0x00007fff01410000 - 0x00007fff01420000 	c:\Users\WendyDeLaCruzLorenzo\.vscode\extensions\redhat.java-1.9.0-win32-x64\jre\17.0.3-win32-x86_64\bin\verify.dll
0x00007ffef7b70000 - 0x00007ffef7b79000 	C:\Users\WendyDeLaCruzLorenzo\.vscode\extensions\redhat.java-1.9.0-win32-x64\jre\17.0.3-win32-x86_64\bin\management.dll
0x00007ffef7750000 - 0x00007ffef775b000 	C:\Users\WendyDeLaCruzLorenzo\.vscode\extensions\redhat.java-1.9.0-win32-x64\jre\17.0.3-win32-x86_64\bin\management_ext.dll
0x00007ffeed1a0000 - 0x00007ffeed1b7000 	C:\WINDOWS\system32\napinsp.dll
0x00007ffeed110000 - 0x00007ffeed12b000 	C:\WINDOWS\system32\pnrpnsp.dll
0x00007fff0f3d0000 - 0x00007fff0f3ed000 	C:\WINDOWS\system32\NLAapi.dll
0x00007fff13530000 - 0x00007fff1356b000 	C:\WINDOWS\SYSTEM32\IPHLPAPI.DLL
0x00007fff0e7b0000 - 0x00007fff0e7c5000 	C:\WINDOWS\system32\wshbth.dll
0x00007fff13570000 - 0x00007fff1363a000 	C:\WINDOWS\SYSTEM32\DNSAPI.dll
0x00007fff14d00000 - 0x00007fff14d08000 	C:\WINDOWS\System32\NSI.dll
0x00007ffeed240000 - 0x00007ffeed252000 	C:\WINDOWS\System32\winrnr.dll
0x00007fff042a0000 - 0x00007fff042aa000 	C:\Windows\System32\rasadhlp.dll
0x00007fff02b10000 - 0x00007fff02b90000 	C:\WINDOWS\System32\fwpuclnt.dll
0x00007fff14820000 - 0x00007fff14847000 	C:\WINDOWS\System32\bcrypt.dll
0x00007fff13a30000 - 0x00007fff13a48000 	C:\WINDOWS\SYSTEM32\CRYPTSP.dll
0x00007fff130b0000 - 0x00007fff130e4000 	C:\WINDOWS\system32\rsaenh.dll
0x00007fff14050000 - 0x00007fff1407e000 	C:\WINDOWS\SYSTEM32\USERENV.dll
0x00007fff13a50000 - 0x00007fff13a5c000 	C:\WINDOWS\SYSTEM32\CRYPTBASE.dll
0x00007fff09f10000 - 0x00007fff09f27000 	C:\WINDOWS\SYSTEM32\dhcpcsvc6.DLL
0x00007fff0b110000 - 0x00007fff0b12d000 	C:\WINDOWS\SYSTEM32\dhcpcsvc.DLL

dbghelp: loaded successfully - version: 4.0.5 - missing functions: none
symbol engine: initialized successfully - sym options: 0x614 - pdb path: .;c:\Users\WendyDeLaCruzLorenzo\.vscode\extensions\redhat.java-1.9.0-win32-x64\jre\17.0.3-win32-x86_64\bin;C:\WINDOWS\SYSTEM32;C:\WINDOWS\WinSxS\amd64_microsoft.windows.common-controls_6595b64144ccf1df_6.0.19041.1110_none_60b5254171f9507e;c:\Users\WendyDeLaCruzLorenzo\.vscode\extensions\redhat.java-1.9.0-win32-x64\jre\17.0.3-win32-x86_64\bin\server

VM Arguments:
jvm_args: -Dsts.lsp.client=vscode -Dsts.log.file=/dev/null -XX:TieredStopAtLevel=1 -Dspring.config.location=file:c:\Users\WendyDeLaCruzLorenzo\.vscode\extensions\pivotal.vscode-spring-boot-1.38.0\language-server\BOOT-INF\classes\application.properties 
java_command: org.springframework.ide.vscode.boot.app.BootLanguageServerBootApp
java_class_path (initial): c:\Users\WendyDeLaCruzLorenzo\.vscode\extensions\pivotal.vscode-spring-boot-1.38.0\language-server\BOOT-INF\classes;c:\Users\WendyDeLaCruzLorenzo\.vscode\extensions\pivotal.vscode-spring-boot-1.38.0\language-server\BOOT-INF\lib\annotations-23.0.0.jar;c:\Users\WendyDeLaCruzLorenzo\.vscode\extensions\pivotal.vscode-spring-boot-1.38.0\language-server\BOOT-INF\lib\antlr-runtime-3.5.2.jar;c:\Users\WendyDeLaCruzLorenzo\.vscode\extensions\pivotal.vscode-spring-boot-1.38.0\language-server\BOOT-INF\lib\antlr4-4.9.3.jar;c:\Users\WendyDeLaCruzLorenzo\.vscode\extensions\pivotal.vscode-spring-boot-1.38.0\language-server\BOOT-INF\lib\antlr4-runtime-4.9.3.jar;c:\Users\WendyDeLaCruzLorenzo\.vscode\extensions\pivotal.vscode-spring-boot-1.38.0\language-server\BOOT-INF\lib\asm-9.3.jar;c:\Users\WendyDeLaCruzLorenzo\.vscode\extensions\pivotal.vscode-spring-boot-1.38.0\language-server\BOOT-INF\lib\asm-analysis-9.3.jar;c:\Users\WendyDeLaCruzLorenzo\.vscode\extensions\pivotal.vscode-spring-boot-1.38.0\language-server\BOOT-INF\lib\asm-tree-9.3.jar;c:\Users\WendyDeLaCruzLorenzo\.vscode\extensions\pivotal.vscode-spring-boot-1.38.0\language-server\BOOT-INF\lib\asm-util-9.3.jar;c:\Users\WendyDeLaCruzLorenzo\.vscode\extensions\pivotal.vscode-spring-boot-1.38.0\language-server\BOOT-INF\lib\byte-buddy-1.10.18.jar;c:\Users\WendyDeLaCruzLorenzo\.vscode\extensions\pivotal.vscode-spring-boot-1.38.0\language-server\BOOT-INF\lib\caffeine-2.8.6.jar;c:\Users\WendyDeLaCruzLorenzo\.vscode\extensions\pivotal.vscode-spring-boot-1.38.0\language-server\BOOT-INF\lib\checker-qual-3.12.0.jar;c:\Users\WendyDeLaCruzLorenzo\.vscode\extensions\pivotal.vscode-spring-boot-1.38.0\language-server\BOOT-INF\lib\classgraph-4.8.149.jar;c:\Users\WendyDeLaCruzLorenzo\.vscode\extensions\pivotal.vscode-spring-boot-1.38.0\language-server\BOOT-INF\lib\commons-codec-1.14.jar;c:\Users\WendyDeLaCruzLorenzo\.vscode\extensions\pivotal.vscode-spring-boot-1.38.0\language-server\BOOT-INF\lib\commons-compress-1.
Launcher Type: SUN_STANDARD

[Global flags]
     intx CICompilerCount                          = 4                                         {product} {ergonomic}
     uint ConcGCThreads                            = 2                                         {product} {ergonomic}
     uint G1ConcRefinementThreads                  = 8                                         {product} {ergonomic}
   size_t G1HeapRegionSize                         = 1048576                                   {product} {ergonomic}
    uintx GCDrainStackTargetSize                   = 64                                        {product} {ergonomic}
   size_t InitialHeapSize                          = 100663296                                 {product} {ergonomic}
   size_t MarkStackSize                            = 4194304                                   {product} {ergonomic}
   size_t MaxHeapSize                              = 1579155456                                {product} {ergonomic}
   size_t MaxNewSize                               = 946864128                                 {product} {ergonomic}
   size_t MinHeapDeltaBytes                        = 1048576                                   {product} {ergonomic}
   size_t MinHeapSize                              = 8388608                                   {product} {ergonomic}
    uintx NonProfiledCodeHeapSize                  = 0                                      {pd product} {ergonomic}
     bool ProfileInterpreter                       = false                                  {pd product} {command line}
    uintx ProfiledCodeHeapSize                     = 0                                      {pd product} {ergonomic}
   size_t SoftMaxHeapSize                          = 1579155456                             {manageable} {ergonomic}
     intx TieredStopAtLevel                        = 1                                         {product} {command line}
     bool UseCompressedClassPointers               = true                           {product lp64_product} {ergonomic}
     bool UseCompressedOops                        = true                           {product lp64_product} {ergonomic}
     bool UseG1GC                                  = true                                      {product} {ergonomic}
     bool UseLargePagesIndividualAllocation        = false                                  {pd product} {ergonomic}

Logging:
Log output configuration:
 #0: stdout all=warning uptime,level,tags
 #1: stderr all=off uptime,level,tags

Environment Variables:
PATH=C:\Program Files\Common Files\Oracle\Java\javapath;C:\Program Files (x86)\Common Files\Oracle\Java\javapath;C:\Program Files\AdoptOpenJDK\jdk-11.0.6.10-hotspot\bin;C:\WINDOWS\system32;C:\WINDOWS;C:\WINDOWS\System32\Wbem;C:\WINDOWS\System32\WindowsPowerShell\v1.0\;C:\WINDOWS\System32\OpenSSH\;C:\Program Files\Git\cmd;C:\Program Files\nodejs\;C:\ProgramData\chocolatey\bin;C:\apache-maven-3.8.6\bin;C:\Users\WendyDeLaCruzLorenzo\my-java-projects\spring-2.7.0\bin;C:\Program Files\MySQL\MySQL Shell 8.0\bin\;C:\Users\WendyDeLaCruzLorenzo\AppData\Local\Microsoft\WindowsApps;C:\Users\WendyDeLaCruzLorenzo\Documents\Microsoft VS Code\bin;C:\Users\WendyDeLaCruzLorenzo\AppData\Roaming\npm;C:\Users\WendyDeLaCruzLorenzo\AppData\Local\GitHubDesktop\bin;C:\apache-maven-3.8.6\bin;;C:\Program Files\JetBrains\IntelliJ IDEA 2022.1.3\bin;
USERNAME=WendyDeLaCruzLorenzo
OS=Windows_NT
PROCESSOR_IDENTIFIER=AMD64 Family 23 Model 24 Stepping 1, AuthenticAMD



---------------  S Y S T E M  ---------------

OS:
 Windows 10 , 64 bit Build 19041 (10.0.19041.1889)
OS uptime: 2 days 7:40 hours

CPU: total 8 (initial active 8) (8 cores per cpu, 2 threads per core) family 23 model 24 stepping 1 microcode 0x0, cx8, cmov, fxsr, ht, mmx, 3dnowpref, sse, sse2, sse3, ssse3, sse4a, sse4.1, sse4.2, popcnt, lzcnt, tsc, tscinvbit, avx, avx2, aes, clmul, bmi1, bmi2, adx, sha, fma, vzeroupper, clflush, clflushopt

Memory: 4k page, system-wide physical 6022M (363M free)
TotalPageFile size 24454M (AvailPageFile size 11M)
current process WorkingSet (physical memory assigned to process): 66M, peak: 613M
current process commit charge ("private bytes"): 269M, peak: 681M

vm_info: OpenJDK 64-Bit Server VM (17.0.3+7) for windows-amd64 JRE (17.0.3+7), built on Apr 19 2022 16:55:35 by "" with MS VC++ 16.7 (VS2019)

END.
