#
# There is insufficient memory for the Java Runtime Environment to continue.
# Native memory allocation (mmap) failed to map 133169152 bytes for G1 virtual space
# Possible reasons:
#   The system is out of physical RAM or swap space
#   The process is running with CompressedOops enabled, and the Java Heap may be blocking the growth of the native heap
# Possible solutions:
#   Reduce memory load on the system
#   Increase physical memory or swap space
#   Check if swap backing store is full
#   Decrease Java heap size (-Xmx/-Xms)
#   Decrease number of Java threads
#   Decrease Java thread stack sizes (-Xss)
#   Set larger code cache with -XX:ReservedCodeCacheSize=
#   JVM is running with Unscaled Compressed Oops mode in which the Java heap is
#     placed in the first 4GB address space. The Java Heap base address is the
#     maximum limit for the native heap growth. Please use -XX:HeapBaseMinAddress
#     to set the Java Heap base and to place the Java Heap above 4GB virtual address.
# This output file may be truncated or incomplete.
#
#  Out of Memory Error (os_windows.cpp:3535), pid=15484, tid=19060
#
# JRE version: OpenJDK Runtime Environment Temurin-17.0.3+7 (17.0.3+7) (build 17.0.3+7)
# Java VM: OpenJDK 64-Bit Server VM Temurin-17.0.3+7 (17.0.3+7, mixed mode, emulated-client, tiered, compressed oops, compressed class ptrs, g1 gc, windows-amd64)
# No core dump will be written. Minidumps are not enabled by default on client versions of Windows
#

---------------  S U M M A R Y ------------

Command Line: -Dsts.lsp.client=vscode -Dsts.log.file=/dev/null -XX:TieredStopAtLevel=1 -Dspring.config.location=file:c:\Users\WendyDeLaCruzLorenzo\.vscode\extensions\pivotal.vscode-spring-boot-1.38.0\language-server\BOOT-INF\classes\application.properties org.springframework.ide.vscode.boot.app.BootLanguageServerBootApp

Host: AMD Ryzen 5 PRO 3500U w/ Radeon Vega Mobile Gfx, 8 cores, 5G,  Windows 10 , 64 bit Build 19041 (10.0.19041.1889)
Time: Fri Aug 26 16:35:44 2022 Eastern Daylight Time elapsed time: 6.358575 seconds (0d 0h 0m 6s)

---------------  T H R E A D  ---------------

Current thread (0x000001117886bac0):  VMThread "VM Thread" [stack: 0x00000004b5600000,0x00000004b5700000] [id=19060]

Stack: [0x00000004b5600000,0x00000004b5700000]
Native frames: (J=compiled Java code, j=interpreted, Vv=VM code, C=native code)
V  [jvm.dll+0x675efa]
V  [jvm.dll+0x830a24]
V  [jvm.dll+0x8321ce]
V  [jvm.dll+0x832833]
V  [jvm.dll+0x2454b5]
V  [jvm.dll+0x672de9]
V  [jvm.dll+0x667732]
V  [jvm.dll+0x3043ab]
V  [jvm.dll+0x30b8f6]
V  [jvm.dll+0x35b62e]
V  [jvm.dll+0x35b85f]
V  [jvm.dll+0x2db248]
V  [jvm.dll+0x2d94fc]
V  [jvm.dll+0x2d8acc]
V  [jvm.dll+0x31ca2b]
V  [jvm.dll+0x836cdb]
V  [jvm.dll+0x837a14]
V  [jvm.dll+0x837f2c]
V  [jvm.dll+0x838304]
V  [jvm.dll+0x8383d0]
V  [jvm.dll+0x7e0cfa]
V  [jvm.dll+0x674d85]
C  [ucrtbase.dll+0x21bb2]
C  [KERNEL32.DLL+0x17034]
C  [ntdll.dll+0x52651]

VM_Operation (0x00000004b79fef30): G1CollectForAllocation, mode: safepoint, requested by thread 0x000001117b1d18d0


---------------  P R O C E S S  ---------------

Threads class SMR info:
_java_thread_list=0x0000011179e16410, length=34, elements={
0x00000111788bcb50, 0x00000111788c0920, 0x00000111788fa130, 0x00000111788fcb70,
0x00000111788fd430, 0x00000111789011f0, 0x0000011178901b60, 0x000001117890a470,
0x000001117943fc40, 0x00000111795fee10, 0x000001117960b770, 0x0000011179e5d760,
0x0000011179e5de60, 0x000001117b0b8420, 0x000001117b150430, 0x000001117b16c590,
0x000001116c8ce800, 0x000001117b105a00, 0x000001117b105ed0, 0x000001117b16d060,
0x000001117b16ca60, 0x000001117b16d530, 0x000001117b1d1400, 0x000001117b1d1da0,
0x000001117b1d4420, 0x000001117b1d3f50, 0x000001117b1d18d0, 0x000001117b1d2740,
0x000001117b1d2270, 0x000001117b1d48f0, 0x000001117b1d0f30, 0x000001117b1d2c10,
0x000001117b1d30e0, 0x000001117b1d35b0
}

Java Threads: ( => current thread )
  0x00000111788bcb50 JavaThread "Reference Handler" daemon [_thread_blocked, id=16136, stack(0x00000004b5700000,0x00000004b5800000)]
  0x00000111788c0920 JavaThread "Finalizer" daemon [_thread_blocked, id=19668, stack(0x00000004b5800000,0x00000004b5900000)]
  0x00000111788fa130 JavaThread "Signal Dispatcher" daemon [_thread_blocked, id=20068, stack(0x00000004b5900000,0x00000004b5a00000)]
  0x00000111788fcb70 JavaThread "Attach Listener" daemon [_thread_blocked, id=19836, stack(0x00000004b5a00000,0x00000004b5b00000)]
  0x00000111788fd430 JavaThread "Service Thread" daemon [_thread_blocked, id=16364, stack(0x00000004b5b00000,0x00000004b5c00000)]
  0x00000111789011f0 JavaThread "Monitor Deflation Thread" daemon [_thread_blocked, id=15288, stack(0x00000004b5c00000,0x00000004b5d00000)]
  0x0000011178901b60 JavaThread "C1 CompilerThread0" daemon [_thread_blocked, id=12596, stack(0x00000004b5d00000,0x00000004b5e00000)]
  0x000001117890a470 JavaThread "Sweeper thread" daemon [_thread_blocked, id=18048, stack(0x00000004b5e00000,0x00000004b5f00000)]
  0x000001117943fc40 JavaThread "C1 CompilerThread1" daemon [_thread_blocked, id=20124, stack(0x00000004b5f00000,0x00000004b6000000)]
  0x00000111795fee10 JavaThread "Notification Thread" daemon [_thread_blocked, id=8124, stack(0x00000004b6000000,0x00000004b6100000)]
  0x000001117960b770 JavaThread "Common-Cleaner" daemon [_thread_blocked, id=11180, stack(0x00000004b6200000,0x00000004b6300000)]
  0x0000011179e5d760 JavaThread "C1 CompilerThread2" daemon [_thread_blocked, id=19808, stack(0x00000004b6300000,0x00000004b6400000)]
  0x0000011179e5de60 JavaThread "C1 CompilerThread3" daemon [_thread_blocked, id=3048, stack(0x00000004b6400000,0x00000004b6500000)]
  0x000001117b0b8420 JavaThread "ForkJoinPool.commonPool-worker-1" daemon [_thread_blocked, id=7460, stack(0x00000004b6a00000,0x00000004b6b00000)]
  0x000001117b150430 JavaThread "pool-7-thread-1" [_thread_blocked, id=4480, stack(0x00000004b6e00000,0x00000004b6f00000)]
  0x000001117b16c590 JavaThread "LanguageServerApp-lifecycle" [_thread_blocked, id=20384, stack(0x00000004b6f00000,0x00000004b7000000)]
  0x000001116c8ce800 JavaThread "DestroyJavaVM" [_thread_blocked, id=9876, stack(0x00000004b5000000,0x00000004b5100000)]
  0x000001117b105a00 JavaThread "ClassGraph-worker-0" daemon [_thread_blocked, id=20920, stack(0x00000004b7000000,0x00000004b7100000)]
  0x000001117b105ed0 JavaThread "ClassGraph-worker-1" daemon [_thread_blocked, id=16428, stack(0x00000004b7100000,0x00000004b7200000)]
  0x000001117b16d060 JavaThread "ClassGraph-worker-2" daemon [_thread_blocked, id=12468, stack(0x00000004b7200000,0x00000004b7300000)]
  0x000001117b16ca60 JavaThread "ClassGraph-worker-3" daemon [_thread_blocked, id=7840, stack(0x00000004b7300000,0x00000004b7400000)]
  0x000001117b16d530 JavaThread "ClassGraph-worker-4" daemon [_thread_blocked, id=4396, stack(0x00000004b7400000,0x00000004b7500000)]
  0x000001117b1d1400 JavaThread "ClassGraph-worker-5" daemon [_thread_blocked, id=16392, stack(0x00000004b7500000,0x00000004b7600000)]
  0x000001117b1d1da0 JavaThread "ClassGraph-worker-6" daemon [_thread_blocked, id=6396, stack(0x00000004b7600000,0x00000004b7700000)]
  0x000001117b1d4420 JavaThread "ClassGraph-worker-7" daemon [_thread_blocked, id=16084, stack(0x00000004b7700000,0x00000004b7800000)]
  0x000001117b1d3f50 JavaThread "ClassGraph-worker-8" daemon [_thread_blocked, id=8456, stack(0x00000004b7800000,0x00000004b7900000)]
  0x000001117b1d18d0 JavaThread "ClassGraph-worker-9" daemon [_thread_blocked, id=15552, stack(0x00000004b7900000,0x00000004b7a00000)]
  0x000001117b1d2740 JavaThread "ClassGraph-worker-10" daemon [_thread_blocked, id=20132, stack(0x00000004b7a00000,0x00000004b7b00000)]
  0x000001117b1d2270 JavaThread "ClassGraph-worker-11" daemon [_thread_blocked, id=15316, stack(0x00000004b7b00000,0x00000004b7c00000)]
  0x000001117b1d48f0 JavaThread "ClassGraph-worker-12" daemon [_thread_blocked, id=1616, stack(0x00000004b7c00000,0x00000004b7d00000)]
  0x000001117b1d0f30 JavaThread "ClassGraph-worker-13" daemon [_thread_blocked, id=19744, stack(0x00000004b7d00000,0x00000004b7e00000)]
  0x000001117b1d2c10 JavaThread "pool-8-thread-1" [_thread_in_native, id=9468, stack(0x00000004b7e00000,0x00000004b7f00000)]
  0x000001117b1d30e0 JavaThread "Simple-Language-Server main thread" daemon [_thread_blocked, id=11300, stack(0x00000004b7f00000,0x00000004b8000000)]
  0x000001117b1d35b0 JavaThread "parallel-1" daemon [_thread_blocked, id=19028, stack(0x00000004b8000000,0x00000004b8100000)]

Other Threads:
=>0x000001117886bac0 VMThread "VM Thread" [stack: 0x00000004b5600000,0x00000004b5700000] [id=19060]
  0x00000111795ff2e0 WatcherThread [stack: 0x00000004b6100000,0x00000004b6200000] [id=18788]
  0x000001116c91b430 GCTaskThread "GC Thread#0" [stack: 0x00000004b5100000,0x00000004b5200000] [id=1880]
  0x0000011179ca6e50 GCTaskThread "GC Thread#1" [stack: 0x00000004b6500000,0x00000004b6600000] [id=18700]
  0x0000011179f64150 GCTaskThread "GC Thread#2" [stack: 0x00000004b6600000,0x00000004b6700000] [id=16192]
  0x0000011179f9aa60 GCTaskThread "GC Thread#3" [stack: 0x00000004b6700000,0x00000004b6800000] [id=20524]
  0x0000011179f9ad10 GCTaskThread "GC Thread#4" [stack: 0x00000004b6800000,0x00000004b6900000] [id=8864]
  0x0000011179f9afc0 GCTaskThread "GC Thread#5" [stack: 0x00000004b6900000,0x00000004b6a00000] [id=21120]
  0x000001117a972bc0 GCTaskThread "GC Thread#6" [stack: 0x00000004b6b00000,0x00000004b6c00000] [id=11428]
  0x000001117a972e70 GCTaskThread "GC Thread#7" [stack: 0x00000004b6c00000,0x00000004b6d00000] [id=11136]
  0x000001116c927fb0 ConcurrentGCThread "G1 Main Marker" [stack: 0x00000004b5200000,0x00000004b5300000] [id=12488]
  0x000001116c929160 ConcurrentGCThread "G1 Conc#0" [stack: 0x00000004b5300000,0x00000004b5400000] [id=20256]
  0x000001117ab07a40 ConcurrentGCThread "G1 Conc#1" [stack: 0x00000004b6d00000,0x00000004b6e00000] [id=7208]
  0x0000011178720090 ConcurrentGCThread "G1 Refine#0" [stack: 0x00000004b5400000,0x00000004b5500000] [id=20504]
  0x0000011179e1cc00 ConcurrentGCThread "G1 Refine#1" [stack: 0x00000004b8100000,0x00000004b8200000] [id=19332]
  0x000001117b344290 ConcurrentGCThread "G1 Refine#2" [stack: 0x00000004b8200000,0x00000004b8300000] [id=20708]
  0x0000011178720ab0 ConcurrentGCThread "G1 Service" [stack: 0x00000004b5500000,0x00000004b5600000] [id=12900]

Threads with active compile tasks:
C1 CompilerThread0     6416 3600       1       jdk.internal.jimage.decompressor.CompressedResourceHeader::readFromResource (104 bytes)
C1 CompilerThread1     6417 3602       1       java.nio.HeapByteBuffer::getLong (30 bytes)
C1 CompilerThread2     6417 3594   !   1       io.github.classgraph.Classfile::readConstantPoolEntries (936 bytes)
C1 CompilerThread3     6417 3605   !   1       nonapi.io.github.classgraph.utils.ProxyingInputStream::close (31 bytes)

VM state: at safepoint (normal execution)

VM Mutex/Monitor currently owned by a thread:  ([mutex/lock_event])
[0x000001116a547030] Threads_lock - owner thread: 0x000001117886bac0
[0x000001116c8cc220] Heap_lock - owner thread: 0x000001117b1d18d0

Heap address: 0x00000000a1e00000, size: 1506 MB, Compressed Oops mode: 32-bit

CDS archive(s) not mapped
Compressed class space mapped at: 0x0000000100000000-0x0000000140000000, reserved size: 1073741824
Narrow klass base: 0x0000000000000000, Narrow klass shift: 3, Narrow klass range: 0x140000000

GC Precious Log:
 CPUs: 8 total, 8 available
 Memory: 6022M
 Large Page Support: Disabled
 NUMA Support: Disabled
 Compressed Oops: Enabled (32-bit)
 Heap Region Size: 1M
 Heap Min Capacity: 8M
 Heap Initial Capacity: 96M
 Heap Max Capacity: 1506M
 Pre-touch: Disabled
 Parallel Workers: 8
 Concurrent Workers: 2
 Concurrent Refinement Workers: 8
 Periodic GC: Disabled

Heap:
 garbage-first heap   total 98304K, used 63218K [0x00000000a1e00000, 0x0000000100000000)
  region size 1024K, 2 young (2048K), 2 survivors (2048K)
 Metaspace       used 34868K, committed 35200K, reserved 1081344K
  class space    used 4530K, committed 4672K, reserved 1048576K

Heap Regions: E=young(eden), S=young(survivor), O=old, HS=humongous(starts), HC=humongous(continues), CS=collection set, F=free, OA=open archive, CA=closed archive, TAMS=top-at-mark-start (previous, next)
|   0|0x00000000a1e00000, 0x00000000a1f00000, 0x00000000a1f00000|100%| O|  |TAMS 0x00000000a1f00000, 0x00000000a1f00000| Untracked 
|   1|0x00000000a1f00000, 0x00000000a2000000, 0x00000000a2000000|100%| O|  |TAMS 0x00000000a2000000, 0x00000000a2000000| Untracked 
|   2|0x00000000a2000000, 0x00000000a2100000, 0x00000000a2100000|100%| O|  |TAMS 0x00000000a2100000, 0x00000000a2100000| Untracked 
|   3|0x00000000a2100000, 0x00000000a2200000, 0x00000000a2200000|100%| O|  |TAMS 0x00000000a2200000, 0x00000000a2200000| Untracked 
|   4|0x00000000a2200000, 0x00000000a2300000, 0x00000000a2300000|100%| O|  |TAMS 0x00000000a2300000, 0x00000000a2300000| Untracked 
|   5|0x00000000a2300000, 0x00000000a2400000, 0x00000000a2400000|100%| O|  |TAMS 0x00000000a2400000, 0x00000000a2400000| Untracked 
|   6|0x00000000a2400000, 0x00000000a2500000, 0x00000000a2500000|100%| O|  |TAMS 0x00000000a2500000, 0x00000000a2500000| Untracked 
|   7|0x00000000a2500000, 0x00000000a2600000, 0x00000000a2600000|100%| O|  |TAMS 0x00000000a2500000, 0x00000000a2500000| Untracked 
|   8|0x00000000a2600000, 0x00000000a2700000, 0x00000000a2700000|100%| O|  |TAMS 0x00000000a2700000, 0x00000000a2700000| Untracked 
|   9|0x00000000a2700000, 0x00000000a2800000, 0x00000000a2800000|100%| O|  |TAMS 0x00000000a2800000, 0x00000000a2800000| Untracked 
|  10|0x00000000a2800000, 0x00000000a2900000, 0x00000000a2900000|100%| O|  |TAMS 0x00000000a2900000, 0x00000000a2900000| Untracked 
|  11|0x00000000a2900000, 0x00000000a2a00000, 0x00000000a2a00000|100%| O|  |TAMS 0x00000000a2a00000, 0x00000000a2a00000| Untracked 
|  12|0x00000000a2a00000, 0x00000000a2b00000, 0x00000000a2b00000|100%| O|  |TAMS 0x00000000a2b00000, 0x00000000a2b00000| Untracked 
|  13|0x00000000a2b00000, 0x00000000a2c00000, 0x00000000a2c00000|100%| O|  |TAMS 0x00000000a2c00000, 0x00000000a2c00000| Untracked 
|  14|0x00000000a2c00000, 0x00000000a2d00000, 0x00000000a2d00000|100%| O|  |TAMS 0x00000000a2d00000, 0x00000000a2d00000| Untracked 
|  15|0x00000000a2d00000, 0x00000000a2e00000, 0x00000000a2e00000|100%| O|  |TAMS 0x00000000a2e00000, 0x00000000a2e00000| Untracked 
|  16|0x00000000a2e00000, 0x00000000a2f00000, 0x00000000a2f00000|100%| O|  |TAMS 0x00000000a2f00000, 0x00000000a2f00000| Untracked 
|  17|0x00000000a2f00000, 0x00000000a3000000, 0x00000000a3000000|100%| O|  |TAMS 0x00000000a3000000, 0x00000000a3000000| Untracked 
|  18|0x00000000a3000000, 0x00000000a3100000, 0x00000000a3100000|100%| O|  |TAMS 0x00000000a3100000, 0x00000000a3100000| Untracked 
|  19|0x00000000a3100000, 0x00000000a3200000, 0x00000000a3200000|100%| O|  |TAMS 0x00000000a3200000, 0x00000000a3200000| Untracked 
|  20|0x00000000a3200000, 0x00000000a3300000, 0x00000000a3300000|100%| O|  |TAMS 0x00000000a3300000, 0x00000000a3300000| Untracked 
|  21|0x00000000a3300000, 0x00000000a3400000, 0x00000000a3400000|100%| O|  |TAMS 0x00000000a3400000, 0x00000000a3400000| Untracked 
|  22|0x00000000a3400000, 0x00000000a3500000, 0x00000000a3500000|100%| O|  |TAMS 0x00000000a3500000, 0x00000000a3500000| Untracked 
|  23|0x00000000a3500000, 0x00000000a3600000, 0x00000000a3600000|100%| O|  |TAMS 0x00000000a3600000, 0x00000000a3600000| Untracked 
|  24|0x00000000a3600000, 0x00000000a3700000, 0x00000000a3700000|100%| O|  |TAMS 0x00000000a3700000, 0x00000000a3700000| Untracked 
|  25|0x00000000a3700000, 0x00000000a3800000, 0x00000000a3800000|100%| O|  |TAMS 0x00000000a3800000, 0x00000000a3800000| Untracked 
|  26|0x00000000a3800000, 0x00000000a3900000, 0x00000000a3900000|100%| O|  |TAMS 0x00000000a3900000, 0x00000000a3900000| Untracked 
|  27|0x00000000a3900000, 0x00000000a3a00000, 0x00000000a3a00000|100%| O|  |TAMS 0x00000000a3a00000, 0x00000000a3a00000| Untracked 
|  28|0x00000000a3a00000, 0x00000000a3b00000, 0x00000000a3b00000|100%| O|  |TAMS 0x00000000a3b00000, 0x00000000a3b00000| Untracked 
|  29|0x00000000a3b00000, 0x00000000a3c00000, 0x00000000a3c00000|100%| O|  |TAMS 0x00000000a3c00000, 0x00000000a3c00000| Untracked 
|  30|0x00000000a3c00000, 0x00000000a3d00000, 0x00000000a3d00000|100%| O|  |TAMS 0x00000000a3d00000, 0x00000000a3d00000| Untracked 
|  31|0x00000000a3d00000, 0x00000000a3e00000, 0x00000000a3e00000|100%| O|  |TAMS 0x00000000a3e00000, 0x00000000a3e00000| Untracked 
|  32|0x00000000a3e00000, 0x00000000a3f00000, 0x00000000a3f00000|100%| O|  |TAMS 0x00000000a3f00000, 0x00000000a3f00000| Untracked 
|  33|0x00000000a3f00000, 0x00000000a4000000, 0x00000000a4000000|100%| O|  |TAMS 0x00000000a4000000, 0x00000000a4000000| Untracked 
|  34|0x00000000a4000000, 0x00000000a4100000, 0x00000000a4100000|100%| O|  |TAMS 0x00000000a4100000, 0x00000000a4100000| Untracked 
|  35|0x00000000a4100000, 0x00000000a4200000, 0x00000000a4200000|100%| O|  |TAMS 0x00000000a4200000, 0x00000000a4200000| Untracked 
|  36|0x00000000a4200000, 0x00000000a4300000, 0x00000000a4300000|100%| O|  |TAMS 0x00000000a4300000, 0x00000000a4300000| Untracked 
|  37|0x00000000a4300000, 0x00000000a4400000, 0x00000000a4400000|100%| O|  |TAMS 0x00000000a4400000, 0x00000000a4400000| Untracked 
|  38|0x00000000a4400000, 0x00000000a4500000, 0x00000000a4500000|100%| O|  |TAMS 0x00000000a4500000, 0x00000000a4500000| Untracked 
|  39|0x00000000a4500000, 0x00000000a4600000, 0x00000000a4600000|100%| O|  |TAMS 0x00000000a4600000, 0x00000000a4600000| Untracked 
|  40|0x00000000a4600000, 0x00000000a4700000, 0x00000000a4700000|100%| O|  |TAMS 0x00000000a4700000, 0x00000000a4700000| Untracked 
|  41|0x00000000a4700000, 0x00000000a4800000, 0x00000000a4800000|100%| O|  |TAMS 0x00000000a477fe00, 0x00000000a4800000| Untracked 
|  42|0x00000000a4800000, 0x00000000a4900000, 0x00000000a4900000|100%| O|  |TAMS 0x00000000a4800000, 0x00000000a4900000| Untracked 
|  43|0x00000000a4900000, 0x00000000a4a00000, 0x00000000a4a00000|100%| O|  |TAMS 0x00000000a4900000, 0x00000000a4a00000| Untracked 
|  44|0x00000000a4a00000, 0x00000000a4b00000, 0x00000000a4b00000|100%| O|  |TAMS 0x00000000a4a00000, 0x00000000a4b00000| Untracked 
|  45|0x00000000a4b00000, 0x00000000a4c00000, 0x00000000a4c00000|100%|HS|  |TAMS 0x00000000a4b00000, 0x00000000a4c00000| Complete 
|  46|0x00000000a4c00000, 0x00000000a4d00000, 0x00000000a4d00000|100%|HS|  |TAMS 0x00000000a4c00000, 0x00000000a4d00000| Complete 
|  47|0x00000000a4d00000, 0x00000000a4e00000, 0x00000000a4e00000|100%| O|  |TAMS 0x00000000a4d00000, 0x00000000a4e00000| Untracked 
|  48|0x00000000a4e00000, 0x00000000a4f00000, 0x00000000a4f00000|100%| O|  |TAMS 0x00000000a4e00000, 0x00000000a4f00000| Untracked 
|  49|0x00000000a4f00000, 0x00000000a5000000, 0x00000000a5000000|100%| O|  |TAMS 0x00000000a4f00000, 0x00000000a5000000| Untracked 
|  50|0x00000000a5000000, 0x00000000a5100000, 0x00000000a5100000|100%| O|  |TAMS 0x00000000a5000000, 0x00000000a5100000| Untracked 
|  51|0x00000000a5100000, 0x00000000a5200000, 0x00000000a5200000|100%| O|  |TAMS 0x00000000a5100000, 0x00000000a5200000| Untracked 
|  52|0x00000000a5200000, 0x00000000a5300000, 0x00000000a5300000|100%| O|  |TAMS 0x00000000a5200000, 0x00000000a5300000| Untracked 
|  53|0x00000000a5300000, 0x00000000a5400000, 0x00000000a5400000|100%| O|  |TAMS 0x00000000a5300000, 0x00000000a5400000| Untracked 
|  54|0x00000000a5400000, 0x00000000a5500000, 0x00000000a5500000|100%| O|  |TAMS 0x00000000a5400000, 0x00000000a5500000| Untracked 
|  55|0x00000000a5500000, 0x00000000a5600000, 0x00000000a5600000|100%| O|  |TAMS 0x00000000a5500000, 0x00000000a5600000| Untracked 
|  56|0x00000000a5600000, 0x00000000a5700000, 0x00000000a5700000|100%| O|  |TAMS 0x00000000a5600000, 0x00000000a5700000| Untracked 
|  57|0x00000000a5700000, 0x00000000a5800000, 0x00000000a5800000|100%| O|  |TAMS 0x00000000a5700000, 0x00000000a5800000| Untracked 
|  58|0x00000000a5800000, 0x00000000a5900000, 0x00000000a5900000|100%| O|  |TAMS 0x00000000a5800000, 0x00000000a589e000| Untracked 
|  59|0x00000000a5900000, 0x00000000a59bca00, 0x00000000a5a00000| 73%| O|  |TAMS 0x00000000a5900000, 0x00000000a5900000| Untracked 
|  60|0x00000000a5a00000, 0x00000000a5a00000, 0x00000000a5b00000|  0%| F|  |TAMS 0x00000000a5a00000, 0x00000000a5a00000| Untracked 
|  61|0x00000000a5b00000, 0x00000000a5b00000, 0x00000000a5c00000|  0%| F|  |TAMS 0x00000000a5b00000, 0x00000000a5b00000| Untracked 
|  62|0x00000000a5c00000, 0x00000000a5c00000, 0x00000000a5d00000|  0%| F|  |TAMS 0x00000000a5c00000, 0x00000000a5c00000| Untracked 
|  63|0x00000000a5d00000, 0x00000000a5d00000, 0x00000000a5e00000|  0%| F|  |TAMS 0x00000000a5d00000, 0x00000000a5d00000| Untracked 
|  64|0x00000000a5e00000, 0x00000000a5e00000, 0x00000000a5f00000|  0%| F|  |TAMS 0x00000000a5e00000, 0x00000000a5e00000| Untracked 
|  65|0x00000000a5f00000, 0x00000000a5f00000, 0x00000000a6000000|  0%| F|  |TAMS 0x00000000a5f00000, 0x00000000a5f00000| Untracked 
|  66|0x00000000a6000000, 0x00000000a6000000, 0x00000000a6100000|  0%| F|  |TAMS 0x00000000a6000000, 0x00000000a6000000| Untracked 
|  67|0x00000000a6100000, 0x00000000a6100000, 0x00000000a6200000|  0%| F|  |TAMS 0x00000000a6100000, 0x00000000a6100000| Untracked 
|  68|0x00000000a6200000, 0x00000000a6200000, 0x00000000a6300000|  0%| F|  |TAMS 0x00000000a6200000, 0x00000000a6200000| Untracked 
|  69|0x00000000a6300000, 0x00000000a6300000, 0x00000000a6400000|  0%| F|  |TAMS 0x00000000a6300000, 0x00000000a6300000| Untracked 
|  70|0x00000000a6400000, 0x00000000a6400000, 0x00000000a6500000|  0%| F|  |TAMS 0x00000000a6400000, 0x00000000a6400000| Untracked 
|  71|0x00000000a6500000, 0x00000000a6500000, 0x00000000a6600000|  0%| F|  |TAMS 0x00000000a6500000, 0x00000000a6500000| Untracked 
|  72|0x00000000a6600000, 0x00000000a6600000, 0x00000000a6700000|  0%| F|  |TAMS 0x00000000a6600000, 0x00000000a6600000| Untracked 
|  73|0x00000000a6700000, 0x00000000a6700000, 0x00000000a6800000|  0%| F|  |TAMS 0x00000000a6700000, 0x00000000a6700000| Untracked 
|  74|0x00000000a6800000, 0x00000000a6800000, 0x00000000a6900000|  0%| F|  |TAMS 0x00000000a6800000, 0x00000000a6800000| Untracked 
|  75|0x00000000a6900000, 0x00000000a6900000, 0x00000000a6a00000|  0%| F|  |TAMS 0x00000000a6900000, 0x00000000a6900000| Untracked 
|  76|0x00000000a6a00000, 0x00000000a6a00000, 0x00000000a6b00000|  0%| F|  |TAMS 0x00000000a6a00000, 0x00000000a6a00000| Untracked 
|  77|0x00000000a6b00000, 0x00000000a6b00000, 0x00000000a6c00000|  0%| F|  |TAMS 0x00000000a6b00000, 0x00000000a6b00000| Untracked 
|  78|0x00000000a6c00000, 0x00000000a6c00000, 0x00000000a6d00000|  0%| F|  |TAMS 0x00000000a6c00000, 0x00000000a6c00000| Untracked 
|  79|0x00000000a6d00000, 0x00000000a6e00000, 0x00000000a6e00000|100%| S|CS|TAMS 0x00000000a6d00000, 0x00000000a6d00000| Complete 
|  80|0x00000000a6e00000, 0x00000000a6f00000, 0x00000000a6f00000|100%| S|CS|TAMS 0x00000000a6e00000, 0x00000000a6e00000| Complete 
|  81|0x00000000a6f00000, 0x00000000a6f00000, 0x00000000a7000000|  0%| F|  |TAMS 0x00000000a6f00000, 0x00000000a6f00000| Untracked 
|  82|0x00000000a7000000, 0x00000000a7000000, 0x00000000a7100000|  0%| F|  |TAMS 0x00000000a7000000, 0x00000000a7000000| Untracked 
|  83|0x00000000a7100000, 0x00000000a7100000, 0x00000000a7200000|  0%| F|  |TAMS 0x00000000a7100000, 0x00000000a7100000| Untracked 
|  84|0x00000000a7200000, 0x00000000a7200000, 0x00000000a7300000|  0%| F|  |TAMS 0x00000000a7200000, 0x00000000a7200000| Untracked 
|  85|0x00000000a7300000, 0x00000000a7300000, 0x00000000a7400000|  0%| F|  |TAMS 0x00000000a7300000, 0x00000000a7300000| Untracked 
|  86|0x00000000a7400000, 0x00000000a7400000, 0x00000000a7500000|  0%| F|  |TAMS 0x00000000a7400000, 0x00000000a7400000| Untracked 
|  87|0x00000000a7500000, 0x00000000a7500000, 0x00000000a7600000|  0%| F|  |TAMS 0x00000000a7500000, 0x00000000a7500000| Untracked 
|  88|0x00000000a7600000, 0x00000000a7600000, 0x00000000a7700000|  0%| F|  |TAMS 0x00000000a7600000, 0x00000000a7600000| Untracked 
|  89|0x00000000a7700000, 0x00000000a7700000, 0x00000000a7800000|  0%| F|  |TAMS 0x00000000a7700000, 0x00000000a7700000| Untracked 
|  90|0x00000000a7800000, 0x00000000a7800000, 0x00000000a7900000|  0%| F|  |TAMS 0x00000000a7800000, 0x00000000a7800000| Untracked 
|  91|0x00000000a7900000, 0x00000000a7900000, 0x00000000a7a00000|  0%| F|  |TAMS 0x00000000a7900000, 0x00000000a7900000| Untracked 
|  92|0x00000000a7a00000, 0x00000000a7a00000, 0x00000000a7b00000|  0%| F|  |TAMS 0x00000000a7a00000, 0x00000000a7a00000| Untracked 
|  93|0x00000000a7b00000, 0x00000000a7b00000, 0x00000000a7c00000|  0%| F|  |TAMS 0x00000000a7b00000, 0x00000000a7b00000| Untracked 
|  94|0x00000000a7c00000, 0x00000000a7c00000, 0x00000000a7d00000|  0%| F|  |TAMS 0x00000000a7c00000, 0x00000000a7c00000| Untracked 
|  95|0x00000000a7d00000, 0x00000000a7d00000, 0x00000000a7e00000|  0%| F|  |TAMS 0x00000000a7d00000, 0x00000000a7d00000| Untracked 

Card table byte_map: [0x0000011172960000,0x0000011172c60000] _byte_map_base: 0x0000011172451000

Marking Bits (Prev, Next): (CMBitMap*) 0x000001116c91ba40, (CMBitMap*) 0x000001116c91ba80
 Prev Bits: [0x0000011172f60000, 0x00000111746e8000)
 Next Bits: [0x00000111746f0000, 0x0000011175e78000)

Polling page: 0x000001116a7c0000

Metaspace:

Usage:
  Non-class:     29.63 MB used.
      Class:      4.42 MB used.
       Both:     34.05 MB used.

Virtual space:
  Non-class space:       32.00 MB reserved,      29.81 MB ( 93%) committed,  4 nodes.
      Class space:        1.00 GB reserved,       4.56 MB ( <1%) committed,  1 nodes.
             Both:        1.03 GB reserved,      34.38 MB (  3%) committed. 

Chunk freelists:
   Non-Class:  1.37 MB
       Class:  3.45 MB
        Both:  4.83 MB

MaxMetaspaceSize: unlimited
CompressedClassSpaceSize: 1.00 GB
Initial GC threshold: 21.00 MB
Current GC threshold: 57.12 MB
CDS: off
MetaspaceReclaimPolicy: balanced
 - commit_granule_bytes: 65536.
 - commit_granule_words: 8192.
 - virtual_space_node_default_size: 1048576.
 - enlarge_chunks_in_place: 1.
 - new_chunks_are_fully_committed: 0.
 - uncommit_free_chunks: 1.
 - use_allocation_guard: 0.
 - handle_deallocations: 1.


Internal statistics:

num_allocs_failed_limit: 3.
num_arena_births: 302.
num_arena_deaths: 0.
num_vsnodes_births: 5.
num_vsnodes_deaths: 0.
num_space_committed: 550.
num_space_uncommitted: 0.
num_chunks_returned_to_freelist: 3.
num_chunks_taken_from_freelist: 1281.
num_chunk_merges: 3.
num_chunk_splits: 886.
num_chunks_enlarged: 690.
num_purges: 0.
num_inconsistent_stats: 0.

CodeCache: size=49152Kb used=8780Kb max_used=8780Kb free=40371Kb
 bounds [0x000001116f550000, 0x000001116fdf0000, 0x0000011172550000]
 total_blobs=4122 nmethods=3597 adapters=448
 compilation: enabled
              stopped_count=0, restarted_count=0
 full_count=0

Compilation events (20 events):
Event: 6.325 Thread 0x0000011179e5d760 nmethod 3591 0x000001116fdde490 code [0x000001116fdde640, 0x000001116fdde828]
Event: 6.325 Thread 0x000001117943fc40 nmethod 3588 0x000001116fdde910 code [0x000001116fddeae0, 0x000001116fdded98]
Event: 6.325 Thread 0x0000011179e5d760 3592       1       java.nio.ByteBuffer::get (9 bytes)
Event: 6.325 Thread 0x000001117943fc40 3593       1       java.util.Arrays::fill (28 bytes)
Event: 6.325 Thread 0x0000011179e5d760 nmethod 3592 0x000001116fddef90 code [0x000001116fddf120, 0x000001116fddf228]
Event: 6.325 Thread 0x0000011179e5d760 3594   !   1       io.github.classgraph.Classfile::readConstantPoolEntries (936 bytes)
Event: 6.325 Thread 0x000001117943fc40 nmethod 3593 0x000001116fddf310 code [0x000001116fddf4a0, 0x000001116fddf5e8]
Event: 6.325 Thread 0x000001117943fc40 3595       1       java.util.zip.Inflater::<init> (28 bytes)
Event: 6.325 Thread 0x0000011178901b60 nmethod 3587 0x000001116fddf710 code [0x000001116fddf920, 0x000001116fddfdc8]
Event: 6.325 Thread 0x0000011178901b60 3596       1       nonapi.io.github.classgraph.concurrency.InterruptionChecker::checkAndReturn (37 bytes)
Event: 6.326 Thread 0x000001117943fc40 nmethod 3595 0x000001116fde0210 code [0x000001116fde03e0, 0x000001116fde0778]
Event: 6.326 Thread 0x000001117943fc40 3598   !   1       jdk.internal.misc.ScopedMemoryAccess::getLongUnaligned (22 bytes)
Event: 6.326 Thread 0x0000011178901b60 nmethod 3596 0x000001116fde0910 code [0x000001116fde0ac0, 0x000001116fde0c88]
Event: 6.326 Thread 0x0000011178901b60 3600       1       jdk.internal.jimage.decompressor.CompressedResourceHeader::readFromResource (104 bytes)
Event: 6.326 Thread 0x000001117943fc40 nmethod 3598 0x000001116fde0e10 code [0x000001116fde0fc0, 0x000001116fde1208]
Event: 6.326 Thread 0x000001117943fc40 3604       1       io.github.classgraph.ClasspathElementModule$1::close (65 bytes)
Event: 6.328 Thread 0x000001117943fc40 nmethod 3604 0x000001116fde1410 code [0x000001116fde1600, 0x000001116fde1a38]
Event: 6.328 Thread 0x000001117943fc40 3602       1       java.nio.HeapByteBuffer::getLong (30 bytes)
Event: 6.328 Thread 0x0000011179e5de60 nmethod 3586 0x000001116fde1d10 code [0x000001116fde2000, 0x000001116fde2bd8]
Event: 6.328 Thread 0x0000011179e5de60 3605   !   1       nonapi.io.github.classgraph.utils.ProxyingInputStream::close (31 bytes)

GC Heap History (20 events):
Event: 4.849 GC heap after
{Heap after GC invocations=10 (full 0):
 garbage-first heap   total 58368K, used 21277K [0x00000000a1e00000, 0x0000000100000000)
  region size 1024K, 4 young (4096K), 4 survivors (4096K)
 Metaspace       used 33009K, committed 33280K, reserved 1081344K
  class space    used 4188K, committed 4288K, reserved 1048576K
}
Event: 5.029 GC heap before
{Heap before GC invocations=10 (full 0):
 garbage-first heap   total 58368K, used 40733K [0x00000000a1e00000, 0x0000000100000000)
  region size 1024K, 24 young (24576K), 4 survivors (4096K)
 Metaspace       used 33218K, committed 33536K, reserved 1081344K
  class space    used 4221K, committed 4352K, reserved 1048576K
}
Event: 5.036 GC heap after
{Heap after GC invocations=11 (full 0):
 garbage-first heap   total 58368K, used 25401K [0x00000000a1e00000, 0x0000000100000000)
  region size 1024K, 3 young (3072K), 3 survivors (3072K)
 Metaspace       used 33218K, committed 33536K, reserved 1081344K
  class space    used 4221K, committed 4352K, reserved 1048576K
}
Event: 5.164 GC heap before
{Heap before GC invocations=11 (full 0):
 garbage-first heap   total 58368K, used 42809K [0x00000000a1e00000, 0x0000000100000000)
  region size 1024K, 20 young (20480K), 3 survivors (3072K)
 Metaspace       used 33648K, committed 33920K, reserved 1081344K
  class space    used 4287K, committed 4416K, reserved 1048576K
}
Event: 5.170 GC heap after
{Heap after GC invocations=12 (full 0):
 garbage-first heap   total 58368K, used 29073K [0x00000000a1e00000, 0x0000000100000000)
  region size 1024K, 3 young (3072K), 3 survivors (3072K)
 Metaspace       used 33648K, committed 33920K, reserved 1081344K
  class space    used 4287K, committed 4416K, reserved 1048576K
}
Event: 5.262 GC heap before
{Heap before GC invocations=12 (full 0):
 garbage-first heap   total 58368K, used 43409K [0x00000000a1e00000, 0x0000000100000000)
  region size 1024K, 17 young (17408K), 3 survivors (3072K)
 Metaspace       used 34025K, committed 34304K, reserved 1081344K
  class space    used 4345K, committed 4480K, reserved 1048576K
}
Event: 5.267 GC heap after
{Heap after GC invocations=13 (full 0):
 garbage-first heap   total 72704K, used 31569K [0x00000000a1e00000, 0x0000000100000000)
  region size 1024K, 3 young (3072K), 3 survivors (3072K)
 Metaspace       used 34025K, committed 34304K, reserved 1081344K
  class space    used 4345K, committed 4480K, reserved 1048576K
}
Event: 5.418 GC heap before
{Heap before GC invocations=14 (full 0):
 garbage-first heap   total 72704K, used 53073K [0x00000000a1e00000, 0x0000000100000000)
  region size 1024K, 24 young (24576K), 3 survivors (3072K)
 Metaspace       used 34439K, committed 34752K, reserved 1081344K
  class space    used 4447K, committed 4608K, reserved 1048576K
}
Event: 5.424 GC heap after
{Heap after GC invocations=15 (full 0):
 garbage-first heap   total 72704K, used 35111K [0x00000000a1e00000, 0x0000000100000000)
  region size 1024K, 3 young (3072K), 3 survivors (3072K)
 Metaspace       used 34439K, committed 34752K, reserved 1081344K
  class space    used 4447K, committed 4608K, reserved 1048576K
}
Event: 5.508 GC heap before
{Heap before GC invocations=15 (full 0):
 garbage-first heap   total 72704K, used 54567K [0x00000000a1e00000, 0x0000000100000000)
  region size 1024K, 22 young (22528K), 3 survivors (3072K)
 Metaspace       used 34543K, committed 34816K, reserved 1081344K
  class space    used 4479K, committed 4608K, reserved 1048576K
}
Event: 5.517 GC heap after
{Heap after GC invocations=16 (full 0):
 garbage-first heap   total 72704K, used 41523K [0x00000000a1e00000, 0x0000000100000000)
  region size 1024K, 3 young (3072K), 3 survivors (3072K)
 Metaspace       used 34543K, committed 34816K, reserved 1081344K
  class space    used 4479K, committed 4608K, reserved 1048576K
}
Event: 5.621 GC heap before
{Heap before GC invocations=16 (full 0):
 garbage-first heap   total 87040K, used 54835K [0x00000000a1e00000, 0x0000000100000000)
  region size 1024K, 16 young (16384K), 3 survivors (3072K)
 Metaspace       used 34777K, committed 35072K, reserved 1081344K
  class space    used 4521K, committed 4672K, reserved 1048576K
}
Event: 5.629 GC heap after
{Heap after GC invocations=17 (full 0):
 garbage-first heap   total 87040K, used 44543K [0x00000000a1e00000, 0x0000000100000000)
  region size 1024K, 2 young (2048K), 2 survivors (2048K)
 Metaspace       used 34777K, committed 35072K, reserved 1081344K
  class space    used 4521K, committed 4672K, reserved 1048576K
}
Event: 6.123 GC heap before
{Heap before GC invocations=18 (full 0):
 garbage-first heap   total 87040K, used 58879K [0x00000000a1e00000, 0x0000000100000000)
  region size 1024K, 18 young (18432K), 2 survivors (2048K)
 Metaspace       used 34777K, committed 35072K, reserved 1081344K
  class space    used 4521K, committed 4672K, reserved 1048576K
}
Event: 6.129 GC heap after
{Heap after GC invocations=19 (full 0):
 garbage-first heap   total 87040K, used 48690K [0x00000000a1e00000, 0x0000000100000000)
  region size 1024K, 3 young (3072K), 3 survivors (3072K)
 Metaspace       used 34777K, committed 35072K, reserved 1081344K
  class space    used 4521K, committed 4672K, reserved 1048576K
}
Event: 6.273 GC heap before
{Heap before GC invocations=20 (full 0):
 garbage-first heap   total 96256K, used 67122K [0x00000000a1e00000, 0x0000000100000000)
  region size 1024K, 19 young (19456K), 3 survivors (3072K)
 Metaspace       used 34779K, committed 35072K, reserved 1081344K
  class space    used 4521K, committed 4672K, reserved 1048576K
}
Event: 6.284 GC heap after
{Heap after GC invocations=21 (full 0):
 garbage-first heap   total 96256K, used 58880K [0x00000000a1e00000, 0x0000000100000000)
  region size 1024K, 3 young (3072K), 3 survivors (3072K)
 Metaspace       used 34779K, committed 35072K, reserved 1081344K
  class space    used 4521K, committed 4672K, reserved 1048576K
}
Event: 6.288 GC heap before
{Heap before GC invocations=21 (full 0):
 garbage-first heap   total 96256K, used 59904K [0x00000000a1e00000, 0x0000000100000000)
  region size 1024K, 4 young (4096K), 3 survivors (3072K)
 Metaspace       used 34779K, committed 35072K, reserved 1081344K
  class space    used 4521K, committed 4672K, reserved 1048576K
}
Event: 6.293 GC heap after
{Heap after GC invocations=22 (full 0):
 garbage-first heap   total 96256K, used 59731K [0x00000000a1e00000, 0x0000000100000000)
  region size 1024K, 1 young (1024K), 1 survivors (1024K)
 Metaspace       used 34779K, committed 35072K, reserved 1081344K
  class space    used 4521K, committed 4672K, reserved 1048576K
}
Event: 6.329 GC heap before
{Heap before GC invocations=22 (full 0):
 garbage-first heap   total 96256K, used 70995K [0x00000000a1e00000, 0x0000000100000000)
  region size 1024K, 13 young (13312K), 1 survivors (1024K)
 Metaspace       used 34868K, committed 35200K, reserved 1081344K
  class space    used 4530K, committed 4672K, reserved 1048576K
}

Deoptimization events (16 events):
Event: 1.524 Thread 0x000001116c8ce800 DEOPT PACKING pc=0x000001116f968175 sp=0x00000004b50fdc40
Event: 1.524 Thread 0x000001116c8ce800 DEOPT UNPACKING pc=0x000001116f5a2b43 sp=0x00000004b50fd0b0 mode 3
Event: 2.551 Thread 0x000001116c8ce800 DEOPT PACKING pc=0x000001116fa86c99 sp=0x00000004b50fd3f0
Event: 2.551 Thread 0x000001116c8ce800 DEOPT UNPACKING pc=0x000001116f5a2b43 sp=0x00000004b50fc8d0 mode 3
Event: 3.158 Thread 0x000001116c8ce800 DEOPT PACKING pc=0x000001116fb455f5 sp=0x00000004b50fd0c0
Event: 3.158 Thread 0x000001116c8ce800 DEOPT UNPACKING pc=0x000001116f5a2b43 sp=0x00000004b50fc530 mode 3
Event: 4.324 Thread 0x000001116c8ce800 DEOPT PACKING pc=0x000001116fbe8299 sp=0x00000004b50fc960
Event: 4.324 Thread 0x000001116c8ce800 DEOPT UNPACKING pc=0x000001116f5a2b43 sp=0x00000004b50fbe40 mode 3
Event: 4.438 Thread 0x000001117b0b8420 DEOPT PACKING pc=0x000001116fc48bab sp=0x00000004b6afe4e0
Event: 4.438 Thread 0x000001117b0b8420 DEOPT UNPACKING pc=0x000001116f5a2b43 sp=0x00000004b6afda28 mode 3
Event: 5.048 Thread 0x000001117b1d1400 DEOPT PACKING pc=0x000001116fa89481 sp=0x00000004b75feee0
Event: 5.048 Thread 0x000001117b1d1400 DEOPT UNPACKING pc=0x000001116f5a2b43 sp=0x00000004b75fe370 mode 3
Event: 5.233 Thread 0x000001117b1d30e0 DEOPT PACKING pc=0x000001116fd945b5 sp=0x00000004b7ffdaa0
Event: 5.233 Thread 0x000001117b1d30e0 DEOPT UNPACKING pc=0x000001116f5a2b43 sp=0x00000004b7ffcfc8 mode 3
Event: 5.477 Thread 0x000001117b1d18d0 DEOPT PACKING pc=0x000001116fa81817 sp=0x00000004b79ff180
Event: 5.477 Thread 0x000001117b1d18d0 DEOPT UNPACKING pc=0x000001116f5a2b43 sp=0x00000004b79fe5d8 mode 3

Classes unloaded (0 events):
No events

Classes redefined (0 events):
No events

Internal exceptions (20 events):
Event: 4.621 Thread 0x000001117b105ed0 Exception <a 'sun/nio/fs/WindowsException'{0x00000000a69abb28}> (0x00000000a69abb28) 
thrown [e:\jenkins\tmp\workspace\build\src\src\hotspot\share\prims\jni.cpp, line 516]
Event: 4.621 Thread 0x000001117b105ed0 Exception <a 'sun/nio/fs/WindowsException'{0x00000000a69ac570}> (0x00000000a69ac570) 
thrown [e:\jenkins\tmp\workspace\build\src\src\hotspot\share\prims\jni.cpp, line 516]
Event: 4.621 Thread 0x000001117b105ed0 Exception <a 'sun/nio/fs/WindowsException'{0x00000000a69ac978}> (0x00000000a69ac978) 
thrown [e:\jenkins\tmp\workspace\build\src\src\hotspot\share\prims\jni.cpp, line 516]
Event: 4.622 Thread 0x000001117b105ed0 Exception <a 'sun/nio/fs/WindowsException'{0x00000000a69ad3d0}> (0x00000000a69ad3d0) 
thrown [e:\jenkins\tmp\workspace\build\src\src\hotspot\share\prims\jni.cpp, line 516]
Event: 4.622 Thread 0x000001117b105ed0 Exception <a 'sun/nio/fs/WindowsException'{0x00000000a69ad7e8}> (0x00000000a69ad7e8) 
thrown [e:\jenkins\tmp\workspace\build\src\src\hotspot\share\prims\jni.cpp, line 516]
Event: 4.622 Thread 0x000001117b105ed0 Exception <a 'sun/nio/fs/WindowsException'{0x00000000a69ae258}> (0x00000000a69ae258) 
thrown [e:\jenkins\tmp\workspace\build\src\src\hotspot\share\prims\jni.cpp, line 516]
Event: 4.622 Thread 0x000001117b105ed0 Exception <a 'sun/nio/fs/WindowsException'{0x00000000a69ae690}> (0x00000000a69ae690) 
thrown [e:\jenkins\tmp\workspace\build\src\src\hotspot\share\prims\jni.cpp, line 516]
Event: 4.622 Thread 0x000001117b105ed0 Exception <a 'sun/nio/fs/WindowsException'{0x00000000a69af118}> (0x00000000a69af118) 
thrown [e:\jenkins\tmp\workspace\build\src\src\hotspot\share\prims\jni.cpp, line 516]
Event: 4.623 Thread 0x000001117b105ed0 Exception <a 'sun/nio/fs/WindowsException'{0x00000000a69af568}> (0x00000000a69af568) 
thrown [e:\jenkins\tmp\workspace\build\src\src\hotspot\share\prims\jni.cpp, line 516]
Event: 4.623 Thread 0x000001117b105ed0 Exception <a 'sun/nio/fs/WindowsException'{0x00000000a69affe8}> (0x00000000a69affe8) 
thrown [e:\jenkins\tmp\workspace\build\src\src\hotspot\share\prims\jni.cpp, line 516]
Event: 4.623 Thread 0x000001117b105ed0 Exception <a 'sun/nio/fs/WindowsException'{0x00000000a69b0430}> (0x00000000a69b0430) 
thrown [e:\jenkins\tmp\workspace\build\src\src\hotspot\share\prims\jni.cpp, line 516]
Event: 5.225 Thread 0x000001117b1d30e0 Exception <a 'java/lang/NoSuchMethodError'{0x00000000a4ff71a8}: 'java.lang.Object java.lang.invoke.DirectMethodHandle$Holder.invokeStatic(java.lang.Object, int, java.lang.Object)'> (0x00000000a4ff71a8) 
thrown [e:\jenkins\tmp\workspace\build\src\src\hotspot\share\interpreter\linkResolver.cpp, line 766]
Event: 5.227 Thread 0x000001117b1d2c10 Exception <a 'java/lang/NoSuchMethodError'{0x00000000a4e0a338}: 'java.lang.Object java.lang.invoke.DirectMethodHandle$Holder.invokeStatic(java.lang.Object, java.lang.Object, java.lang.Object, int, java.lang.Object, java.lang.Object)'> (0x00000000a4e0a338) 
thrown [e:\jenkins\tmp\workspace\build\src\src\hotspot\share\interpreter\linkResolver.cpp, line 766]
Event: 5.279 Thread 0x000001117b1d2c10 Exception <a 'java/lang/reflect/InvocationTargetException'{0x00000000a6af4988}> (0x00000000a6af4988) 
thrown [e:\jenkins\tmp\workspace\build\src\src\hotspot\share\runtime\reflection.cpp, line 1121]
Event: 5.288 Thread 0x000001117b1d2c10 Exception <a 'java/lang/reflect/InvocationTargetException'{0x00000000a68a20f0}> (0x00000000a68a20f0) 
thrown [e:\jenkins\tmp\workspace\build\src\src\hotspot\share\runtime\reflection.cpp, line 1121]
Event: 5.293 Thread 0x000001117b1d2c10 Exception <a 'java/lang/reflect/InvocationTargetException'{0x00000000a6047500}> (0x00000000a6047500) 
thrown [e:\jenkins\tmp\workspace\build\src\src\hotspot\share\runtime\reflection.cpp, line 1121]
Event: 5.303 Thread 0x000001117b1d2c10 Exception <a 'java/lang/reflect/InvocationTargetException'{0x00000000a60b5b08}> (0x00000000a60b5b08) 
thrown [e:\jenkins\tmp\workspace\build\src\src\hotspot\share\runtime\reflection.cpp, line 1121]
Event: 5.555 Thread 0x000001117b1d30e0 Exception <a 'java/lang/NoSuchMethodError'{0x00000000a6824368}: 'int java.lang.invoke.DirectMethodHandle$Holder.invokeStatic(java.lang.Object)'> (0x00000000a6824368) 
thrown [e:\jenkins\tmp\workspace\build\src\src\hotspot\share\interpreter\linkResolver.cpp, line 766]
Event: 5.556 Thread 0x000001117b1d30e0 Exception <a 'java/lang/NoSuchMethodError'{0x00000000a6845450}: 'int java.lang.invoke.DirectMethodHandle$Holder.invokeStaticInit(java.lang.Object)'> (0x00000000a6845450) 
thrown [e:\jenkins\tmp\workspace\build\src\src\hotspot\share\interpreter\linkResolver.cpp, line 766]
Event: 5.593 Thread 0x000001117b1d2c10 Exception <a 'java/lang/NoSuchMethodError'{0x00000000a5b432a8}: 'int java.lang.invoke.DirectMethodHandle$Holder.invokeVirtual(java.lang.Object, java.lang.Object)'> (0x00000000a5b432a8) 
thrown [e:\jenkins\tmp\workspace\build\src\src\hotspot\share\interpreter\linkResolver.cpp, line 766]

VM Operations (20 events):
Event: 6.231 Executing VM operation: ICBufferFull done
Event: 6.232 Executing VM operation: ICBufferFull
Event: 6.232 Executing VM operation: ICBufferFull done
Event: 6.233 Executing VM operation: ICBufferFull
Event: 6.233 Executing VM operation: ICBufferFull done
Event: 6.234 Executing VM operation: ICBufferFull
Event: 6.234 Executing VM operation: ICBufferFull done
Event: 6.235 Executing VM operation: ICBufferFull
Event: 6.235 Executing VM operation: ICBufferFull done
Event: 6.236 Executing VM operation: ICBufferFull
Event: 6.236 Executing VM operation: ICBufferFull done
Event: 6.237 Executing VM operation: ICBufferFull
Event: 6.237 Executing VM operation: ICBufferFull done
Event: 6.273 Executing VM operation: G1CollectForAllocation
Event: 6.284 Executing VM operation: G1CollectForAllocation done
Event: 6.288 Executing VM operation: G1CollectForAllocation
Event: 6.293 Executing VM operation: G1CollectForAllocation done
Event: 6.328 Executing VM operation: G1CollectForAllocation
Event: 6.328 Executing VM operation: G1CollectForAllocation done
Event: 6.328 Executing VM operation: G1CollectForAllocation

Events (20 events):
Event: 5.281 loading class java/util/logging/LogRecord done
Event: 5.281 loading class java/util/concurrent/atomic/AtomicLongFieldUpdater
Event: 5.282 loading class java/util/concurrent/atomic/AtomicLongFieldUpdater done
Event: 5.282 loading class java/util/concurrent/atomic/AtomicLongFieldUpdater$CASUpdater
Event: 5.282 loading class java/util/concurrent/atomic/AtomicLongFieldUpdater$CASUpdater done
Event: 5.282 loading class java/util/concurrent/atomic/AtomicLongFieldUpdater$CASUpdater$1
Event: 5.282 loading class java/util/concurrent/atomic/AtomicLongFieldUpdater$CASUpdater$1 done
Event: 5.282 loading class java/io/PrintWriter
Event: 5.283 loading class java/io/PrintWriter done
Event: 5.571 Thread 0x000001117b1d35b0 Thread added: 0x000001117b1d35b0
Event: 5.580 loading class java/util/concurrent/CompletionException
Event: 5.580 loading class java/util/concurrent/CompletionException done
Event: 5.602 loading class sun/nio/cs/StringUTF16
Event: 5.602 loading class sun/nio/cs/StringUTF16 done
Event: 5.615 loading class java/util/WeakHashMap$EntrySet
Event: 5.615 loading class java/util/WeakHashMap$EntrySet done
Event: 5.615 loading class java/util/WeakHashMap$EntryIterator
Event: 5.615 loading class java/util/WeakHashMap$HashIterator
Event: 5.616 loading class java/util/WeakHashMap$HashIterator done
Event: 5.616 loading class java/util/WeakHashMap$EntryIterator done


Dynamic libraries:
0x00007ff65d150000 - 0x00007ff65d15e000 	c:\Users\WendyDeLaCruzLorenzo\.vscode\extensions\redhat.java-1.9.0-win32-x64\jre\17.0.3-win32-x86_64\bin\java.exe
0x00007fff16a30000 - 0x00007fff16c28000 	C:\WINDOWS\SYSTEM32\ntdll.dll
0x00007fff14b10000 - 0x00007fff14bcd000 	C:\WINDOWS\System32\KERNEL32.DLL
0x00007fff14550000 - 0x00007fff1481e000 	C:\WINDOWS\System32\KERNELBASE.dll
0x00007fff148e0000 - 0x00007fff149e0000 	C:\WINDOWS\System32\ucrtbase.dll
0x00007ffef7f00000 - 0x00007ffef7f18000 	c:\Users\WendyDeLaCruzLorenzo\.vscode\extensions\redhat.java-1.9.0-win32-x64\jre\17.0.3-win32-x86_64\bin\jli.dll
0x00007fff02e80000 - 0x00007fff0311a000 	C:\WINDOWS\WinSxS\amd64_microsoft.windows.common-controls_6595b64144ccf1df_6.0.19041.1110_none_60b5254171f9507e\COMCTL32.dll
0x00007ffef7b80000 - 0x00007ffef7b99000 	c:\Users\WendyDeLaCruzLorenzo\.vscode\extensions\redhat.java-1.9.0-win32-x64\jre\17.0.3-win32-x86_64\bin\VCRUNTIME140.dll
0x00007fff156e0000 - 0x00007fff15880000 	C:\WINDOWS\System32\USER32.dll
0x00007fff14fa0000 - 0x00007fff1503e000 	C:\WINDOWS\System32\msvcrt.dll
0x00007fff14150000 - 0x00007fff14172000 	C:\WINDOWS\System32\win32u.dll
0x00007fff15ed0000 - 0x00007fff15efa000 	C:\WINDOWS\System32\GDI32.dll
0x00007fff14180000 - 0x00007fff1428b000 	C:\WINDOWS\System32\gdi32full.dll
0x00007fff14350000 - 0x00007fff143ed000 	C:\WINDOWS\System32\msvcp_win.dll
0x00007fff15df0000 - 0x00007fff15e20000 	C:\WINDOWS\System32\IMM32.DLL
0x000001116a7e0000 - 0x000001116a7f4000 	C:\WINDOWS\System32\umppc15610.dll
0x00007fff0cb00000 - 0x00007fff0cb0c000 	c:\Users\WendyDeLaCruzLorenzo\.vscode\extensions\redhat.java-1.9.0-win32-x64\jre\17.0.3-win32-x86_64\bin\vcruntime140_1.dll
0x00007ffee4c10000 - 0x00007ffee4ca1000 	c:\Users\WendyDeLaCruzLorenzo\.vscode\extensions\redhat.java-1.9.0-win32-x64\jre\17.0.3-win32-x86_64\bin\msvcp140.dll
0x00007ffe7fb30000 - 0x00007ffe80778000 	c:\Users\WendyDeLaCruzLorenzo\.vscode\extensions\redhat.java-1.9.0-win32-x64\jre\17.0.3-win32-x86_64\bin\server\jvm.dll
0x00007fff15040000 - 0x00007fff150ee000 	C:\WINDOWS\System32\ADVAPI32.dll
0x00007fff14d10000 - 0x00007fff14dac000 	C:\WINDOWS\System32\sechost.dll
0x00007fff14bd0000 - 0x00007fff14cf5000 	C:\WINDOWS\System32\RPCRT4.dll
0x00007fff15de0000 - 0x00007fff15de8000 	C:\WINDOWS\System32\PSAPI.DLL
0x00007fff02440000 - 0x00007fff02449000 	C:\WINDOWS\SYSTEM32\WSOCK32.dll
0x00007fff15d70000 - 0x00007fff15ddb000 	C:\WINDOWS\System32\WS2_32.dll
0x00007fff0b0d0000 - 0x00007fff0b0f7000 	C:\WINDOWS\SYSTEM32\WINMM.dll
0x00007fff0b100000 - 0x00007fff0b10a000 	C:\WINDOWS\SYSTEM32\VERSION.dll
0x00007fff128d0000 - 0x00007fff128e2000 	C:\WINDOWS\SYSTEM32\kernel.appcore.dll
0x00007fff03180000 - 0x00007fff0318a000 	c:\Users\WendyDeLaCruzLorenzo\.vscode\extensions\redhat.java-1.9.0-win32-x64\jre\17.0.3-win32-x86_64\bin\jimage.dll
0x00007fff12690000 - 0x00007fff12874000 	C:\WINDOWS\SYSTEM32\DBGHELP.DLL
0x00007fff00af0000 - 0x00007fff00b1c000 	C:\WINDOWS\SYSTEM32\dbgcore.DLL
0x00007fff14850000 - 0x00007fff148d2000 	C:\WINDOWS\System32\bcryptPrimitives.dll
0x00007ffef73b0000 - 0x00007ffef73d5000 	c:\Users\WendyDeLaCruzLorenzo\.vscode\extensions\redhat.java-1.9.0-win32-x64\jre\17.0.3-win32-x86_64\bin\java.dll
0x00007ffef7330000 - 0x00007ffef7348000 	c:\Users\WendyDeLaCruzLorenzo\.vscode\extensions\redhat.java-1.9.0-win32-x64\jre\17.0.3-win32-x86_64\bin\zip.dll
0x00007fff15ff0000 - 0x00007fff16734000 	C:\WINDOWS\System32\SHELL32.dll
0x00007fff11e20000 - 0x00007fff125b4000 	C:\WINDOWS\SYSTEM32\windows.storage.dll
0x00007fff15380000 - 0x00007fff156d4000 	C:\WINDOWS\System32\combase.dll
0x00007fff13ae0000 - 0x00007fff13b10000 	C:\WINDOWS\SYSTEM32\Wldp.dll
0x00007fff16750000 - 0x00007fff167fd000 	C:\WINDOWS\System32\SHCORE.dll
0x00007fff14a90000 - 0x00007fff14ae5000 	C:\WINDOWS\System32\shlwapi.dll
0x00007fff14090000 - 0x00007fff140af000 	C:\WINDOWS\SYSTEM32\profapi.dll
0x00007ffef72e0000 - 0x00007ffef72f9000 	C:\Users\WendyDeLaCruzLorenzo\.vscode\extensions\redhat.java-1.9.0-win32-x64\jre\17.0.3-win32-x86_64\bin\net.dll
0x00007fff13140000 - 0x00007fff1324a000 	C:\WINDOWS\SYSTEM32\WINHTTP.dll
0x00007fff13840000 - 0x00007fff138aa000 	C:\WINDOWS\system32\mswsock.dll
0x00007ffef71e0000 - 0x00007ffef71f5000 	C:\Users\WendyDeLaCruzLorenzo\.vscode\extensions\redhat.java-1.9.0-win32-x64\jre\17.0.3-win32-x86_64\bin\nio.dll
0x00007fff01410000 - 0x00007fff01420000 	c:\Users\WendyDeLaCruzLorenzo\.vscode\extensions\redhat.java-1.9.0-win32-x64\jre\17.0.3-win32-x86_64\bin\verify.dll
0x00007ffef7b70000 - 0x00007ffef7b79000 	C:\Users\WendyDeLaCruzLorenzo\.vscode\extensions\redhat.java-1.9.0-win32-x64\jre\17.0.3-win32-x86_64\bin\management.dll
0x00007ffef7750000 - 0x00007ffef775b000 	C:\Users\WendyDeLaCruzLorenzo\.vscode\extensions\redhat.java-1.9.0-win32-x64\jre\17.0.3-win32-x86_64\bin\management_ext.dll
0x00007ffeed1a0000 - 0x00007ffeed1b7000 	C:\WINDOWS\system32\napinsp.dll
0x00007ffeed110000 - 0x00007ffeed12b000 	C:\WINDOWS\system32\pnrpnsp.dll
0x00007fff0f3d0000 - 0x00007fff0f3ed000 	C:\WINDOWS\system32\NLAapi.dll
0x00007fff13530000 - 0x00007fff1356b000 	C:\WINDOWS\SYSTEM32\IPHLPAPI.DLL
0x00007fff0e7b0000 - 0x00007fff0e7c5000 	C:\WINDOWS\system32\wshbth.dll
0x00007fff13570000 - 0x00007fff1363a000 	C:\WINDOWS\SYSTEM32\DNSAPI.dll
0x00007fff14d00000 - 0x00007fff14d08000 	C:\WINDOWS\System32\NSI.dll
0x00007ffeed240000 - 0x00007ffeed252000 	C:\WINDOWS\System32\winrnr.dll
0x00007fff042a0000 - 0x00007fff042aa000 	C:\Windows\System32\rasadhlp.dll
0x00007fff02b10000 - 0x00007fff02b90000 	C:\WINDOWS\System32\fwpuclnt.dll
0x00007fff14820000 - 0x00007fff14847000 	C:\WINDOWS\System32\bcrypt.dll
0x00007fff13a30000 - 0x00007fff13a48000 	C:\WINDOWS\SYSTEM32\CRYPTSP.dll
0x00007fff130b0000 - 0x00007fff130e4000 	C:\WINDOWS\system32\rsaenh.dll
0x00007fff14050000 - 0x00007fff1407e000 	C:\WINDOWS\SYSTEM32\USERENV.dll
0x00007fff13a50000 - 0x00007fff13a5c000 	C:\WINDOWS\SYSTEM32\CRYPTBASE.dll
0x00007fff09f10000 - 0x00007fff09f27000 	C:\WINDOWS\SYSTEM32\dhcpcsvc6.DLL
0x00007fff0b110000 - 0x00007fff0b12d000 	C:\WINDOWS\SYSTEM32\dhcpcsvc.DLL

dbghelp: loaded successfully - version: 4.0.5 - missing functions: none
symbol engine: initialized successfully - sym options: 0x614 - pdb path: .;c:\Users\WendyDeLaCruzLorenzo\.vscode\extensions\redhat.java-1.9.0-win32-x64\jre\17.0.3-win32-x86_64\bin;C:\WINDOWS\SYSTEM32;C:\WINDOWS\WinSxS\amd64_microsoft.windows.common-controls_6595b64144ccf1df_6.0.19041.1110_none_60b5254171f9507e;c:\Users\WendyDeLaCruzLorenzo\.vscode\extensions\redhat.java-1.9.0-win32-x64\jre\17.0.3-win32-x86_64\bin\server

VM Arguments:
jvm_args: -Dsts.lsp.client=vscode -Dsts.log.file=/dev/null -XX:TieredStopAtLevel=1 -Dspring.config.location=file:c:\Users\WendyDeLaCruzLorenzo\.vscode\extensions\pivotal.vscode-spring-boot-1.38.0\language-server\BOOT-INF\classes\application.properties 
java_command: org.springframework.ide.vscode.boot.app.BootLanguageServerBootApp
java_class_path (initial): c:\Users\WendyDeLaCruzLorenzo\.vscode\extensions\pivotal.vscode-spring-boot-1.38.0\language-server\BOOT-INF\classes;c:\Users\WendyDeLaCruzLorenzo\.vscode\extensions\pivotal.vscode-spring-boot-1.38.0\language-server\BOOT-INF\lib\annotations-23.0.0.jar;c:\Users\WendyDeLaCruzLorenzo\.vscode\extensions\pivotal.vscode-spring-boot-1.38.0\language-server\BOOT-INF\lib\antlr-runtime-3.5.2.jar;c:\Users\WendyDeLaCruzLorenzo\.vscode\extensions\pivotal.vscode-spring-boot-1.38.0\language-server\BOOT-INF\lib\antlr4-4.9.3.jar;c:\Users\WendyDeLaCruzLorenzo\.vscode\extensions\pivotal.vscode-spring-boot-1.38.0\language-server\BOOT-INF\lib\antlr4-runtime-4.9.3.jar;c:\Users\WendyDeLaCruzLorenzo\.vscode\extensions\pivotal.vscode-spring-boot-1.38.0\language-server\BOOT-INF\lib\asm-9.3.jar;c:\Users\WendyDeLaCruzLorenzo\.vscode\extensions\pivotal.vscode-spring-boot-1.38.0\language-server\BOOT-INF\lib\asm-analysis-9.3.jar;c:\Users\WendyDeLaCruzLorenzo\.vscode\extensions\pivotal.vscode-spring-boot-1.38.0\language-server\BOOT-INF\lib\asm-tree-9.3.jar;c:\Users\WendyDeLaCruzLorenzo\.vscode\extensions\pivotal.vscode-spring-boot-1.38.0\language-server\BOOT-INF\lib\asm-util-9.3.jar;c:\Users\WendyDeLaCruzLorenzo\.vscode\extensions\pivotal.vscode-spring-boot-1.38.0\language-server\BOOT-INF\lib\byte-buddy-1.10.18.jar;c:\Users\WendyDeLaCruzLorenzo\.vscode\extensions\pivotal.vscode-spring-boot-1.38.0\language-server\BOOT-INF\lib\caffeine-2.8.6.jar;c:\Users\WendyDeLaCruzLorenzo\.vscode\extensions\pivotal.vscode-spring-boot-1.38.0\language-server\BOOT-INF\lib\checker-qual-3.12.0.jar;c:\Users\WendyDeLaCruzLorenzo\.vscode\extensions\pivotal.vscode-spring-boot-1.38.0\language-server\BOOT-INF\lib\classgraph-4.8.149.jar;c:\Users\WendyDeLaCruzLorenzo\.vscode\extensions\pivotal.vscode-spring-boot-1.38.0\language-server\BOOT-INF\lib\commons-codec-1.14.jar;c:\Users\WendyDeLaCruzLorenzo\.vscode\extensions\pivotal.vscode-spring-boot-1.38.0\language-server\BOOT-INF\lib\commons-compress-1.
Launcher Type: SUN_STANDARD

[Global flags]
     intx CICompilerCount                          = 4                                         {product} {ergonomic}
     uint ConcGCThreads                            = 2                                         {product} {ergonomic}
     uint G1ConcRefinementThreads                  = 8                                         {product} {ergonomic}
   size_t G1HeapRegionSize                         = 1048576                                   {product} {ergonomic}
    uintx GCDrainStackTargetSize                   = 64                                        {product} {ergonomic}
   size_t InitialHeapSize                          = 100663296                                 {product} {ergonomic}
   size_t MarkStackSize                            = 4194304                                   {product} {ergonomic}
   size_t MaxHeapSize                              = 1579155456                                {product} {ergonomic}
   size_t MaxNewSize                               = 946864128                                 {product} {ergonomic}
   size_t MinHeapDeltaBytes                        = 1048576                                   {product} {ergonomic}
   size_t MinHeapSize                              = 8388608                                   {product} {ergonomic}
    uintx NonProfiledCodeHeapSize                  = 0                                      {pd product} {ergonomic}
     bool ProfileInterpreter                       = false                                  {pd product} {command line}
    uintx ProfiledCodeHeapSize                     = 0                                      {pd product} {ergonomic}
   size_t SoftMaxHeapSize                          = 1579155456                             {manageable} {ergonomic}
     intx TieredStopAtLevel                        = 1                                         {product} {command line}
     bool UseCompressedClassPointers               = true                           {product lp64_product} {ergonomic}
     bool UseCompressedOops                        = true                           {product lp64_product} {ergonomic}
     bool UseG1GC                                  = true                                      {product} {ergonomic}
     bool UseLargePagesIndividualAllocation        = false                                  {pd product} {ergonomic}

Logging:
Log output configuration:
 #0: stdout all=warning uptime,level,tags
 #1: stderr all=off uptime,level,tags

Environment Variables:
PATH=C:\Program Files\Common Files\Oracle\Java\javapath;C:\Program Files (x86)\Common Files\Oracle\Java\javapath;C:\Program Files\AdoptOpenJDK\jdk-11.0.6.10-hotspot\bin;C:\WINDOWS\system32;C:\WINDOWS;C:\WINDOWS\System32\Wbem;C:\WINDOWS\System32\WindowsPowerShell\v1.0\;C:\WINDOWS\System32\OpenSSH\;C:\Program Files\Git\cmd;C:\Program Files\nodejs\;C:\ProgramData\chocolatey\bin;C:\apache-maven-3.8.6\bin;C:\Users\WendyDeLaCruzLorenzo\my-java-projects\spring-2.7.0\bin;C:\Program Files\MySQL\MySQL Shell 8.0\bin\;C:\Users\WendyDeLaCruzLorenzo\AppData\Local\Microsoft\WindowsApps;C:\Users\WendyDeLaCruzLorenzo\Documents\Microsoft VS Code\bin;C:\Users\WendyDeLaCruzLorenzo\AppData\Roaming\npm;C:\Users\WendyDeLaCruzLorenzo\AppData\Local\GitHubDesktop\bin;C:\apache-maven-3.8.6\bin;;C:\Program Files\JetBrains\IntelliJ IDEA 2022.1.3\bin;
USERNAME=WendyDeLaCruzLorenzo
OS=Windows_NT
PROCESSOR_IDENTIFIER=AMD64 Family 23 Model 24 Stepping 1, AuthenticAMD



---------------  S Y S T E M  ---------------

OS:
 Windows 10 , 64 bit Build 19041 (10.0.19041.1889)
OS uptime: 2 days 7:40 hours

CPU: total 8 (initial active 8) (8 cores per cpu, 2 threads per core) family 23 model 24 stepping 1 microcode 0x0, cx8, cmov, fxsr, ht, mmx, 3dnowpref, sse, sse2, sse3, ssse3, sse4a, sse4.1, sse4.2, popcnt, lzcnt, tsc, tscinvbit, avx, avx2, aes, clmul, bmi1, bmi2, adx, sha, fma, vzeroupper, clflush, clflushopt

Memory: 4k page, system-wide physical 6022M (410M free)
TotalPageFile size 24454M (AvailPageFile size 61M)
current process WorkingSet (physical memory assigned to process): 187M, peak: 187M
current process commit charge ("private bytes"): 229M, peak: 356M

vm_info: OpenJDK 64-Bit Server VM (17.0.3+7) for windows-amd64 JRE (17.0.3+7), built on Apr 19 2022 16:55:35 by "" with MS VC++ 16.7 (VS2019)

END.
