#
# There is insufficient memory for the Java Runtime Environment to continue.
# Native memory allocation (mmap) failed to map 16777216 bytes for G1 virtual space
# Possible reasons:
#   The system is out of physical RAM or swap space
#   The process is running with CompressedOops enabled, and the Java Heap may be blocking the growth of the native heap
# Possible solutions:
#   Reduce memory load on the system
#   Increase physical memory or swap space
#   Check if swap backing store is full
#   Decrease Java heap size (-Xmx/-Xms)
#   Decrease number of Java threads
#   Decrease Java thread stack sizes (-Xss)
#   Set larger code cache with -XX:ReservedCodeCacheSize=
#   JVM is running with Unscaled Compressed Oops mode in which the Java heap is
#     placed in the first 4GB address space. The Java Heap base address is the
#     maximum limit for the native heap growth. Please use -XX:HeapBaseMinAddress
#     to set the Java Heap base and to place the Java Heap above 4GB virtual address.
# This output file may be truncated or incomplete.
#
#  Out of Memory Error (os_windows.cpp:3535), pid=9208, tid=11312
#
# JRE version: OpenJDK Runtime Environment Temurin-17.0.3+7 (17.0.3+7) (build 17.0.3+7)
# Java VM: OpenJDK 64-Bit Server VM Temurin-17.0.3+7 (17.0.3+7, mixed mode, emulated-client, tiered, compressed oops, compressed class ptrs, g1 gc, windows-amd64)
# No core dump will be written. Minidumps are not enabled by default on client versions of Windows
#

---------------  S U M M A R Y ------------

Command Line: -Dsts.lsp.client=vscode -Dsts.log.file=/dev/null -XX:TieredStopAtLevel=1 -Dspring.config.location=file:c:\Users\WendyDeLaCruzLorenzo\.vscode\extensions\pivotal.vscode-spring-boot-1.38.0\language-server\BOOT-INF\classes\application.properties org.springframework.ide.vscode.boot.app.BootLanguageServerBootApp

Host: AMD Ryzen 5 PRO 3500U w/ Radeon Vega Mobile Gfx, 8 cores, 5G,  Windows 10 , 64 bit Build 19041 (10.0.19041.1889)
Time: Fri Aug 26 16:35:51 2022 Eastern Daylight Time elapsed time: 6.446840 seconds (0d 0h 0m 6s)

---------------  T H R E A D  ---------------

Current thread (0x0000016c3480a3e0):  VMThread "VM Thread" [stack: 0x000000337f600000,0x000000337f700000] [id=11312]

Stack: [0x000000337f600000,0x000000337f700000]
Native frames: (J=compiled Java code, j=interpreted, Vv=VM code, C=native code)
V  [jvm.dll+0x675efa]
V  [jvm.dll+0x830a24]
V  [jvm.dll+0x8321ce]
V  [jvm.dll+0x832833]
V  [jvm.dll+0x2454b5]
V  [jvm.dll+0x672de9]
V  [jvm.dll+0x667732]
V  [jvm.dll+0x3043ab]
V  [jvm.dll+0x30b8f6]
V  [jvm.dll+0x35b62e]
V  [jvm.dll+0x35b85f]
V  [jvm.dll+0x2db248]
V  [jvm.dll+0x2d94fc]
V  [jvm.dll+0x2d8acc]
V  [jvm.dll+0x31ca2b]
V  [jvm.dll+0x836cdb]
V  [jvm.dll+0x837a14]
V  [jvm.dll+0x837f2c]
V  [jvm.dll+0x838304]
V  [jvm.dll+0x8383d0]
V  [jvm.dll+0x7e0cfa]
V  [jvm.dll+0x674d85]
C  [ucrtbase.dll+0x21bb2]
C  [KERNEL32.DLL+0x17034]
C  [ntdll.dll+0x52651]

VM_Operation (0x00000033017fde90): G1CollectForAllocation, mode: safepoint, requested by thread 0x0000016c372070c0


---------------  P R O C E S S  ---------------

Threads class SMR info:
_java_thread_list=0x0000016c38d39cc0, length=34, elements={
0x0000016c3485bb50, 0x0000016c3485e830, 0x0000016c34899130, 0x0000016c3489ab60,
0x0000016c3489b420, 0x0000016c3489f1e0, 0x0000016c3489fb50, 0x0000016c348a8460,
0x0000016c354befd0, 0x0000016c355f4440, 0x0000016c3560b420, 0x0000016c35ecbff0,
0x0000016c35ecc500, 0x0000016c3702f0c0, 0x0000016c371669d0, 0x0000016c37131030,
0x0000016c28810910, 0x0000016c371ea370, 0x0000016c37203010, 0x0000016c372034e0,
0x0000016c372066d0, 0x0000016c37206ba0, 0x0000016c37207f30, 0x0000016c37209c10,
0x0000016c372070c0, 0x0000016c37207a60, 0x0000016c37208400, 0x0000016c372088d0,
0x0000016c3720a5b0, 0x0000016c3720aa80, 0x0000016c37207590, 0x0000016c37208da0,
0x0000016c37209270, 0x0000016c37209740
}

Java Threads: ( => current thread )
  0x0000016c3485bb50 JavaThread "Reference Handler" daemon [_thread_blocked, id=13452, stack(0x000000337f700000,0x000000337f800000)]
  0x0000016c3485e830 JavaThread "Finalizer" daemon [_thread_blocked, id=11444, stack(0x000000337f800000,0x000000337f900000)]
  0x0000016c34899130 JavaThread "Signal Dispatcher" daemon [_thread_blocked, id=12496, stack(0x000000337f900000,0x000000337fa00000)]
  0x0000016c3489ab60 JavaThread "Attach Listener" daemon [_thread_blocked, id=17948, stack(0x000000337fa00000,0x000000337fb00000)]
  0x0000016c3489b420 JavaThread "Service Thread" daemon [_thread_blocked, id=1760, stack(0x000000337fb00000,0x000000337fc00000)]
  0x0000016c3489f1e0 JavaThread "Monitor Deflation Thread" daemon [_thread_blocked, id=6112, stack(0x000000337fc00000,0x000000337fd00000)]
  0x0000016c3489fb50 JavaThread "C1 CompilerThread0" daemon [_thread_blocked, id=11828, stack(0x000000337fd00000,0x000000337fe00000)]
  0x0000016c348a8460 JavaThread "Sweeper thread" daemon [_thread_blocked, id=11276, stack(0x000000337fe00000,0x000000337ff00000)]
  0x0000016c354befd0 JavaThread "C1 CompilerThread1" daemon [_thread_blocked, id=17820, stack(0x000000337ff00000,0x0000003380000000)]
  0x0000016c355f4440 JavaThread "Notification Thread" daemon [_thread_blocked, id=18552, stack(0x0000003300000000,0x0000003300100000)]
  0x0000016c3560b420 JavaThread "Common-Cleaner" daemon [_thread_blocked, id=21280, stack(0x0000003300200000,0x0000003300300000)]
  0x0000016c35ecbff0 JavaThread "C1 CompilerThread2" daemon [_thread_blocked, id=18768, stack(0x0000003300300000,0x0000003300400000)]
  0x0000016c35ecc500 JavaThread "C1 CompilerThread3" daemon [_thread_blocked, id=960, stack(0x0000003300400000,0x0000003300500000)]
  0x0000016c3702f0c0 JavaThread "ForkJoinPool.commonPool-worker-1" daemon [_thread_blocked, id=20668, stack(0x0000003300a00000,0x0000003300b00000)]
  0x0000016c371669d0 JavaThread "pool-7-thread-1" [_thread_blocked, id=17232, stack(0x0000003300e00000,0x0000003300f00000)]
  0x0000016c37131030 JavaThread "LanguageServerApp-lifecycle" [_thread_blocked, id=2772, stack(0x0000003300f00000,0x0000003301000000)]
  0x0000016c28810910 JavaThread "DestroyJavaVM" [_thread_blocked, id=20408, stack(0x000000337f000000,0x000000337f100000)]
  0x0000016c371ea370 JavaThread "ClassGraph-worker-0" daemon [_thread_blocked, id=18736, stack(0x0000003301000000,0x0000003301100000)]
  0x0000016c37203010 JavaThread "ClassGraph-worker-1" daemon [_thread_blocked, id=5436, stack(0x0000003301100000,0x0000003301200000)]
  0x0000016c372034e0 JavaThread "ClassGraph-worker-2" daemon [_thread_blocked, id=15292, stack(0x0000003301200000,0x0000003301300000)]
  0x0000016c372066d0 JavaThread "ClassGraph-worker-3" daemon [_thread_blocked, id=21028, stack(0x0000003301300000,0x0000003301400000)]
  0x0000016c37206ba0 JavaThread "ClassGraph-worker-4" daemon [_thread_blocked, id=16980, stack(0x0000003301400000,0x0000003301500000)]
  0x0000016c37207f30 JavaThread "ClassGraph-worker-5" daemon [_thread_blocked, id=8992, stack(0x0000003301500000,0x0000003301600000)]
  0x0000016c37209c10 JavaThread "ClassGraph-worker-6" daemon [_thread_blocked, id=16236, stack(0x0000003301600000,0x0000003301700000)]
  0x0000016c372070c0 JavaThread "ClassGraph-worker-7" daemon [_thread_blocked, id=20332, stack(0x0000003301700000,0x0000003301800000)]
  0x0000016c37207a60 JavaThread "ClassGraph-worker-8" daemon [_thread_blocked, id=8412, stack(0x0000003301800000,0x0000003301900000)]
  0x0000016c37208400 JavaThread "ClassGraph-worker-9" daemon [_thread_blocked, id=18352, stack(0x0000003301900000,0x0000003301a00000)]
  0x0000016c372088d0 JavaThread "ClassGraph-worker-10" daemon [_thread_blocked, id=18816, stack(0x0000003301a00000,0x0000003301b00000)]
  0x0000016c3720a5b0 JavaThread "ClassGraph-worker-11" daemon [_thread_blocked, id=18276, stack(0x0000003301b00000,0x0000003301c00000)]
  0x0000016c3720aa80 JavaThread "ClassGraph-worker-12" daemon [_thread_blocked, id=8732, stack(0x0000003301c00000,0x0000003301d00000)]
  0x0000016c37207590 JavaThread "ClassGraph-worker-13" daemon [_thread_blocked, id=6348, stack(0x0000003301d00000,0x0000003301e00000)]
  0x0000016c37208da0 JavaThread "pool-8-thread-1" [_thread_in_native, id=5060, stack(0x0000003301e00000,0x0000003301f00000)]
  0x0000016c37209270 JavaThread "Simple-Language-Server main thread" daemon [_thread_blocked, id=13556, stack(0x0000003301f00000,0x0000003302000000)]
  0x0000016c37209740 JavaThread "parallel-1" daemon [_thread_blocked, id=16796, stack(0x0000003302000000,0x0000003302100000)]

Other Threads:
=>0x0000016c3480a3e0 VMThread "VM Thread" [stack: 0x000000337f600000,0x000000337f700000] [id=11312]
  0x0000016c355f4910 WatcherThread [stack: 0x0000003300100000,0x0000003300200000] [id=21152]
  0x0000016c2885d0a0 GCTaskThread "GC Thread#0" [stack: 0x000000337f100000,0x000000337f200000] [id=8264]
  0x0000016c35f6acc0 GCTaskThread "GC Thread#1" [stack: 0x0000003300500000,0x0000003300600000] [id=20704]
  0x0000016c35fa58f0 GCTaskThread "GC Thread#2" [stack: 0x0000003300600000,0x0000003300700000] [id=17728]
  0x0000016c35faf8c0 GCTaskThread "GC Thread#3" [stack: 0x0000003300700000,0x0000003300800000] [id=16308]
  0x0000016c35fb1b80 GCTaskThread "GC Thread#4" [stack: 0x0000003300800000,0x0000003300900000] [id=20696]
  0x0000016c35fb1e30 GCTaskThread "GC Thread#5" [stack: 0x0000003300900000,0x0000003300a00000] [id=4508]
  0x0000016c36a3fde0 GCTaskThread "GC Thread#6" [stack: 0x0000003300b00000,0x0000003300c00000] [id=12000]
  0x0000016c36a470e0 GCTaskThread "GC Thread#7" [stack: 0x0000003300c00000,0x0000003300d00000] [id=9636]
  0x0000016c28869c20 ConcurrentGCThread "G1 Main Marker" [stack: 0x000000337f200000,0x000000337f300000] [id=16596]
  0x0000016c2886add0 ConcurrentGCThread "G1 Conc#0" [stack: 0x000000337f300000,0x000000337f400000] [id=12124]
  0x0000016c36b8a220 ConcurrentGCThread "G1 Conc#1" [stack: 0x0000003300d00000,0x0000003300e00000] [id=5820]
  0x0000016c346c0090 ConcurrentGCThread "G1 Refine#0" [stack: 0x000000337f400000,0x000000337f500000] [id=4988]
  0x0000016c346c0ab0 ConcurrentGCThread "G1 Service" [stack: 0x000000337f500000,0x000000337f600000] [id=10136]

Threads with active compile tasks:

VM state: at safepoint (normal execution)

VM Mutex/Monitor currently owned by a thread:  ([mutex/lock_event])
[0x0000016c26689b60] Threads_lock - owner thread: 0x0000016c3480a3e0
[0x0000016c2880d1c0] Heap_lock - owner thread: 0x0000016c372070c0

Heap address: 0x00000000a1e00000, size: 1506 MB, Compressed Oops mode: 32-bit

CDS archive(s) not mapped
Compressed class space mapped at: 0x0000000100000000-0x0000000140000000, reserved size: 1073741824
Narrow klass base: 0x0000000000000000, Narrow klass shift: 3, Narrow klass range: 0x140000000

GC Precious Log:
 CPUs: 8 total, 8 available
 Memory: 6022M
 Large Page Support: Disabled
 NUMA Support: Disabled
 Compressed Oops: Enabled (32-bit)
 Heap Region Size: 1M
 Heap Min Capacity: 8M
 Heap Initial Capacity: 96M
 Heap Max Capacity: 1506M
 Pre-touch: Disabled
 Parallel Workers: 8
 Concurrent Workers: 2
 Concurrent Refinement Workers: 8
 Periodic GC: Disabled

Heap:
 garbage-first heap   total 81920K, used 46962K [0x00000000a1e00000, 0x0000000100000000)
  region size 1024K, 2 young (2048K), 2 survivors (2048K)
 Metaspace       used 34777K, committed 35072K, reserved 1081344K
  class space    used 4520K, committed 4672K, reserved 1048576K

Heap Regions: E=young(eden), S=young(survivor), O=old, HS=humongous(starts), HC=humongous(continues), CS=collection set, F=free, OA=open archive, CA=closed archive, TAMS=top-at-mark-start (previous, next)
|   0|0x00000000a1e00000, 0x00000000a1f00000, 0x00000000a1f00000|100%| O|  |TAMS 0x00000000a1f00000, 0x00000000a1f00000| Untracked 
|   1|0x00000000a1f00000, 0x00000000a1fe5e00, 0x00000000a2000000| 89%| O|  |TAMS 0x00000000a1f00000, 0x00000000a1f00000| Untracked 
|   2|0x00000000a2000000, 0x00000000a2100000, 0x00000000a2100000|100%| O|  |TAMS 0x00000000a2100000, 0x00000000a2100000| Untracked 
|   3|0x00000000a2100000, 0x00000000a2200000, 0x00000000a2200000|100%| O|  |TAMS 0x00000000a2200000, 0x00000000a2200000| Untracked 
|   4|0x00000000a2200000, 0x00000000a2300000, 0x00000000a2300000|100%| O|  |TAMS 0x00000000a2300000, 0x00000000a2300000| Untracked 
|   5|0x00000000a2300000, 0x00000000a2400000, 0x00000000a2400000|100%| O|  |TAMS 0x00000000a2400000, 0x00000000a2400000| Untracked 
|   6|0x00000000a2400000, 0x00000000a2500000, 0x00000000a2500000|100%| O|  |TAMS 0x00000000a2500000, 0x00000000a2500000| Untracked 
|   7|0x00000000a2500000, 0x00000000a25f6c00, 0x00000000a2600000| 96%| O|  |TAMS 0x00000000a25f6c00, 0x00000000a25f6c00| Untracked 
|   8|0x00000000a2600000, 0x00000000a2700000, 0x00000000a2700000|100%| O|  |TAMS 0x00000000a2700000, 0x00000000a2700000| Untracked 
|   9|0x00000000a2700000, 0x00000000a2800000, 0x00000000a2800000|100%| O|  |TAMS 0x00000000a2800000, 0x00000000a2800000| Untracked 
|  10|0x00000000a2800000, 0x00000000a2900000, 0x00000000a2900000|100%| O|  |TAMS 0x00000000a2900000, 0x00000000a2900000| Untracked 
|  11|0x00000000a2900000, 0x00000000a2a00000, 0x00000000a2a00000|100%| O|  |TAMS 0x00000000a2a00000, 0x00000000a2a00000| Untracked 
|  12|0x00000000a2a00000, 0x00000000a2b00000, 0x00000000a2b00000|100%| O|  |TAMS 0x00000000a2b00000, 0x00000000a2b00000| Untracked 
|  13|0x00000000a2b00000, 0x00000000a2c00000, 0x00000000a2c00000|100%| O|  |TAMS 0x00000000a2c00000, 0x00000000a2c00000| Untracked 
|  14|0x00000000a2c00000, 0x00000000a2d00000, 0x00000000a2d00000|100%| O|  |TAMS 0x00000000a2d00000, 0x00000000a2d00000| Untracked 
|  15|0x00000000a2d00000, 0x00000000a2e00000, 0x00000000a2e00000|100%| O|  |TAMS 0x00000000a2e00000, 0x00000000a2e00000| Untracked 
|  16|0x00000000a2e00000, 0x00000000a2f00000, 0x00000000a2f00000|100%| O|  |TAMS 0x00000000a2f00000, 0x00000000a2f00000| Untracked 
|  17|0x00000000a2f00000, 0x00000000a3000000, 0x00000000a3000000|100%| O|  |TAMS 0x00000000a3000000, 0x00000000a3000000| Untracked 
|  18|0x00000000a3000000, 0x00000000a3100000, 0x00000000a3100000|100%| O|  |TAMS 0x00000000a3100000, 0x00000000a3100000| Untracked 
|  19|0x00000000a3100000, 0x00000000a3200000, 0x00000000a3200000|100%| O|  |TAMS 0x00000000a3200000, 0x00000000a3200000| Untracked 
|  20|0x00000000a3200000, 0x00000000a3300000, 0x00000000a3300000|100%| O|  |TAMS 0x00000000a3300000, 0x00000000a3300000| Untracked 
|  21|0x00000000a3300000, 0x00000000a3400000, 0x00000000a3400000|100%| O|  |TAMS 0x00000000a3400000, 0x00000000a3400000| Untracked 
|  22|0x00000000a3400000, 0x00000000a3500000, 0x00000000a3500000|100%| O|  |TAMS 0x00000000a3500000, 0x00000000a3500000| Untracked 
|  23|0x00000000a3500000, 0x00000000a3600000, 0x00000000a3600000|100%| O|  |TAMS 0x00000000a3600000, 0x00000000a3600000| Untracked 
|  24|0x00000000a3600000, 0x00000000a3700000, 0x00000000a3700000|100%| O|  |TAMS 0x00000000a3700000, 0x00000000a3700000| Untracked 
|  25|0x00000000a3700000, 0x00000000a3800000, 0x00000000a3800000|100%| O|  |TAMS 0x00000000a3800000, 0x00000000a3800000| Untracked 
|  26|0x00000000a3800000, 0x00000000a3900000, 0x00000000a3900000|100%| O|  |TAMS 0x00000000a3900000, 0x00000000a3900000| Untracked 
|  27|0x00000000a3900000, 0x00000000a3a00000, 0x00000000a3a00000|100%| O|  |TAMS 0x00000000a3a00000, 0x00000000a3a00000| Untracked 
|  28|0x00000000a3a00000, 0x00000000a3b00000, 0x00000000a3b00000|100%| O|  |TAMS 0x00000000a3b00000, 0x00000000a3b00000| Untracked 
|  29|0x00000000a3b00000, 0x00000000a3c00000, 0x00000000a3c00000|100%| O|  |TAMS 0x00000000a3c00000, 0x00000000a3c00000| Untracked 
|  30|0x00000000a3c00000, 0x00000000a3d00000, 0x00000000a3d00000|100%| O|  |TAMS 0x00000000a3c70a00, 0x00000000a3d00000| Untracked 
|  31|0x00000000a3d00000, 0x00000000a3e00000, 0x00000000a3e00000|100%| O|  |TAMS 0x00000000a3d00000, 0x00000000a3e00000| Untracked 
|  32|0x00000000a3e00000, 0x00000000a3f00000, 0x00000000a3f00000|100%| O|  |TAMS 0x00000000a3e00000, 0x00000000a3f00000| Untracked 
|  33|0x00000000a3f00000, 0x00000000a4000000, 0x00000000a4000000|100%| O|  |TAMS 0x00000000a3f00000, 0x00000000a4000000| Untracked 
|  34|0x00000000a4000000, 0x00000000a4100000, 0x00000000a4100000|100%| O|  |TAMS 0x00000000a4000000, 0x00000000a4100000| Untracked 
|  35|0x00000000a4100000, 0x00000000a4200000, 0x00000000a4200000|100%| O|  |TAMS 0x00000000a4100000, 0x00000000a4200000| Untracked 
|  36|0x00000000a4200000, 0x00000000a4300000, 0x00000000a4300000|100%| O|  |TAMS 0x00000000a4200000, 0x00000000a4300000| Untracked 
|  37|0x00000000a4300000, 0x00000000a4400000, 0x00000000a4400000|100%| O|  |TAMS 0x00000000a4300000, 0x00000000a4400000| Untracked 
|  38|0x00000000a4400000, 0x00000000a4500000, 0x00000000a4500000|100%| O|  |TAMS 0x00000000a4400000, 0x00000000a4500000| Untracked 
|  39|0x00000000a4500000, 0x00000000a4600000, 0x00000000a4600000|100%| O|  |TAMS 0x00000000a4500000, 0x00000000a4600000| Untracked 
|  40|0x00000000a4600000, 0x00000000a4700000, 0x00000000a4700000|100%| O|  |TAMS 0x00000000a4600000, 0x00000000a4700000| Untracked 
|  41|0x00000000a4700000, 0x00000000a4800000, 0x00000000a4800000|100%| O|  |TAMS 0x00000000a4700000, 0x00000000a4800000| Untracked 
|  42|0x00000000a4800000, 0x00000000a4900000, 0x00000000a4900000|100%| O|  |TAMS 0x00000000a4800000, 0x00000000a4900000| Untracked 
|  43|0x00000000a4900000, 0x00000000a4a00000, 0x00000000a4a00000|100%| O|  |TAMS 0x00000000a4900000, 0x00000000a49e1600| Untracked 
|  44|0x00000000a4a00000, 0x00000000a4a00000, 0x00000000a4b00000|  0%| F|  |TAMS 0x00000000a4a00000, 0x00000000a4a00000| Untracked 
|  45|0x00000000a4b00000, 0x00000000a4b00000, 0x00000000a4c00000|  0%| F|  |TAMS 0x00000000a4b00000, 0x00000000a4b00000| Untracked 
|  46|0x00000000a4c00000, 0x00000000a4c00000, 0x00000000a4d00000|  0%| F|  |TAMS 0x00000000a4c00000, 0x00000000a4c00000| Untracked 
|  47|0x00000000a4d00000, 0x00000000a4d00000, 0x00000000a4e00000|  0%| F|  |TAMS 0x00000000a4d00000, 0x00000000a4d00000| Untracked 
|  48|0x00000000a4e00000, 0x00000000a4e00000, 0x00000000a4f00000|  0%| F|  |TAMS 0x00000000a4e00000, 0x00000000a4e00000| Untracked 
|  49|0x00000000a4f00000, 0x00000000a4f00000, 0x00000000a5000000|  0%| F|  |TAMS 0x00000000a4f00000, 0x00000000a4f00000| Untracked 
|  50|0x00000000a5000000, 0x00000000a5000000, 0x00000000a5100000|  0%| F|  |TAMS 0x00000000a5000000, 0x00000000a5000000| Untracked 
|  51|0x00000000a5100000, 0x00000000a5100000, 0x00000000a5200000|  0%| F|  |TAMS 0x00000000a5100000, 0x00000000a5100000| Untracked 
|  52|0x00000000a5200000, 0x00000000a5200000, 0x00000000a5300000|  0%| F|  |TAMS 0x00000000a5200000, 0x00000000a5200000| Untracked 
|  53|0x00000000a5300000, 0x00000000a5300000, 0x00000000a5400000|  0%| F|  |TAMS 0x00000000a5300000, 0x00000000a5300000| Untracked 
|  54|0x00000000a5400000, 0x00000000a5400000, 0x00000000a5500000|  0%| F|  |TAMS 0x00000000a5400000, 0x00000000a5400000| Untracked 
|  55|0x00000000a5500000, 0x00000000a5500000, 0x00000000a5600000|  0%| F|  |TAMS 0x00000000a5500000, 0x00000000a5500000| Untracked 
|  56|0x00000000a5600000, 0x00000000a5600000, 0x00000000a5700000|  0%| F|  |TAMS 0x00000000a5600000, 0x00000000a5600000| Untracked 
|  57|0x00000000a5700000, 0x00000000a5800000, 0x00000000a5800000|100%| S|CS|TAMS 0x00000000a5700000, 0x00000000a5700000| Complete 
|  58|0x00000000a5800000, 0x00000000a5900000, 0x00000000a5900000|100%| S|CS|TAMS 0x00000000a5800000, 0x00000000a5800000| Complete 
|  59|0x00000000a5900000, 0x00000000a5900000, 0x00000000a5a00000|  0%| F|  |TAMS 0x00000000a5900000, 0x00000000a5900000| Untracked 
|  60|0x00000000a5a00000, 0x00000000a5a00000, 0x00000000a5b00000|  0%| F|  |TAMS 0x00000000a5a00000, 0x00000000a5a00000| Untracked 
|  61|0x00000000a5b00000, 0x00000000a5b00000, 0x00000000a5c00000|  0%| F|  |TAMS 0x00000000a5b00000, 0x00000000a5b00000| Untracked 
|  62|0x00000000a5c00000, 0x00000000a5c00000, 0x00000000a5d00000|  0%| F|  |TAMS 0x00000000a5c00000, 0x00000000a5c00000| Untracked 
|  63|0x00000000a5d00000, 0x00000000a5d00000, 0x00000000a5e00000|  0%| F|  |TAMS 0x00000000a5d00000, 0x00000000a5d00000| Untracked 
|  64|0x00000000a5e00000, 0x00000000a5e00000, 0x00000000a5f00000|  0%| F|  |TAMS 0x00000000a5e00000, 0x00000000a5e00000| Untracked 
|  65|0x00000000a5f00000, 0x00000000a5f00000, 0x00000000a6000000|  0%| F|  |TAMS 0x00000000a5f00000, 0x00000000a5f00000| Untracked 
|  66|0x00000000a6000000, 0x00000000a6000000, 0x00000000a6100000|  0%| F|  |TAMS 0x00000000a6000000, 0x00000000a6000000| Untracked 
|  67|0x00000000a6100000, 0x00000000a6100000, 0x00000000a6200000|  0%| F|  |TAMS 0x00000000a6100000, 0x00000000a6100000| Untracked 
|  68|0x00000000a6200000, 0x00000000a6200000, 0x00000000a6300000|  0%| F|  |TAMS 0x00000000a6200000, 0x00000000a6200000| Untracked 
|  69|0x00000000a6300000, 0x00000000a6300000, 0x00000000a6400000|  0%| F|  |TAMS 0x00000000a6300000, 0x00000000a6300000| Untracked 
|  70|0x00000000a6400000, 0x00000000a6400000, 0x00000000a6500000|  0%| F|  |TAMS 0x00000000a6400000, 0x00000000a6400000| Untracked 
|  71|0x00000000a6500000, 0x00000000a6500000, 0x00000000a6600000|  0%| F|  |TAMS 0x00000000a6500000, 0x00000000a6500000| Untracked 
|  72|0x00000000a6600000, 0x00000000a6600000, 0x00000000a6700000|  0%| F|  |TAMS 0x00000000a6600000, 0x00000000a6600000| Untracked 
|  73|0x00000000a6700000, 0x00000000a6700000, 0x00000000a6800000|  0%| F|  |TAMS 0x00000000a6700000, 0x00000000a6700000| Untracked 
|  74|0x00000000a6800000, 0x00000000a6800000, 0x00000000a6900000|  0%| F|  |TAMS 0x00000000a6800000, 0x00000000a6800000| Untracked 
|  75|0x00000000a6900000, 0x00000000a6900000, 0x00000000a6a00000|  0%| F|  |TAMS 0x00000000a6900000, 0x00000000a6900000| Untracked 
|  76|0x00000000a6a00000, 0x00000000a6a00000, 0x00000000a6b00000|  0%| F|  |TAMS 0x00000000a6a00000, 0x00000000a6a00000| Untracked 
|  77|0x00000000a6b00000, 0x00000000a6b00000, 0x00000000a6c00000|  0%| F|  |TAMS 0x00000000a6b00000, 0x00000000a6b00000| Untracked 
|  78|0x00000000a6c00000, 0x00000000a6c00000, 0x00000000a6d00000|  0%| F|  |TAMS 0x00000000a6c00000, 0x00000000a6c00000| Untracked 
|  95|0x00000000a7d00000, 0x00000000a7d00000, 0x00000000a7e00000|  0%| F|  |TAMS 0x00000000a7d00000, 0x00000000a7d00000| Untracked 

Card table byte_map: [0x0000016c2e8a0000,0x0000016c2eba0000] _byte_map_base: 0x0000016c2e391000

Marking Bits (Prev, Next): (CMBitMap*) 0x0000016c2885d6f0, (CMBitMap*) 0x0000016c2885d6b0
 Prev Bits: [0x0000016c30630000, 0x0000016c31db8000)
 Next Bits: [0x0000016c2eea0000, 0x0000016c30628000)

Polling page: 0x0000016c27f80000

Metaspace:

Usage:
  Non-class:     29.55 MB used.
      Class:      4.41 MB used.
       Both:     33.96 MB used.

Virtual space:
  Non-class space:       32.00 MB reserved,      29.69 MB ( 93%) committed,  4 nodes.
      Class space:        1.00 GB reserved,       4.56 MB ( <1%) committed,  1 nodes.
             Both:        1.03 GB reserved,      34.25 MB (  3%) committed. 

Chunk freelists:
   Non-Class:  1.51 MB
       Class:  3.47 MB
        Both:  4.98 MB

MaxMetaspaceSize: unlimited
CompressedClassSpaceSize: 1.00 GB
Initial GC threshold: 21.00 MB
Current GC threshold: 57.12 MB
CDS: off
MetaspaceReclaimPolicy: balanced
 - commit_granule_bytes: 65536.
 - commit_granule_words: 8192.
 - virtual_space_node_default_size: 1048576.
 - enlarge_chunks_in_place: 1.
 - new_chunks_are_fully_committed: 0.
 - uncommit_free_chunks: 1.
 - use_allocation_guard: 0.
 - handle_deallocations: 1.


Internal statistics:

num_allocs_failed_limit: 3.
num_arena_births: 300.
num_arena_deaths: 0.
num_vsnodes_births: 5.
num_vsnodes_deaths: 0.
num_space_committed: 548.
num_space_uncommitted: 0.
num_chunks_returned_to_freelist: 3.
num_chunks_taken_from_freelist: 1280.
num_chunk_merges: 3.
num_chunk_splits: 888.
num_chunks_enlarged: 687.
num_purges: 0.
num_inconsistent_stats: 0.

CodeCache: size=49152Kb used=8668Kb max_used=8668Kb free=40484Kb
 bounds [0x0000016c2b490000, 0x0000016c2bd10000, 0x0000016c2e490000]
 total_blobs=4069 nmethods=3545 adapters=447
 compilation: enabled
              stopped_count=0, restarted_count=0
 full_count=0

Compilation events (20 events):
Event: 6.307 Thread 0x0000016c35ecbff0 3535       1       sun.nio.fs.WindowsPath::getNameCount (10 bytes)
Event: 6.308 Thread 0x0000016c35ecbff0 nmethod 3535 0x0000016c2bd03710 code [0x0000016c2bd038a0, 0x0000016c2bd03988]
Event: 6.343 Thread 0x0000016c3489fb50 3536       1       java.lang.Long::valueOf (40 bytes)
Event: 6.343 Thread 0x0000016c3489fb50 nmethod 3536 0x0000016c2bd03a10 code [0x0000016c2bd03ba0, 0x0000016c2bd03d38]
Event: 6.346 Thread 0x0000016c354befd0 3537       1       sun.nio.fs.WindowsPath::hasDotOrDotDot (76 bytes)
Event: 6.348 Thread 0x0000016c354befd0 nmethod 3537 0x0000016c2bd03e10 code [0x0000016c2bd04040, 0x0000016c2bd045b8]
Event: 6.354 Thread 0x0000016c3489fb50 3538       1       sun.nio.fs.WindowsPath$WindowsPathWithAttributes::getFileSystem (5 bytes)
Event: 6.354 Thread 0x0000016c3489fb50 nmethod 3538 0x0000016c2bd04990 code [0x0000016c2bd04b20, 0x0000016c2bd04bf8]
Event: 6.362 Thread 0x0000016c3489fb50 3539       1       sun.nio.fs.WindowsPath::isEmpty (8 bytes)
Event: 6.362 Thread 0x0000016c3489fb50 nmethod 3539 0x0000016c2bd04c90 code [0x0000016c2bd04e20, 0x0000016c2bd04f18]
Event: 6.363 Thread 0x0000016c35ecc500 3540       1       nonapi.io.github.classgraph.utils.FastPathResolver::resolve (6 bytes)
Event: 6.364 Thread 0x0000016c35ecc500 nmethod 3540 0x0000016c2bd05010 code [0x0000016c2bd051a0, 0x0000016c2bd05268]
Event: 6.413 Thread 0x0000016c35ecc500 3541       1       sun.nio.fs.WindowsFileAttributes::isRegularFile (27 bytes)
Event: 6.414 Thread 0x0000016c35ecc500 nmethod 3541 0x0000016c2bd05310 code [0x0000016c2bd054a0, 0x0000016c2bd05638]
Event: 6.414 Thread 0x0000016c35ecc500 3542   !   1       java.nio.file.Files::isRegularFile (43 bytes)
Event: 6.414 Thread 0x0000016c3489fb50 3543   !   1       sun.nio.fs.AbstractFileSystemProvider::isRegularFile (20 bytes)
Event: 6.415 Thread 0x0000016c3489fb50 nmethod 3543 0x0000016c2bd05690 code [0x0000016c2bd05840, 0x0000016c2bd05b28]
Event: 6.415 Thread 0x0000016c35ecc500 nmethod 3542 0x0000016c2bd05d10 code [0x0000016c2bd05f00, 0x0000016c2bd06478]
Event: 6.423 Thread 0x0000016c3489fb50 3544       1       java.nio.file.Files::readAttributes (11 bytes)
Event: 6.423 Thread 0x0000016c3489fb50 nmethod 3544 0x0000016c2bd06810 code [0x0000016c2bd069c0, 0x0000016c2bd06ad8]

GC Heap History (20 events):
Event: 5.074 GC heap after
{Heap after GC invocations=9 (full 0):
 garbage-first heap   total 54272K, used 19364K [0x00000000a1e00000, 0x0000000100000000)
  region size 1024K, 3 young (3072K), 3 survivors (3072K)
 Metaspace       used 32878K, committed 33152K, reserved 1081344K
  class space    used 4169K, committed 4288K, reserved 1048576K
}
Event: 5.516 GC heap before
{Heap before GC invocations=9 (full 0):
 garbage-first heap   total 54272K, used 37796K [0x00000000a1e00000, 0x0000000100000000)
  region size 1024K, 22 young (22528K), 3 survivors (3072K)
 Metaspace       used 33346K, committed 33600K, reserved 1081344K
  class space    used 4239K, committed 4352K, reserved 1048576K
}
Event: 5.523 GC heap after
{Heap after GC invocations=10 (full 0):
 garbage-first heap   total 54272K, used 22904K [0x00000000a1e00000, 0x0000000100000000)
  region size 1024K, 3 young (3072K), 3 survivors (3072K)
 Metaspace       used 33346K, committed 33600K, reserved 1081344K
  class space    used 4239K, committed 4352K, reserved 1048576K
}
Event: 5.777 GC heap before
{Heap before GC invocations=10 (full 0):
 garbage-first heap   total 54272K, used 38264K [0x00000000a1e00000, 0x0000000100000000)
  region size 1024K, 19 young (19456K), 3 survivors (3072K)
 Metaspace       used 33578K, committed 33792K, reserved 1081344K
  class space    used 4276K, committed 4352K, reserved 1048576K
}
Event: 5.782 GC heap after
{Heap after GC invocations=11 (full 0):
 garbage-first heap   total 54272K, used 26329K [0x00000000a1e00000, 0x0000000100000000)
  region size 1024K, 3 young (3072K), 3 survivors (3072K)
 Metaspace       used 33578K, committed 33792K, reserved 1081344K
  class space    used 4276K, committed 4352K, reserved 1048576K
}
Event: 5.912 GC heap before
{Heap before GC invocations=11 (full 0):
 garbage-first heap   total 54272K, used 39641K [0x00000000a1e00000, 0x0000000100000000)
  region size 1024K, 16 young (16384K), 3 survivors (3072K)
 Metaspace       used 34264K, committed 34560K, reserved 1081344K
  class space    used 4389K, committed 4544K, reserved 1048576K
}
Event: 5.917 GC heap after
{Heap after GC invocations=12 (full 0):
 garbage-first heap   total 54272K, used 28857K [0x00000000a1e00000, 0x0000000100000000)
  region size 1024K, 2 young (2048K), 2 survivors (2048K)
 Metaspace       used 34264K, committed 34560K, reserved 1081344K
  class space    used 4389K, committed 4544K, reserved 1048576K
}
Event: 6.000 GC heap before
{Heap before GC invocations=12 (full 0):
 garbage-first heap   total 54272K, used 41145K [0x00000000a1e00000, 0x0000000100000000)
  region size 1024K, 14 young (14336K), 2 survivors (2048K)
 Metaspace       used 34433K, committed 34752K, reserved 1081344K
  class space    used 4434K, committed 4608K, reserved 1048576K
}
Event: 6.004 GC heap after
{Heap after GC invocations=13 (full 0):
 garbage-first heap   total 65536K, used 31152K [0x00000000a1e00000, 0x0000000100000000)
  region size 1024K, 2 young (2048K), 2 survivors (2048K)
 Metaspace       used 34433K, committed 34752K, reserved 1081344K
  class space    used 4434K, committed 4608K, reserved 1048576K
}
Event: 6.111 GC heap before
{Heap before GC invocations=14 (full 0):
 garbage-first heap   total 65536K, used 48560K [0x00000000a1e00000, 0x0000000100000000)
  region size 1024K, 19 young (19456K), 2 survivors (2048K)
 Metaspace       used 34716K, committed 35008K, reserved 1081344K
  class space    used 4506K, committed 4672K, reserved 1048576K
}
Event: 6.116 GC heap after
{Heap after GC invocations=15 (full 0):
 garbage-first heap   total 65536K, used 34149K [0x00000000a1e00000, 0x0000000100000000)
  region size 1024K, 3 young (3072K), 3 survivors (3072K)
 Metaspace       used 34716K, committed 35008K, reserved 1081344K
  class space    used 4506K, committed 4672K, reserved 1048576K
}
Event: 6.191 GC heap before
{Heap before GC invocations=15 (full 0):
 garbage-first heap   total 65536K, used 49509K [0x00000000a1e00000, 0x0000000100000000)
  region size 1024K, 18 young (18432K), 3 survivors (3072K)
 Metaspace       used 34777K, committed 35072K, reserved 1081344K
  class space    used 4520K, committed 4672K, reserved 1048576K
}
Event: 6.198 GC heap after
{Heap after GC invocations=16 (full 0):
 garbage-first heap   total 65536K, used 37407K [0x00000000a1e00000, 0x0000000100000000)
  region size 1024K, 3 young (3072K), 3 survivors (3072K)
 Metaspace       used 34777K, committed 35072K, reserved 1081344K
  class space    used 4520K, committed 4672K, reserved 1048576K
}
Event: 6.246 GC heap before
{Heap before GC invocations=16 (full 0):
 garbage-first heap   total 65536K, used 50719K [0x00000000a1e00000, 0x0000000100000000)
  region size 1024K, 16 young (16384K), 3 survivors (3072K)
 Metaspace       used 34777K, committed 35072K, reserved 1081344K
  class space    used 4520K, committed 4672K, reserved 1048576K
}
Event: 6.256 GC heap after
{Heap after GC invocations=17 (full 0):
 garbage-first heap   total 65536K, used 42544K [0x00000000a1e00000, 0x0000000100000000)
  region size 1024K, 2 young (2048K), 2 survivors (2048K)
 Metaspace       used 34777K, committed 35072K, reserved 1081344K
  class space    used 4520K, committed 4672K, reserved 1048576K
}
Event: 6.322 GC heap before
{Heap before GC invocations=18 (full 0):
 garbage-first heap   total 73728K, used 50736K [0x00000000a1e00000, 0x0000000100000000)
  region size 1024K, 10 young (10240K), 2 survivors (2048K)
 Metaspace       used 34777K, committed 35072K, reserved 1081344K
  class space    used 4520K, committed 4672K, reserved 1048576K
}
Event: 6.327 GC heap after
{Heap after GC invocations=19 (full 0):
 garbage-first heap   total 73728K, used 44804K [0x00000000a1e00000, 0x0000000100000000)
  region size 1024K, 2 young (2048K), 2 survivors (2048K)
 Metaspace       used 34777K, committed 35072K, reserved 1081344K
  class space    used 4520K, committed 4672K, reserved 1048576K
}
Event: 6.333 GC heap before
{Heap before GC invocations=19 (full 0):
 garbage-first heap   total 73728K, used 45828K [0x00000000a1e00000, 0x0000000100000000)
  region size 1024K, 3 young (3072K), 2 survivors (2048K)
 Metaspace       used 34777K, committed 35072K, reserved 1081344K
  class space    used 4520K, committed 4672K, reserved 1048576K
}
Event: 6.336 GC heap after
{Heap after GC invocations=20 (full 0):
 garbage-first heap   total 73728K, used 44267K [0x00000000a1e00000, 0x0000000100000000)
  region size 1024K, 1 young (1024K), 1 survivors (1024K)
 Metaspace       used 34777K, committed 35072K, reserved 1081344K
  class space    used 4520K, committed 4672K, reserved 1048576K
}
Event: 6.439 GC heap before
{Heap before GC invocations=20 (full 0):
 garbage-first heap   total 73728K, used 56555K [0x00000000a1e00000, 0x0000000100000000)
  region size 1024K, 13 young (13312K), 1 survivors (1024K)
 Metaspace       used 34777K, committed 35072K, reserved 1081344K
  class space    used 4520K, committed 4672K, reserved 1048576K
}

Deoptimization events (14 events):
Event: 1.310 Thread 0x0000016c28810910 DEOPT PACKING pc=0x0000016c2b8a64f5 sp=0x000000337f0fd9c0
Event: 1.310 Thread 0x0000016c28810910 DEOPT UNPACKING pc=0x0000016c2b4e2b43 sp=0x000000337f0fce30 mode 3
Event: 2.257 Thread 0x0000016c28810910 DEOPT PACKING pc=0x0000016c2b9c4b19 sp=0x000000337f0fd170
Event: 2.257 Thread 0x0000016c28810910 DEOPT UNPACKING pc=0x0000016c2b4e2b43 sp=0x000000337f0fc650 mode 3
Event: 2.850 Thread 0x0000016c28810910 DEOPT PACKING pc=0x0000016c2ba8bdf5 sp=0x000000337f0fce40
Event: 2.850 Thread 0x0000016c28810910 DEOPT UNPACKING pc=0x0000016c2b4e2b43 sp=0x000000337f0fc2b0 mode 3
Event: 4.327 Thread 0x0000016c28810910 DEOPT PACKING pc=0x0000016c2bb28319 sp=0x000000337f0fc6e0
Event: 4.327 Thread 0x0000016c28810910 DEOPT UNPACKING pc=0x0000016c2b4e2b43 sp=0x000000337f0fbbc0 mode 3
Event: 4.663 Thread 0x0000016c3702f0c0 DEOPT PACKING pc=0x0000016c2bb91b2b sp=0x0000003300afe2a0
Event: 4.663 Thread 0x0000016c3702f0c0 DEOPT UNPACKING pc=0x0000016c2b4e2b43 sp=0x0000003300afd7e8 mode 3
Event: 5.826 Thread 0x0000016c37209270 DEOPT PACKING pc=0x0000016c2bca1e35 sp=0x0000003301ffda70
Event: 5.826 Thread 0x0000016c37209270 DEOPT UNPACKING pc=0x0000016c2b4e2b43 sp=0x0000003301ffcf98 mode 3
Event: 5.831 Thread 0x0000016c372034e0 DEOPT PACKING pc=0x0000016c2b9c6181 sp=0x00000033012fefc0
Event: 5.831 Thread 0x0000016c372034e0 DEOPT UNPACKING pc=0x0000016c2b4e2b43 sp=0x00000033012fe450 mode 3

Classes unloaded (0 events):
No events

Classes redefined (0 events):
No events

Internal exceptions (20 events):
Event: 5.043 Thread 0x0000016c37203010 Exception <a 'sun/nio/fs/WindowsException'{0x00000000a4020ad0}> (0x00000000a4020ad0) 
thrown [e:\jenkins\tmp\workspace\build\src\src\hotspot\share\prims\jni.cpp, line 516]
Event: 5.043 Thread 0x0000016c37203010 Exception <a 'sun/nio/fs/WindowsException'{0x00000000a4021518}> (0x00000000a4021518) 
thrown [e:\jenkins\tmp\workspace\build\src\src\hotspot\share\prims\jni.cpp, line 516]
Event: 5.043 Thread 0x0000016c37203010 Exception <a 'sun/nio/fs/WindowsException'{0x00000000a4021920}> (0x00000000a4021920) 
thrown [e:\jenkins\tmp\workspace\build\src\src\hotspot\share\prims\jni.cpp, line 516]
Event: 5.044 Thread 0x0000016c37203010 Exception <a 'sun/nio/fs/WindowsException'{0x00000000a4022378}> (0x00000000a4022378) 
thrown [e:\jenkins\tmp\workspace\build\src\src\hotspot\share\prims\jni.cpp, line 516]
Event: 5.044 Thread 0x0000016c37203010 Exception <a 'sun/nio/fs/WindowsException'{0x00000000a4022790}> (0x00000000a4022790) 
thrown [e:\jenkins\tmp\workspace\build\src\src\hotspot\share\prims\jni.cpp, line 516]
Event: 5.044 Thread 0x0000016c37203010 Exception <a 'sun/nio/fs/WindowsException'{0x00000000a4023200}> (0x00000000a4023200) 
thrown [e:\jenkins\tmp\workspace\build\src\src\hotspot\share\prims\jni.cpp, line 516]
Event: 5.044 Thread 0x0000016c37203010 Exception <a 'sun/nio/fs/WindowsException'{0x00000000a4023638}> (0x00000000a4023638) 
thrown [e:\jenkins\tmp\workspace\build\src\src\hotspot\share\prims\jni.cpp, line 516]
Event: 5.044 Thread 0x0000016c37203010 Exception <a 'sun/nio/fs/WindowsException'{0x00000000a40240c0}> (0x00000000a40240c0) 
thrown [e:\jenkins\tmp\workspace\build\src\src\hotspot\share\prims\jni.cpp, line 516]
Event: 5.045 Thread 0x0000016c37203010 Exception <a 'sun/nio/fs/WindowsException'{0x00000000a4024510}> (0x00000000a4024510) 
thrown [e:\jenkins\tmp\workspace\build\src\src\hotspot\share\prims\jni.cpp, line 516]
Event: 5.045 Thread 0x0000016c37203010 Exception <a 'sun/nio/fs/WindowsException'{0x00000000a4024f90}> (0x00000000a4024f90) 
thrown [e:\jenkins\tmp\workspace\build\src\src\hotspot\share\prims\jni.cpp, line 516]
Event: 5.045 Thread 0x0000016c37203010 Exception <a 'sun/nio/fs/WindowsException'{0x00000000a40253d8}> (0x00000000a40253d8) 
thrown [e:\jenkins\tmp\workspace\build\src\src\hotspot\share\prims\jni.cpp, line 516]
Event: 5.819 Thread 0x0000016c37209270 Exception <a 'java/lang/NoSuchMethodError'{0x00000000a4d3b1a8}: 'java.lang.Object java.lang.invoke.DirectMethodHandle$Holder.invokeStatic(java.lang.Object, int, java.lang.Object)'> (0x00000000a4d3b1a8) 
thrown [e:\jenkins\tmp\workspace\build\src\src\hotspot\share\interpreter\linkResolver.cpp, line 766]
Event: 5.834 Thread 0x0000016c37208da0 Exception <a 'java/lang/NoSuchMethodError'{0x00000000a4db7548}: 'java.lang.Object java.lang.invoke.DirectMethodHandle$Holder.invokeStatic(java.lang.Object, java.lang.Object, java.lang.Object, int, java.lang.Object, java.lang.Object)'> (0x00000000a4db7548) 
thrown [e:\jenkins\tmp\workspace\build\src\src\hotspot\share\interpreter\linkResolver.cpp, line 766]
Event: 5.885 Thread 0x0000016c37208da0 Exception <a 'java/lang/reflect/InvocationTargetException'{0x00000000a49c9da8}> (0x00000000a49c9da8) 
thrown [e:\jenkins\tmp\workspace\build\src\src\hotspot\share\runtime\reflection.cpp, line 1121]
Event: 5.902 Thread 0x0000016c37208da0 Exception <a 'java/lang/reflect/InvocationTargetException'{0x00000000a4795400}> (0x00000000a4795400) 
thrown [e:\jenkins\tmp\workspace\build\src\src\hotspot\share\runtime\reflection.cpp, line 1121]
Event: 5.904 Thread 0x0000016c37208da0 Exception <a 'java/lang/reflect/InvocationTargetException'{0x00000000a47f5970}> (0x00000000a47f5970) 
thrown [e:\jenkins\tmp\workspace\build\src\src\hotspot\share\runtime\reflection.cpp, line 1121]
Event: 5.907 Thread 0x0000016c37208da0 Exception <a 'java/lang/reflect/InvocationTargetException'{0x00000000a466cab8}> (0x00000000a466cab8) 
thrown [e:\jenkins\tmp\workspace\build\src\src\hotspot\share\runtime\reflection.cpp, line 1121]
Event: 6.095 Thread 0x0000016c37209270 Exception <a 'java/lang/NoSuchMethodError'{0x00000000a51c3238}: 'int java.lang.invoke.DirectMethodHandle$Holder.invokeStatic(java.lang.Object)'> (0x00000000a51c3238) 
thrown [e:\jenkins\tmp\workspace\build\src\src\hotspot\share\interpreter\linkResolver.cpp, line 766]
Event: 6.095 Thread 0x0000016c37209270 Exception <a 'java/lang/NoSuchMethodError'{0x00000000a500a368}: 'int java.lang.invoke.DirectMethodHandle$Holder.invokeStaticInit(java.lang.Object)'> (0x00000000a500a368) 
thrown [e:\jenkins\tmp\workspace\build\src\src\hotspot\share\interpreter\linkResolver.cpp, line 766]
Event: 6.123 Thread 0x0000016c37208da0 Exception <a 'java/lang/NoSuchMethodError'{0x00000000a6c8f828}: 'int java.lang.invoke.DirectMethodHandle$Holder.invokeVirtual(java.lang.Object, java.lang.Object)'> (0x00000000a6c8f828) 
thrown [e:\jenkins\tmp\workspace\build\src\src\hotspot\share\interpreter\linkResolver.cpp, line 766]

VM Operations (20 events):
Event: 6.378 Executing VM operation: ICBufferFull done
Event: 6.387 Executing VM operation: ICBufferFull
Event: 6.387 Executing VM operation: ICBufferFull done
Event: 6.397 Executing VM operation: ICBufferFull
Event: 6.397 Executing VM operation: ICBufferFull done
Event: 6.404 Executing VM operation: ICBufferFull
Event: 6.404 Executing VM operation: ICBufferFull done
Event: 6.410 Executing VM operation: ICBufferFull
Event: 6.411 Executing VM operation: ICBufferFull done
Event: 6.413 Executing VM operation: ICBufferFull
Event: 6.413 Executing VM operation: ICBufferFull done
Event: 6.417 Executing VM operation: ICBufferFull
Event: 6.417 Executing VM operation: ICBufferFull done
Event: 6.419 Executing VM operation: ICBufferFull
Event: 6.419 Executing VM operation: ICBufferFull done
Event: 6.422 Executing VM operation: ICBufferFull
Event: 6.422 Executing VM operation: ICBufferFull done
Event: 6.433 Executing VM operation: ICBufferFull
Event: 6.433 Executing VM operation: ICBufferFull done
Event: 6.439 Executing VM operation: G1CollectForAllocation

Events (20 events):
Event: 5.867 loading class java/util/concurrent/atomic/AtomicLongFieldUpdater$CASUpdater done
Event: 5.867 loading class java/util/concurrent/atomic/AtomicLongFieldUpdater$CASUpdater$1
Event: 5.867 loading class java/util/concurrent/atomic/AtomicLongFieldUpdater$CASUpdater$1 done
Event: 5.876 loading class java/util/concurrent/locks/ReadWriteLock
Event: 5.876 loading class java/util/concurrent/locks/ReadWriteLock done
Event: 5.890 loading class java/util/logging/LogRecord
Event: 5.891 loading class java/util/logging/LogRecord done
Event: 5.895 loading class java/io/PrintWriter
Event: 5.895 loading class java/io/PrintWriter done
Event: 6.106 Thread 0x0000016c37209740 Thread added: 0x0000016c37209740
Event: 6.116 loading class java/util/concurrent/CompletionException
Event: 6.117 loading class java/util/concurrent/CompletionException done
Event: 6.127 loading class sun/nio/cs/StringUTF16
Event: 6.127 loading class sun/nio/cs/StringUTF16 done
Event: 6.132 loading class java/util/WeakHashMap$EntrySet
Event: 6.132 loading class java/util/WeakHashMap$EntrySet done
Event: 6.132 loading class java/util/WeakHashMap$EntryIterator
Event: 6.133 loading class java/util/WeakHashMap$HashIterator
Event: 6.133 loading class java/util/WeakHashMap$HashIterator done
Event: 6.133 loading class java/util/WeakHashMap$EntryIterator done


Dynamic libraries:
0x00007ff65d150000 - 0x00007ff65d15e000 	c:\Users\WendyDeLaCruzLorenzo\.vscode\extensions\redhat.java-1.9.0-win32-x64\jre\17.0.3-win32-x86_64\bin\java.exe
0x00007fff16a30000 - 0x00007fff16c28000 	C:\WINDOWS\SYSTEM32\ntdll.dll
0x00007fff14b10000 - 0x00007fff14bcd000 	C:\WINDOWS\System32\KERNEL32.DLL
0x00007fff14550000 - 0x00007fff1481e000 	C:\WINDOWS\System32\KERNELBASE.dll
0x00007fff148e0000 - 0x00007fff149e0000 	C:\WINDOWS\System32\ucrtbase.dll
0x00007ffef7f00000 - 0x00007ffef7f18000 	c:\Users\WendyDeLaCruzLorenzo\.vscode\extensions\redhat.java-1.9.0-win32-x64\jre\17.0.3-win32-x86_64\bin\jli.dll
0x00007ffef7b80000 - 0x00007ffef7b99000 	c:\Users\WendyDeLaCruzLorenzo\.vscode\extensions\redhat.java-1.9.0-win32-x64\jre\17.0.3-win32-x86_64\bin\VCRUNTIME140.dll
0x00007fff156e0000 - 0x00007fff15880000 	C:\WINDOWS\System32\USER32.dll
0x00007fff02e80000 - 0x00007fff0311a000 	C:\WINDOWS\WinSxS\amd64_microsoft.windows.common-controls_6595b64144ccf1df_6.0.19041.1110_none_60b5254171f9507e\COMCTL32.dll
0x00007fff14150000 - 0x00007fff14172000 	C:\WINDOWS\System32\win32u.dll
0x00007fff14fa0000 - 0x00007fff1503e000 	C:\WINDOWS\System32\msvcrt.dll
0x00007fff15ed0000 - 0x00007fff15efa000 	C:\WINDOWS\System32\GDI32.dll
0x00007fff14180000 - 0x00007fff1428b000 	C:\WINDOWS\System32\gdi32full.dll
0x00007fff14350000 - 0x00007fff143ed000 	C:\WINDOWS\System32\msvcp_win.dll
0x00007fff15df0000 - 0x00007fff15e20000 	C:\WINDOWS\System32\IMM32.DLL
0x0000016c27fa0000 - 0x0000016c27fb4000 	C:\WINDOWS\System32\umppc15610.dll
0x00007fff0cb00000 - 0x00007fff0cb0c000 	c:\Users\WendyDeLaCruzLorenzo\.vscode\extensions\redhat.java-1.9.0-win32-x64\jre\17.0.3-win32-x86_64\bin\vcruntime140_1.dll
0x00007ffee4c10000 - 0x00007ffee4ca1000 	c:\Users\WendyDeLaCruzLorenzo\.vscode\extensions\redhat.java-1.9.0-win32-x64\jre\17.0.3-win32-x86_64\bin\msvcp140.dll
0x00007ffe7fb30000 - 0x00007ffe80778000 	c:\Users\WendyDeLaCruzLorenzo\.vscode\extensions\redhat.java-1.9.0-win32-x64\jre\17.0.3-win32-x86_64\bin\server\jvm.dll
0x00007fff15040000 - 0x00007fff150ee000 	C:\WINDOWS\System32\ADVAPI32.dll
0x00007fff14d10000 - 0x00007fff14dac000 	C:\WINDOWS\System32\sechost.dll
0x00007fff14bd0000 - 0x00007fff14cf5000 	C:\WINDOWS\System32\RPCRT4.dll
0x00007fff15de0000 - 0x00007fff15de8000 	C:\WINDOWS\System32\PSAPI.DLL
0x00007fff02440000 - 0x00007fff02449000 	C:\WINDOWS\SYSTEM32\WSOCK32.dll
0x00007fff15d70000 - 0x00007fff15ddb000 	C:\WINDOWS\System32\WS2_32.dll
0x00007fff0b0d0000 - 0x00007fff0b0f7000 	C:\WINDOWS\SYSTEM32\WINMM.dll
0x00007fff0b100000 - 0x00007fff0b10a000 	C:\WINDOWS\SYSTEM32\VERSION.dll
0x00007fff128d0000 - 0x00007fff128e2000 	C:\WINDOWS\SYSTEM32\kernel.appcore.dll
0x00007fff03180000 - 0x00007fff0318a000 	c:\Users\WendyDeLaCruzLorenzo\.vscode\extensions\redhat.java-1.9.0-win32-x64\jre\17.0.3-win32-x86_64\bin\jimage.dll
0x00007fff12690000 - 0x00007fff12874000 	C:\WINDOWS\SYSTEM32\DBGHELP.DLL
0x00007fff00af0000 - 0x00007fff00b1c000 	C:\WINDOWS\SYSTEM32\dbgcore.DLL
0x00007fff14850000 - 0x00007fff148d2000 	C:\WINDOWS\System32\bcryptPrimitives.dll
0x00007ffef73b0000 - 0x00007ffef73d5000 	c:\Users\WendyDeLaCruzLorenzo\.vscode\extensions\redhat.java-1.9.0-win32-x64\jre\17.0.3-win32-x86_64\bin\java.dll
0x00007ffef7330000 - 0x00007ffef7348000 	c:\Users\WendyDeLaCruzLorenzo\.vscode\extensions\redhat.java-1.9.0-win32-x64\jre\17.0.3-win32-x86_64\bin\zip.dll
0x00007fff15ff0000 - 0x00007fff16734000 	C:\WINDOWS\System32\SHELL32.dll
0x00007fff11e20000 - 0x00007fff125b4000 	C:\WINDOWS\SYSTEM32\windows.storage.dll
0x00007fff15380000 - 0x00007fff156d4000 	C:\WINDOWS\System32\combase.dll
0x00007fff13ae0000 - 0x00007fff13b10000 	C:\WINDOWS\SYSTEM32\Wldp.dll
0x00007fff16750000 - 0x00007fff167fd000 	C:\WINDOWS\System32\SHCORE.dll
0x00007fff14a90000 - 0x00007fff14ae5000 	C:\WINDOWS\System32\shlwapi.dll
0x00007fff14090000 - 0x00007fff140af000 	C:\WINDOWS\SYSTEM32\profapi.dll
0x00007ffef72e0000 - 0x00007ffef72f9000 	C:\Users\WendyDeLaCruzLorenzo\.vscode\extensions\redhat.java-1.9.0-win32-x64\jre\17.0.3-win32-x86_64\bin\net.dll
0x00007fff13140000 - 0x00007fff1324a000 	C:\WINDOWS\SYSTEM32\WINHTTP.dll
0x00007fff13840000 - 0x00007fff138aa000 	C:\WINDOWS\system32\mswsock.dll
0x00007ffef71e0000 - 0x00007ffef71f5000 	C:\Users\WendyDeLaCruzLorenzo\.vscode\extensions\redhat.java-1.9.0-win32-x64\jre\17.0.3-win32-x86_64\bin\nio.dll
0x00007fff01410000 - 0x00007fff01420000 	c:\Users\WendyDeLaCruzLorenzo\.vscode\extensions\redhat.java-1.9.0-win32-x64\jre\17.0.3-win32-x86_64\bin\verify.dll
0x00007ffef7b70000 - 0x00007ffef7b79000 	C:\Users\WendyDeLaCruzLorenzo\.vscode\extensions\redhat.java-1.9.0-win32-x64\jre\17.0.3-win32-x86_64\bin\management.dll
0x00007ffef7750000 - 0x00007ffef775b000 	C:\Users\WendyDeLaCruzLorenzo\.vscode\extensions\redhat.java-1.9.0-win32-x64\jre\17.0.3-win32-x86_64\bin\management_ext.dll
0x00007ffeed1a0000 - 0x00007ffeed1b7000 	C:\WINDOWS\system32\napinsp.dll
0x00007ffeed110000 - 0x00007ffeed12b000 	C:\WINDOWS\system32\pnrpnsp.dll
0x00007fff0f3d0000 - 0x00007fff0f3ed000 	C:\WINDOWS\system32\NLAapi.dll
0x00007fff13530000 - 0x00007fff1356b000 	C:\WINDOWS\SYSTEM32\IPHLPAPI.DLL
0x00007fff0e7b0000 - 0x00007fff0e7c5000 	C:\WINDOWS\system32\wshbth.dll
0x00007fff13570000 - 0x00007fff1363a000 	C:\WINDOWS\SYSTEM32\DNSAPI.dll
0x00007fff14d00000 - 0x00007fff14d08000 	C:\WINDOWS\System32\NSI.dll
0x00007ffeed240000 - 0x00007ffeed252000 	C:\WINDOWS\System32\winrnr.dll
0x00007fff042a0000 - 0x00007fff042aa000 	C:\Windows\System32\rasadhlp.dll
0x00007fff02b10000 - 0x00007fff02b90000 	C:\WINDOWS\System32\fwpuclnt.dll
0x00007fff14820000 - 0x00007fff14847000 	C:\WINDOWS\System32\bcrypt.dll
0x00007fff13a30000 - 0x00007fff13a48000 	C:\WINDOWS\SYSTEM32\CRYPTSP.dll
0x00007fff130b0000 - 0x00007fff130e4000 	C:\WINDOWS\system32\rsaenh.dll
0x00007fff14050000 - 0x00007fff1407e000 	C:\WINDOWS\SYSTEM32\USERENV.dll
0x00007fff13a50000 - 0x00007fff13a5c000 	C:\WINDOWS\SYSTEM32\CRYPTBASE.dll
0x00007fff09f10000 - 0x00007fff09f27000 	C:\WINDOWS\SYSTEM32\dhcpcsvc6.DLL
0x00007fff0b110000 - 0x00007fff0b12d000 	C:\WINDOWS\SYSTEM32\dhcpcsvc.DLL

dbghelp: loaded successfully - version: 4.0.5 - missing functions: none
symbol engine: initialized successfully - sym options: 0x614 - pdb path: .;c:\Users\WendyDeLaCruzLorenzo\.vscode\extensions\redhat.java-1.9.0-win32-x64\jre\17.0.3-win32-x86_64\bin;C:\WINDOWS\SYSTEM32;C:\WINDOWS\WinSxS\amd64_microsoft.windows.common-controls_6595b64144ccf1df_6.0.19041.1110_none_60b5254171f9507e;c:\Users\WendyDeLaCruzLorenzo\.vscode\extensions\redhat.java-1.9.0-win32-x64\jre\17.0.3-win32-x86_64\bin\server

VM Arguments:
jvm_args: -Dsts.lsp.client=vscode -Dsts.log.file=/dev/null -XX:TieredStopAtLevel=1 -Dspring.config.location=file:c:\Users\WendyDeLaCruzLorenzo\.vscode\extensions\pivotal.vscode-spring-boot-1.38.0\language-server\BOOT-INF\classes\application.properties 
java_command: org.springframework.ide.vscode.boot.app.BootLanguageServerBootApp
java_class_path (initial): c:\Users\WendyDeLaCruzLorenzo\.vscode\extensions\pivotal.vscode-spring-boot-1.38.0\language-server\BOOT-INF\classes;c:\Users\WendyDeLaCruzLorenzo\.vscode\extensions\pivotal.vscode-spring-boot-1.38.0\language-server\BOOT-INF\lib\annotations-23.0.0.jar;c:\Users\WendyDeLaCruzLorenzo\.vscode\extensions\pivotal.vscode-spring-boot-1.38.0\language-server\BOOT-INF\lib\antlr-runtime-3.5.2.jar;c:\Users\WendyDeLaCruzLorenzo\.vscode\extensions\pivotal.vscode-spring-boot-1.38.0\language-server\BOOT-INF\lib\antlr4-4.9.3.jar;c:\Users\WendyDeLaCruzLorenzo\.vscode\extensions\pivotal.vscode-spring-boot-1.38.0\language-server\BOOT-INF\lib\antlr4-runtime-4.9.3.jar;c:\Users\WendyDeLaCruzLorenzo\.vscode\extensions\pivotal.vscode-spring-boot-1.38.0\language-server\BOOT-INF\lib\asm-9.3.jar;c:\Users\WendyDeLaCruzLorenzo\.vscode\extensions\pivotal.vscode-spring-boot-1.38.0\language-server\BOOT-INF\lib\asm-analysis-9.3.jar;c:\Users\WendyDeLaCruzLorenzo\.vscode\extensions\pivotal.vscode-spring-boot-1.38.0\language-server\BOOT-INF\lib\asm-tree-9.3.jar;c:\Users\WendyDeLaCruzLorenzo\.vscode\extensions\pivotal.vscode-spring-boot-1.38.0\language-server\BOOT-INF\lib\asm-util-9.3.jar;c:\Users\WendyDeLaCruzLorenzo\.vscode\extensions\pivotal.vscode-spring-boot-1.38.0\language-server\BOOT-INF\lib\byte-buddy-1.10.18.jar;c:\Users\WendyDeLaCruzLorenzo\.vscode\extensions\pivotal.vscode-spring-boot-1.38.0\language-server\BOOT-INF\lib\caffeine-2.8.6.jar;c:\Users\WendyDeLaCruzLorenzo\.vscode\extensions\pivotal.vscode-spring-boot-1.38.0\language-server\BOOT-INF\lib\checker-qual-3.12.0.jar;c:\Users\WendyDeLaCruzLorenzo\.vscode\extensions\pivotal.vscode-spring-boot-1.38.0\language-server\BOOT-INF\lib\classgraph-4.8.149.jar;c:\Users\WendyDeLaCruzLorenzo\.vscode\extensions\pivotal.vscode-spring-boot-1.38.0\language-server\BOOT-INF\lib\commons-codec-1.14.jar;c:\Users\WendyDeLaCruzLorenzo\.vscode\extensions\pivotal.vscode-spring-boot-1.38.0\language-server\BOOT-INF\lib\commons-compress-1.
Launcher Type: SUN_STANDARD

[Global flags]
     intx CICompilerCount                          = 4                                         {product} {ergonomic}
     uint ConcGCThreads                            = 2                                         {product} {ergonomic}
     uint G1ConcRefinementThreads                  = 8                                         {product} {ergonomic}
   size_t G1HeapRegionSize                         = 1048576                                   {product} {ergonomic}
    uintx GCDrainStackTargetSize                   = 64                                        {product} {ergonomic}
   size_t InitialHeapSize                          = 100663296                                 {product} {ergonomic}
   size_t MarkStackSize                            = 4194304                                   {product} {ergonomic}
   size_t MaxHeapSize                              = 1579155456                                {product} {ergonomic}
   size_t MaxNewSize                               = 946864128                                 {product} {ergonomic}
   size_t MinHeapDeltaBytes                        = 1048576                                   {product} {ergonomic}
   size_t MinHeapSize                              = 8388608                                   {product} {ergonomic}
    uintx NonProfiledCodeHeapSize                  = 0                                      {pd product} {ergonomic}
     bool ProfileInterpreter                       = false                                  {pd product} {command line}
    uintx ProfiledCodeHeapSize                     = 0                                      {pd product} {ergonomic}
   size_t SoftMaxHeapSize                          = 1579155456                             {manageable} {ergonomic}
     intx TieredStopAtLevel                        = 1                                         {product} {command line}
     bool UseCompressedClassPointers               = true                           {product lp64_product} {ergonomic}
     bool UseCompressedOops                        = true                           {product lp64_product} {ergonomic}
     bool UseG1GC                                  = true                                      {product} {ergonomic}
     bool UseLargePagesIndividualAllocation        = false                                  {pd product} {ergonomic}

Logging:
Log output configuration:
 #0: stdout all=warning uptime,level,tags
 #1: stderr all=off uptime,level,tags

Environment Variables:
PATH=C:\Program Files\Common Files\Oracle\Java\javapath;C:\Program Files (x86)\Common Files\Oracle\Java\javapath;C:\Program Files\AdoptOpenJDK\jdk-11.0.6.10-hotspot\bin;C:\WINDOWS\system32;C:\WINDOWS;C:\WINDOWS\System32\Wbem;C:\WINDOWS\System32\WindowsPowerShell\v1.0\;C:\WINDOWS\System32\OpenSSH\;C:\Program Files\Git\cmd;C:\Program Files\nodejs\;C:\ProgramData\chocolatey\bin;C:\apache-maven-3.8.6\bin;C:\Users\WendyDeLaCruzLorenzo\my-java-projects\spring-2.7.0\bin;C:\Program Files\MySQL\MySQL Shell 8.0\bin\;C:\Users\WendyDeLaCruzLorenzo\AppData\Local\Microsoft\WindowsApps;C:\Users\WendyDeLaCruzLorenzo\Documents\Microsoft VS Code\bin;C:\Users\WendyDeLaCruzLorenzo\AppData\Roaming\npm;C:\Users\WendyDeLaCruzLorenzo\AppData\Local\GitHubDesktop\bin;C:\apache-maven-3.8.6\bin;;C:\Program Files\JetBrains\IntelliJ IDEA 2022.1.3\bin;
USERNAME=WendyDeLaCruzLorenzo
OS=Windows_NT
PROCESSOR_IDENTIFIER=AMD64 Family 23 Model 24 Stepping 1, AuthenticAMD



---------------  S Y S T E M  ---------------

OS:
 Windows 10 , 64 bit Build 19041 (10.0.19041.1889)
OS uptime: 2 days 7:40 hours

CPU: total 8 (initial active 8) (8 cores per cpu, 2 threads per core) family 23 model 24 stepping 1 microcode 0x0, cx8, cmov, fxsr, ht, mmx, 3dnowpref, sse, sse2, sse3, ssse3, sse4a, sse4.1, sse4.2, popcnt, lzcnt, tsc, tscinvbit, avx, avx2, aes, clmul, bmi1, bmi2, adx, sha, fma, vzeroupper, clflush, clflushopt

Memory: 4k page, system-wide physical 6022M (414M free)
TotalPageFile size 24454M (AvailPageFile size 5M)
current process WorkingSet (physical memory assigned to process): 168M, peak: 168M
current process commit charge ("private bytes"): 213M, peak: 229M

vm_info: OpenJDK 64-Bit Server VM (17.0.3+7) for windows-amd64 JRE (17.0.3+7), built on Apr 19 2022 16:55:35 by "" with MS VC++ 16.7 (VS2019)

END.
