#
# There is insufficient memory for the Java Runtime Environment to continue.
# Native memory allocation (mmap) failed to map 65536 bytes for Failed to commit metaspace.
# Possible reasons:
#   The system is out of physical RAM or swap space
#   The process is running with CompressedOops enabled, and the Java Heap may be blocking the growth of the native heap
# Possible solutions:
#   Reduce memory load on the system
#   Increase physical memory or swap space
#   Check if swap backing store is full
#   Decrease Java heap size (-Xmx/-Xms)
#   Decrease number of Java threads
#   Decrease Java thread stack sizes (-Xss)
#   Set larger code cache with -XX:ReservedCodeCacheSize=
#   JVM is running with Unscaled Compressed Oops mode in which the Java heap is
#     placed in the first 4GB address space. The Java Heap base address is the
#     maximum limit for the native heap growth. Please use -XX:HeapBaseMinAddress
#     to set the Java Heap base and to place the Java Heap above 4GB virtual address.
# This output file may be truncated or incomplete.
#
#  Out of Memory Error (virtualSpaceNode.cpp:110), pid=21220, tid=12776
#
# JRE version: OpenJDK Runtime Environment Temurin-17.0.3+7 (17.0.3+7) (build 17.0.3+7)
# Java VM: OpenJDK 64-Bit Server VM Temurin-17.0.3+7 (17.0.3+7, mixed mode, emulated-client, tiered, compressed oops, compressed class ptrs, g1 gc, windows-amd64)
# No core dump will be written. Minidumps are not enabled by default on client versions of Windows
#

---------------  S U M M A R Y ------------

Command Line: -Dsts.lsp.client=vscode -Dsts.log.file=/dev/null -XX:TieredStopAtLevel=1 -Dspring.config.location=file:c:\Users\WendyDeLaCruzLorenzo\.vscode\extensions\pivotal.vscode-spring-boot-1.38.0\language-server\BOOT-INF\classes\application.properties org.springframework.ide.vscode.boot.app.BootLanguageServerBootApp

Host: AMD Ryzen 5 PRO 3500U w/ Radeon Vega Mobile Gfx, 8 cores, 5G,  Windows 10 , 64 bit Build 19041 (10.0.19041.1889)
Time: Fri Aug 26 16:35:53 2022 Eastern Daylight Time elapsed time: 1.388649 seconds (0d 0h 0m 1s)

---------------  T H R E A D  ---------------

Current thread (0x000002eba2dd0010):  JavaThread "main" [_thread_in_vm, id=12776, stack(0x000000ee1d600000,0x000000ee1d700000)]

Stack: [0x000000ee1d600000,0x000000ee1d700000]
Native frames: (J=compiled Java code, j=interpreted, Vv=VM code, C=native code)
V  [jvm.dll+0x675efa]
V  [jvm.dll+0x830a24]
V  [jvm.dll+0x8321ce]
V  [jvm.dll+0x832833]
V  [jvm.dll+0x2454b5]
V  [jvm.dll+0x82c9cb]
V  [jvm.dll+0x61ab26]
V  [jvm.dll+0x61ab8a]
V  [jvm.dll+0x61d3aa]
V  [jvm.dll+0x61b4c6]
V  [jvm.dll+0x36b4e2]
V  [jvm.dll+0x1e1e3b]
V  [jvm.dll+0x53bba9]
V  [jvm.dll+0x1f0da7]
V  [jvm.dll+0x7aae5b]
V  [jvm.dll+0x7ac202]
V  [jvm.dll+0x7ac538]
V  [jvm.dll+0x23d79e]
V  [jvm.dll+0x37ed5e]
C  0x000002eba5af9a84

Java frames: (J=compiled Java code, j=interpreted, Vv=VM code)
j  java.util.logging.Handler.<init>(Ljava/util/logging/Level;Ljava/util/logging/Formatter;Ljava/util/logging/Formatter;)V+111 java.logging@17.0.3
j  java.util.logging.StreamHandler.<init>(Ljava/util/logging/Level;Ljava/util/logging/Formatter;Ljava/util/logging/Formatter;)V+4 java.logging@17.0.3
j  java.util.logging.ConsoleHandler.<init>()V+12 java.logging@17.0.3
v  ~StubRoutines::call_stub
j  jdk.internal.reflect.NativeConstructorAccessorImpl.newInstance0(Ljava/lang/reflect/Constructor;[Ljava/lang/Object;)Ljava/lang/Object;+0 java.base@17.0.3
j  jdk.internal.reflect.NativeConstructorAccessorImpl.newInstance([Ljava/lang/Object;)Ljava/lang/Object;+118 java.base@17.0.3
j  jdk.internal.reflect.DelegatingConstructorAccessorImpl.newInstance([Ljava/lang/Object;)Ljava/lang/Object;+5 java.base@17.0.3
j  java.lang.reflect.Constructor.newInstanceWithCaller([Ljava/lang/Object;ZLjava/lang/Class;)Ljava/lang/Object;+66 java.base@17.0.3
j  java.lang.reflect.ReflectAccess.newInstance(Ljava/lang/reflect/Constructor;[Ljava/lang/Object;Ljava/lang/Class;)Ljava/lang/Object;+4 java.base@17.0.3
j  jdk.internal.reflect.ReflectionFactory.newInstance(Ljava/lang/reflect/Constructor;[Ljava/lang/Object;Ljava/lang/Class;)Ljava/lang/Object;+7 java.base@17.0.3
j  java.lang.Class.newInstance()Ljava/lang/Object;+118 java.base@17.0.3
j  java.util.logging.LogManager.createLoggerHandlers(Ljava/lang/String;Ljava/lang/String;)Ljava/util/List;+50 java.logging@17.0.3
j  java.util.logging.LogManager$4.run()Ljava/lang/Void;+28 java.logging@17.0.3
j  java.util.logging.LogManager$4.run()Ljava/lang/Object;+1 java.logging@17.0.3
j  java.security.AccessController.executePrivileged(Ljava/security/PrivilegedAction;Ljava/security/AccessControlContext;Ljava/lang/Class;)Ljava/lang/Object;+29 java.base@17.0.3
j  java.security.AccessController.doPrivileged(Ljava/security/PrivilegedAction;)Ljava/lang/Object;+5 java.base@17.0.3
j  java.util.logging.LogManager.loadLoggerHandlers(Ljava/util/logging/Logger;Ljava/lang/String;Ljava/lang/String;)V+11 java.logging@17.0.3
j  java.util.logging.LogManager.initializeGlobalHandlers()V+52 java.logging@17.0.3
j  java.util.logging.LogManager$RootLogger.accessCheckedHandlers()[Ljava/util/logging/Handler;+4 java.logging@17.0.3
j  java.util.logging.Logger.getHandlers()[Ljava/util/logging/Handler;+1 java.logging@17.0.3
j  org.springframework.boot.logging.Slf4JLoggingSystem.isJulUsingASingleConsoleHandlerAtMost()Z+10
j  org.springframework.boot.logging.Slf4JLoggingSystem.isBridgeJulIntoSlf4j()Z+8
j  org.springframework.boot.logging.Slf4JLoggingSystem.configureJdkLoggingBridgeHandler()V+1
j  org.springframework.boot.logging.Slf4JLoggingSystem.beforeInitialize()V+5
j  org.springframework.boot.logging.logback.LogbackLoggingSystem.beforeInitialize()V+15
j  org.springframework.boot.context.logging.LoggingApplicationListener.onApplicationStartingEvent(Lorg/springframework/boot/context/event/ApplicationStartingEvent;)V+18
j  org.springframework.boot.context.logging.LoggingApplicationListener.onApplicationEvent(Lorg/springframework/context/ApplicationEvent;)V+12
j  org.springframework.context.event.SimpleApplicationEventMulticaster.doInvokeListener(Lorg/springframework/context/ApplicationListener;Lorg/springframework/context/ApplicationEvent;)V+2
j  org.springframework.context.event.SimpleApplicationEventMulticaster.invokeListener(Lorg/springframework/context/ApplicationListener;Lorg/springframework/context/ApplicationEvent;)V+34
j  org.springframework.context.event.SimpleApplicationEventMulticaster.multicastEvent(Lorg/springframework/context/ApplicationEvent;Lorg/springframework/core/ResolvableType;)V+83
j  org.springframework.context.event.SimpleApplicationEventMulticaster.multicastEvent(Lorg/springframework/context/ApplicationEvent;)V+7
j  org.springframework.boot.context.event.EventPublishingRunListener.starting()V+19
j  org.springframework.boot.SpringApplicationRunListeners.starting()V+30
j  org.springframework.boot.SpringApplication.run([Ljava/lang/String;)Lorg/springframework/context/ConfigurableApplicationContext;+36
j  org.springframework.boot.SpringApplication.run([Ljava/lang/Class;[Ljava/lang/String;)Lorg/springframework/context/ConfigurableApplicationContext;+9
j  org.springframework.boot.SpringApplication.run(Ljava/lang/Class;[Ljava/lang/String;)Lorg/springframework/context/ConfigurableApplicationContext;+9
j  org.springframework.ide.vscode.boot.app.BootLanguageServerBootApp.main([Ljava/lang/String;)V+19
v  ~StubRoutines::call_stub

---------------  P R O C E S S  ---------------

Threads class SMR info:
_java_thread_list=0x000002ebb0b410c0, length=14, elements={
0x000002eba2dd0010, 0x000002ebaf658760, 0x000002ebaf65b300, 0x000002ebaf67b920,
0x000002ebaf67e760, 0x000002ebb001a400, 0x000002ebb001e1c0, 0x000002ebb001ea80,
0x000002ebb0027390, 0x000002ebb00ea690, 0x000002ebb021e500, 0x000002ebb0234010,
0x000002ebb0ae3970, 0x000002ebb0ae3e80
}

Java Threads: ( => current thread )
=>0x000002eba2dd0010 JavaThread "main" [_thread_in_vm, id=12776, stack(0x000000ee1d600000,0x000000ee1d700000)]
  0x000002ebaf658760 JavaThread "Reference Handler" daemon [_thread_blocked, id=16820, stack(0x000000ee1dd00000,0x000000ee1de00000)]
  0x000002ebaf65b300 JavaThread "Finalizer" daemon [_thread_blocked, id=4100, stack(0x000000ee1de00000,0x000000ee1df00000)]
  0x000002ebaf67b920 JavaThread "Signal Dispatcher" daemon [_thread_blocked, id=12196, stack(0x000000ee1df00000,0x000000ee1e000000)]
  0x000002ebaf67e760 JavaThread "Attach Listener" daemon [_thread_blocked, id=13132, stack(0x000000ee1e000000,0x000000ee1e100000)]
  0x000002ebb001a400 JavaThread "Service Thread" daemon [_thread_blocked, id=20052, stack(0x000000ee1e100000,0x000000ee1e200000)]
  0x000002ebb001e1c0 JavaThread "Monitor Deflation Thread" daemon [_thread_blocked, id=3212, stack(0x000000ee1e200000,0x000000ee1e300000)]
  0x000002ebb001ea80 JavaThread "C1 CompilerThread0" daemon [_thread_blocked, id=2268, stack(0x000000ee1e300000,0x000000ee1e400000)]
  0x000002ebb0027390 JavaThread "Sweeper thread" daemon [_thread_blocked, id=21076, stack(0x000000ee1e400000,0x000000ee1e500000)]
  0x000002ebb00ea690 JavaThread "C1 CompilerThread1" daemon [_thread_blocked, id=20856, stack(0x000000ee1e500000,0x000000ee1e600000)]
  0x000002ebb021e500 JavaThread "Notification Thread" daemon [_thread_blocked, id=10424, stack(0x000000ee1e600000,0x000000ee1e700000)]
  0x000002ebb0234010 JavaThread "Common-Cleaner" daemon [_thread_blocked, id=5212, stack(0x000000ee1e800000,0x000000ee1e900000)]
  0x000002ebb0ae3970 JavaThread "C1 CompilerThread2" daemon [_thread_blocked, id=19208, stack(0x000000ee1e900000,0x000000ee1ea00000)]
  0x000002ebb0ae3e80 JavaThread "C1 CompilerThread3" daemon [_thread_blocked, id=7720, stack(0x000000ee1ea00000,0x000000ee1eb00000)]

Other Threads:
  0x000002ebaf640e50 VMThread "VM Thread" [stack: 0x000000ee1dc00000,0x000000ee1dd00000] [id=10944]
  0x000002ebb021e9d0 WatcherThread [stack: 0x000000ee1e700000,0x000000ee1e800000] [id=7016]
  0x000002eba2e1b970 GCTaskThread "GC Thread#0" [stack: 0x000000ee1d700000,0x000000ee1d800000] [id=11808]
  0x000002ebb0b6fa60 GCTaskThread "GC Thread#1" [stack: 0x000000ee1eb00000,0x000000ee1ec00000] [id=19704]
  0x000002ebb0bbc0f0 GCTaskThread "GC Thread#2" [stack: 0x000000ee1ec00000,0x000000ee1ed00000] [id=4980]
  0x000002ebb0bbc3a0 GCTaskThread "GC Thread#3" [stack: 0x000000ee1ed00000,0x000000ee1ee00000] [id=16516]
  0x000002ebb0bbca60 GCTaskThread "GC Thread#4" [stack: 0x000000ee1ee00000,0x000000ee1ef00000] [id=5080]
  0x000002ebb0bbcd10 GCTaskThread "GC Thread#5" [stack: 0x000000ee1ef00000,0x000000ee1f000000] [id=15616]
  0x000002eba2e29500 ConcurrentGCThread "G1 Main Marker" [stack: 0x000000ee1d800000,0x000000ee1d900000] [id=600]
  0x000002eba2e2a6b0 ConcurrentGCThread "G1 Conc#0" [stack: 0x000000ee1d900000,0x000000ee1da00000] [id=15620]
  0x000002eba2e97300 ConcurrentGCThread "G1 Refine#0" [stack: 0x000000ee1da00000,0x000000ee1db00000] [id=2208]
  0x000002ebaf4b10c0 ConcurrentGCThread "G1 Service" [stack: 0x000000ee1db00000,0x000000ee1dc00000] [id=2280]

Threads with active compile tasks:

VM state: not at safepoint (normal execution)

VM Mutex/Monitor currently owned by a thread:  ([mutex/lock_event])
[0x000002eba1398360] Metaspace_lock - owner thread: 0x000002eba2dd0010

Heap address: 0x00000000a1e00000, size: 1506 MB, Compressed Oops mode: 32-bit

CDS archive(s) not mapped
Compressed class space mapped at: 0x0000000100000000-0x0000000140000000, reserved size: 1073741824
Narrow klass base: 0x0000000000000000, Narrow klass shift: 3, Narrow klass range: 0x140000000

GC Precious Log:
 CPUs: 8 total, 8 available
 Memory: 6022M
 Large Page Support: Disabled
 NUMA Support: Disabled
 Compressed Oops: Enabled (32-bit)
 Heap Region Size: 1M
 Heap Min Capacity: 8M
 Heap Initial Capacity: 96M
 Heap Max Capacity: 1506M
 Pre-touch: Disabled
 Parallel Workers: 8
 Concurrent Workers: 2
 Concurrent Refinement Workers: 8
 Periodic GC: Disabled

Heap:
 garbage-first heap   total 98304K, used 11456K [0x00000000a1e00000, 0x0000000100000000)
  region size 1024K, 7 young (7168K), 3 survivors (3072K)
 Metaspace       used 11539K, committed 11648K, reserved 1064960K
  class space    used 1354K, committed 1408K, reserved 1048576K

Heap Regions: E=young(eden), S=young(survivor), O=old, HS=humongous(starts), HC=humongous(continues), CS=collection set, F=free, OA=open archive, CA=closed archive, TAMS=top-at-mark-start (previous, next)
|   0|0x00000000a1e00000, 0x00000000a1f00000, 0x00000000a1f00000|100%| O|  |TAMS 0x00000000a1e00000, 0x00000000a1e00000| Untracked 
|   1|0x00000000a1f00000, 0x00000000a2000000, 0x00000000a2000000|100%| O|  |TAMS 0x00000000a1f00000, 0x00000000a1f00000| Untracked 
|   2|0x00000000a2000000, 0x00000000a2100000, 0x00000000a2100000|100%| O|  |TAMS 0x00000000a2000000, 0x00000000a2000000| Untracked 
|   3|0x00000000a2100000, 0x00000000a2200000, 0x00000000a2200000|100%| O|  |TAMS 0x00000000a2100000, 0x00000000a2100000| Untracked 
|   4|0x00000000a2200000, 0x00000000a2300000, 0x00000000a2300000|100%| O|  |TAMS 0x00000000a2200000, 0x00000000a2200000| Untracked 
|   5|0x00000000a2300000, 0x00000000a2330000, 0x00000000a2400000| 18%| O|  |TAMS 0x00000000a2300000, 0x00000000a2300000| Untracked 
|   6|0x00000000a2400000, 0x00000000a2400000, 0x00000000a2500000|  0%| F|  |TAMS 0x00000000a2400000, 0x00000000a2400000| Untracked 
|   7|0x00000000a2500000, 0x00000000a2500000, 0x00000000a2600000|  0%| F|  |TAMS 0x00000000a2500000, 0x00000000a2500000| Untracked 
|   8|0x00000000a2600000, 0x00000000a2600000, 0x00000000a2700000|  0%| F|  |TAMS 0x00000000a2600000, 0x00000000a2600000| Untracked 
|   9|0x00000000a2700000, 0x00000000a2700000, 0x00000000a2800000|  0%| F|  |TAMS 0x00000000a2700000, 0x00000000a2700000| Untracked 
|  10|0x00000000a2800000, 0x00000000a2800000, 0x00000000a2900000|  0%| F|  |TAMS 0x00000000a2800000, 0x00000000a2800000| Untracked 
|  11|0x00000000a2900000, 0x00000000a2900000, 0x00000000a2a00000|  0%| F|  |TAMS 0x00000000a2900000, 0x00000000a2900000| Untracked 
|  12|0x00000000a2a00000, 0x00000000a2a00000, 0x00000000a2b00000|  0%| F|  |TAMS 0x00000000a2a00000, 0x00000000a2a00000| Untracked 
|  13|0x00000000a2b00000, 0x00000000a2b00000, 0x00000000a2c00000|  0%| F|  |TAMS 0x00000000a2b00000, 0x00000000a2b00000| Untracked 
|  14|0x00000000a2c00000, 0x00000000a2c00000, 0x00000000a2d00000|  0%| F|  |TAMS 0x00000000a2c00000, 0x00000000a2c00000| Untracked 
|  15|0x00000000a2d00000, 0x00000000a2d00000, 0x00000000a2e00000|  0%| F|  |TAMS 0x00000000a2d00000, 0x00000000a2d00000| Untracked 
|  16|0x00000000a2e00000, 0x00000000a2e00000, 0x00000000a2f00000|  0%| F|  |TAMS 0x00000000a2e00000, 0x00000000a2e00000| Untracked 
|  17|0x00000000a2f00000, 0x00000000a2f00000, 0x00000000a3000000|  0%| F|  |TAMS 0x00000000a2f00000, 0x00000000a2f00000| Untracked 
|  18|0x00000000a3000000, 0x00000000a3000000, 0x00000000a3100000|  0%| F|  |TAMS 0x00000000a3000000, 0x00000000a3000000| Untracked 
|  19|0x00000000a3100000, 0x00000000a3100000, 0x00000000a3200000|  0%| F|  |TAMS 0x00000000a3100000, 0x00000000a3100000| Untracked 
|  20|0x00000000a3200000, 0x00000000a3200000, 0x00000000a3300000|  0%| F|  |TAMS 0x00000000a3200000, 0x00000000a3200000| Untracked 
|  21|0x00000000a3300000, 0x00000000a3300000, 0x00000000a3400000|  0%| F|  |TAMS 0x00000000a3300000, 0x00000000a3300000| Untracked 
|  22|0x00000000a3400000, 0x00000000a3400000, 0x00000000a3500000|  0%| F|  |TAMS 0x00000000a3400000, 0x00000000a3400000| Untracked 
|  23|0x00000000a3500000, 0x00000000a3500000, 0x00000000a3600000|  0%| F|  |TAMS 0x00000000a3500000, 0x00000000a3500000| Untracked 
|  24|0x00000000a3600000, 0x00000000a3600000, 0x00000000a3700000|  0%| F|  |TAMS 0x00000000a3600000, 0x00000000a3600000| Untracked 
|  25|0x00000000a3700000, 0x00000000a3700000, 0x00000000a3800000|  0%| F|  |TAMS 0x00000000a3700000, 0x00000000a3700000| Untracked 
|  26|0x00000000a3800000, 0x00000000a3800000, 0x00000000a3900000|  0%| F|  |TAMS 0x00000000a3800000, 0x00000000a3800000| Untracked 
|  27|0x00000000a3900000, 0x00000000a3900000, 0x00000000a3a00000|  0%| F|  |TAMS 0x00000000a3900000, 0x00000000a3900000| Untracked 
|  28|0x00000000a3a00000, 0x00000000a3a00000, 0x00000000a3b00000|  0%| F|  |TAMS 0x00000000a3a00000, 0x00000000a3a00000| Untracked 
|  29|0x00000000a3b00000, 0x00000000a3b00000, 0x00000000a3c00000|  0%| F|  |TAMS 0x00000000a3b00000, 0x00000000a3b00000| Untracked 
|  30|0x00000000a3c00000, 0x00000000a3c00000, 0x00000000a3d00000|  0%| F|  |TAMS 0x00000000a3c00000, 0x00000000a3c00000| Untracked 
|  31|0x00000000a3d00000, 0x00000000a3d00000, 0x00000000a3e00000|  0%| F|  |TAMS 0x00000000a3d00000, 0x00000000a3d00000| Untracked 
|  32|0x00000000a3e00000, 0x00000000a3e00000, 0x00000000a3f00000|  0%| F|  |TAMS 0x00000000a3e00000, 0x00000000a3e00000| Untracked 
|  33|0x00000000a3f00000, 0x00000000a3f00000, 0x00000000a4000000|  0%| F|  |TAMS 0x00000000a3f00000, 0x00000000a3f00000| Untracked 
|  34|0x00000000a4000000, 0x00000000a4000000, 0x00000000a4100000|  0%| F|  |TAMS 0x00000000a4000000, 0x00000000a4000000| Untracked 
|  35|0x00000000a4100000, 0x00000000a4100000, 0x00000000a4200000|  0%| F|  |TAMS 0x00000000a4100000, 0x00000000a4100000| Untracked 
|  36|0x00000000a4200000, 0x00000000a4200000, 0x00000000a4300000|  0%| F|  |TAMS 0x00000000a4200000, 0x00000000a4200000| Untracked 
|  37|0x00000000a4300000, 0x00000000a4300000, 0x00000000a4400000|  0%| F|  |TAMS 0x00000000a4300000, 0x00000000a4300000| Untracked 
|  38|0x00000000a4400000, 0x00000000a4400000, 0x00000000a4500000|  0%| F|  |TAMS 0x00000000a4400000, 0x00000000a4400000| Untracked 
|  39|0x00000000a4500000, 0x00000000a4500000, 0x00000000a4600000|  0%| F|  |TAMS 0x00000000a4500000, 0x00000000a4500000| Untracked 
|  40|0x00000000a4600000, 0x00000000a4600000, 0x00000000a4700000|  0%| F|  |TAMS 0x00000000a4600000, 0x00000000a4600000| Untracked 
|  41|0x00000000a4700000, 0x00000000a4700000, 0x00000000a4800000|  0%| F|  |TAMS 0x00000000a4700000, 0x00000000a4700000| Untracked 
|  42|0x00000000a4800000, 0x00000000a4800000, 0x00000000a4900000|  0%| F|  |TAMS 0x00000000a4800000, 0x00000000a4800000| Untracked 
|  43|0x00000000a4900000, 0x00000000a4900000, 0x00000000a4a00000|  0%| F|  |TAMS 0x00000000a4900000, 0x00000000a4900000| Untracked 
|  44|0x00000000a4a00000, 0x00000000a4a00000, 0x00000000a4b00000|  0%| F|  |TAMS 0x00000000a4a00000, 0x00000000a4a00000| Untracked 
|  45|0x00000000a4b00000, 0x00000000a4b00000, 0x00000000a4c00000|  0%| F|  |TAMS 0x00000000a4b00000, 0x00000000a4b00000| Untracked 
|  46|0x00000000a4c00000, 0x00000000a4c00000, 0x00000000a4d00000|  0%| F|  |TAMS 0x00000000a4c00000, 0x00000000a4c00000| Untracked 
|  47|0x00000000a4d00000, 0x00000000a4d00000, 0x00000000a4e00000|  0%| F|  |TAMS 0x00000000a4d00000, 0x00000000a4d00000| Untracked 
|  48|0x00000000a4e00000, 0x00000000a4e00000, 0x00000000a4f00000|  0%| F|  |TAMS 0x00000000a4e00000, 0x00000000a4e00000| Untracked 
|  49|0x00000000a4f00000, 0x00000000a4f00000, 0x00000000a5000000|  0%| F|  |TAMS 0x00000000a4f00000, 0x00000000a4f00000| Untracked 
|  50|0x00000000a5000000, 0x00000000a5000000, 0x00000000a5100000|  0%| F|  |TAMS 0x00000000a5000000, 0x00000000a5000000| Untracked 
|  51|0x00000000a5100000, 0x00000000a5100000, 0x00000000a5200000|  0%| F|  |TAMS 0x00000000a5100000, 0x00000000a5100000| Untracked 
|  52|0x00000000a5200000, 0x00000000a5200000, 0x00000000a5300000|  0%| F|  |TAMS 0x00000000a5200000, 0x00000000a5200000| Untracked 
|  53|0x00000000a5300000, 0x00000000a5300000, 0x00000000a5400000|  0%| F|  |TAMS 0x00000000a5300000, 0x00000000a5300000| Untracked 
|  54|0x00000000a5400000, 0x00000000a5400000, 0x00000000a5500000|  0%| F|  |TAMS 0x00000000a5400000, 0x00000000a5400000| Untracked 
|  55|0x00000000a5500000, 0x00000000a5500000, 0x00000000a5600000|  0%| F|  |TAMS 0x00000000a5500000, 0x00000000a5500000| Untracked 
|  56|0x00000000a5600000, 0x00000000a5600000, 0x00000000a5700000|  0%| F|  |TAMS 0x00000000a5600000, 0x00000000a5600000| Untracked 
|  57|0x00000000a5700000, 0x00000000a5700000, 0x00000000a5800000|  0%| F|  |TAMS 0x00000000a5700000, 0x00000000a5700000| Untracked 
|  58|0x00000000a5800000, 0x00000000a5800000, 0x00000000a5900000|  0%| F|  |TAMS 0x00000000a5800000, 0x00000000a5800000| Untracked 
|  59|0x00000000a5900000, 0x00000000a5900000, 0x00000000a5a00000|  0%| F|  |TAMS 0x00000000a5900000, 0x00000000a5900000| Untracked 
|  60|0x00000000a5a00000, 0x00000000a5a00000, 0x00000000a5b00000|  0%| F|  |TAMS 0x00000000a5a00000, 0x00000000a5a00000| Untracked 
|  61|0x00000000a5b00000, 0x00000000a5b00000, 0x00000000a5c00000|  0%| F|  |TAMS 0x00000000a5b00000, 0x00000000a5b00000| Untracked 
|  62|0x00000000a5c00000, 0x00000000a5c00000, 0x00000000a5d00000|  0%| F|  |TAMS 0x00000000a5c00000, 0x00000000a5c00000| Untracked 
|  63|0x00000000a5d00000, 0x00000000a5d00000, 0x00000000a5e00000|  0%| F|  |TAMS 0x00000000a5d00000, 0x00000000a5d00000| Untracked 
|  64|0x00000000a5e00000, 0x00000000a5e00000, 0x00000000a5f00000|  0%| F|  |TAMS 0x00000000a5e00000, 0x00000000a5e00000| Untracked 
|  65|0x00000000a5f00000, 0x00000000a5f00000, 0x00000000a6000000|  0%| F|  |TAMS 0x00000000a5f00000, 0x00000000a5f00000| Untracked 
|  66|0x00000000a6000000, 0x00000000a6000000, 0x00000000a6100000|  0%| F|  |TAMS 0x00000000a6000000, 0x00000000a6000000| Untracked 
|  67|0x00000000a6100000, 0x00000000a6100000, 0x00000000a6200000|  0%| F|  |TAMS 0x00000000a6100000, 0x00000000a6100000| Untracked 
|  68|0x00000000a6200000, 0x00000000a6200000, 0x00000000a6300000|  0%| F|  |TAMS 0x00000000a6200000, 0x00000000a6200000| Untracked 
|  69|0x00000000a6300000, 0x00000000a6300000, 0x00000000a6400000|  0%| F|  |TAMS 0x00000000a6300000, 0x00000000a6300000| Untracked 
|  70|0x00000000a6400000, 0x00000000a6500000, 0x00000000a6500000|100%| S|CS|TAMS 0x00000000a6400000, 0x00000000a6400000| Complete 
|  71|0x00000000a6500000, 0x00000000a6600000, 0x00000000a6600000|100%| S|CS|TAMS 0x00000000a6500000, 0x00000000a6500000| Complete 
|  72|0x00000000a6600000, 0x00000000a6700000, 0x00000000a6700000|100%| S|CS|TAMS 0x00000000a6600000, 0x00000000a6600000| Complete 
|  73|0x00000000a6700000, 0x00000000a6700000, 0x00000000a6800000|  0%| F|  |TAMS 0x00000000a6700000, 0x00000000a6700000| Untracked 
|  74|0x00000000a6800000, 0x00000000a6800000, 0x00000000a6900000|  0%| F|  |TAMS 0x00000000a6800000, 0x00000000a6800000| Untracked 
|  75|0x00000000a6900000, 0x00000000a6900000, 0x00000000a6a00000|  0%| F|  |TAMS 0x00000000a6900000, 0x00000000a6900000| Untracked 
|  76|0x00000000a6a00000, 0x00000000a6a00000, 0x00000000a6b00000|  0%| F|  |TAMS 0x00000000a6a00000, 0x00000000a6a00000| Untracked 
|  77|0x00000000a6b00000, 0x00000000a6b00000, 0x00000000a6c00000|  0%| F|  |TAMS 0x00000000a6b00000, 0x00000000a6b00000| Untracked 
|  78|0x00000000a6c00000, 0x00000000a6c00000, 0x00000000a6d00000|  0%| F|  |TAMS 0x00000000a6c00000, 0x00000000a6c00000| Untracked 
|  79|0x00000000a6d00000, 0x00000000a6d00000, 0x00000000a6e00000|  0%| F|  |TAMS 0x00000000a6d00000, 0x00000000a6d00000| Untracked 
|  80|0x00000000a6e00000, 0x00000000a6e00000, 0x00000000a6f00000|  0%| F|  |TAMS 0x00000000a6e00000, 0x00000000a6e00000| Untracked 
|  81|0x00000000a6f00000, 0x00000000a6f00000, 0x00000000a7000000|  0%| F|  |TAMS 0x00000000a6f00000, 0x00000000a6f00000| Untracked 
|  82|0x00000000a7000000, 0x00000000a7000000, 0x00000000a7100000|  0%| F|  |TAMS 0x00000000a7000000, 0x00000000a7000000| Untracked 
|  83|0x00000000a7100000, 0x00000000a7100000, 0x00000000a7200000|  0%| F|  |TAMS 0x00000000a7100000, 0x00000000a7100000| Untracked 
|  84|0x00000000a7200000, 0x00000000a7200000, 0x00000000a7300000|  0%| F|  |TAMS 0x00000000a7200000, 0x00000000a7200000| Untracked 
|  85|0x00000000a7300000, 0x00000000a7300000, 0x00000000a7400000|  0%| F|  |TAMS 0x00000000a7300000, 0x00000000a7300000| Untracked 
|  86|0x00000000a7400000, 0x00000000a7400000, 0x00000000a7500000|  0%| F|  |TAMS 0x00000000a7400000, 0x00000000a7400000| Untracked 
|  87|0x00000000a7500000, 0x00000000a7500000, 0x00000000a7600000|  0%| F|  |TAMS 0x00000000a7500000, 0x00000000a7500000| Untracked 
|  88|0x00000000a7600000, 0x00000000a7600000, 0x00000000a7700000|  0%| F|  |TAMS 0x00000000a7600000, 0x00000000a7600000| Untracked 
|  89|0x00000000a7700000, 0x00000000a7700000, 0x00000000a7800000|  0%| F|  |TAMS 0x00000000a7700000, 0x00000000a7700000| Untracked 
|  90|0x00000000a7800000, 0x00000000a7800000, 0x00000000a7900000|  0%| F|  |TAMS 0x00000000a7800000, 0x00000000a7800000| Untracked 
|  91|0x00000000a7900000, 0x00000000a7900000, 0x00000000a7a00000|  0%| F|  |TAMS 0x00000000a7900000, 0x00000000a7900000| Untracked 
|  92|0x00000000a7a00000, 0x00000000a7b00000, 0x00000000a7b00000|100%| E|  |TAMS 0x00000000a7a00000, 0x00000000a7a00000| Complete 
|  93|0x00000000a7b00000, 0x00000000a7c00000, 0x00000000a7c00000|100%| E|CS|TAMS 0x00000000a7b00000, 0x00000000a7b00000| Complete 
|  94|0x00000000a7c00000, 0x00000000a7d00000, 0x00000000a7d00000|100%| E|CS|TAMS 0x00000000a7c00000, 0x00000000a7c00000| Complete 
|  95|0x00000000a7d00000, 0x00000000a7e00000, 0x00000000a7e00000|100%| E|CS|TAMS 0x00000000a7d00000, 0x00000000a7d00000| Complete 

Card table byte_map: [0x000002eba9670000,0x000002eba9970000] _byte_map_base: 0x000002eba9161000

Marking Bits (Prev, Next): (CMBitMap*) 0x000002eba2e1cf90, (CMBitMap*) 0x000002eba2e1cfd0
 Prev Bits: [0x000002eba9c70000, 0x000002ebab3f8000)
 Next Bits: [0x000002ebab400000, 0x000002ebacb88000)

Polling page: 0x000002eba15b0000

Metaspace:

Usage:
  Non-class:      9.95 MB used.
      Class:      1.32 MB used.
       Both:     11.27 MB used.

Virtual space:
  Non-class space:       16.00 MB reserved,      10.00 MB ( 62%) committed,  2 nodes.
      Class space:        1.00 GB reserved,       1.38 MB ( <1%) committed,  1 nodes.
             Both:        1.02 GB reserved,      11.38 MB (  1%) committed. 

Chunk freelists:
   Non-Class:  1.89 MB
       Class:  2.60 MB
        Both:  4.49 MB

MaxMetaspaceSize: unlimited
CompressedClassSpaceSize: 1.00 GB
Initial GC threshold: 21.00 MB
Current GC threshold: 21.00 MB
CDS: off
MetaspaceReclaimPolicy: balanced
 - commit_granule_bytes: 65536.
 - commit_granule_words: 8192.
 - virtual_space_node_default_size: 1048576.
 - enlarge_chunks_in_place: 1.
 - new_chunks_are_fully_committed: 0.
 - uncommit_free_chunks: 1.
 - use_allocation_guard: 0.
 - handle_deallocations: 1.


Internal statistics:

num_allocs_failed_limit: 0.
num_arena_births: 56.
num_arena_deaths: 0.
num_vsnodes_births: 3.
num_vsnodes_deaths: 0.
num_space_committed: 182.
num_space_uncommitted: 0.
num_chunks_returned_to_freelist: 0.
num_chunks_taken_from_freelist: 206.
num_chunk_merges: 0.
num_chunk_splits: 135.
num_chunks_enlarged: 109.
num_purges: 0.
num_inconsistent_stats: 0.

CodeCache: size=49152Kb used=4311Kb max_used=4311Kb free=44840Kb
 bounds [0x000002eba5ae0000, 0x000002eba5f20000, 0x000002eba8ae0000]
 total_blobs=1427 nmethods=1007 adapters=345
 compilation: enabled
              stopped_count=0, restarted_count=0
 full_count=0

Compilation events (20 events):
Event: 1.356 Thread 0x000002ebb0ae3970  997       1       java.lang.invoke.TypeConvertingMethodAdapter::descriptorToName (36 bytes)
Event: 1.356 Thread 0x000002ebb001ea80  998       1       jdk.internal.org.objectweb.asm.MethodWriter::endCurrentBasicBlockWithNoSuccessor (94 bytes)
Event: 1.357 Thread 0x000002ebb001ea80 nmethod 998 0x000002eba5f0ff10 code [0x000002eba5f100e0, 0x000002eba5f10508]
Event: 1.357 Thread 0x000002ebb0ae3970 nmethod 997 0x000002eba5f10690 code [0x000002eba5f10880, 0x000002eba5f10c28]
Event: 1.357 Thread 0x000002ebb001ea80 1000       1       jdk.internal.org.objectweb.asm.Frame::setLocal (65 bytes)
Event: 1.358 Thread 0x000002ebb0ae3e80 1001       1       jdk.internal.org.objectweb.asm.MethodVisitor::<init> (88 bytes)
Event: 1.358 Thread 0x000002ebb001ea80 nmethod 1000 0x000002eba5f11210 code [0x000002eba5f113c0, 0x000002eba5f11788]
Event: 1.358 Thread 0x000002ebb0ae3e80 nmethod 1001 0x000002eba5f11910 code [0x000002eba5f11b00, 0x000002eba5f11fa8]
Event: 1.364 Thread 0x000002ebb001ea80 1002       1       java.lang.invoke.MemberName::getType (19 bytes)
Event: 1.364 Thread 0x000002ebb001ea80 nmethod 1002 0x000002eba5f12190 code [0x000002eba5f12340, 0x000002eba5f12498]
Event: 1.366 Thread 0x000002ebb001ea80 1003       1       java.util.regex.Pattern::has (15 bytes)
Event: 1.366 Thread 0x000002ebb001ea80 nmethod 1003 0x000002eba5f12510 code [0x000002eba5f126a0, 0x000002eba5f12778]
Event: 1.370 Thread 0x000002ebb001ea80 1004       1       java.util.HashMap::containsKey (14 bytes)
Event: 1.370 Thread 0x000002ebb001ea80 nmethod 1004 0x000002eba5f12e10 code [0x000002eba5f12fa0, 0x000002eba5f13088]
Event: 1.370 Thread 0x000002ebb001ea80 1005       1       java.lang.Class::descriptorString (170 bytes)
Event: 1.370 Thread 0x000002ebb00ea690 1006       1       java.util.HashMap::computeIfAbsent (330 bytes)
Event: 1.371 Thread 0x000002ebb001ea80 nmethod 1005 0x000002eba5f13110 code [0x000002eba5f13460, 0x000002eba5f13fb8]
Event: 1.372 Thread 0x000002ebb00ea690 nmethod 1006 0x000002eba5f14610 code [0x000002eba5f148a0, 0x000002eba5f151c8]
Event: 1.377 Thread 0x000002ebb001ea80 1007       1       jdk.internal.org.objectweb.asm.MethodWriter::visitTypeInsn (116 bytes)
Event: 1.377 Thread 0x000002ebb001ea80 nmethod 1007 0x000002eba5f15710 code [0x000002eba5f158e0, 0x000002eba5f15ae8]

GC Heap History (2 events):
Event: 1.244 GC heap before
{Heap before GC invocations=0 (full 0):
 garbage-first heap   total 98304K, used 23552K [0x00000000a1e00000, 0x0000000100000000)
  region size 1024K, 23 young (23552K), 0 survivors (0K)
 Metaspace       used 10167K, committed 10368K, reserved 1064960K
  class space    used 1162K, committed 1280K, reserved 1048576K
}
Event: 1.255 GC heap after
{Heap after GC invocations=1 (full 0):
 garbage-first heap   total 98304K, used 8384K [0x00000000a1e00000, 0x0000000100000000)
  region size 1024K, 3 young (3072K), 3 survivors (3072K)
 Metaspace       used 10167K, committed 10368K, reserved 1064960K
  class space    used 1162K, committed 1280K, reserved 1048576K
}

Deoptimization events (2 events):
Event: 1.316 Thread 0x000002eba2dd0010 DEOPT PACKING pc=0x000002eba5ef9075 sp=0x000000ee1d6fd730
Event: 1.316 Thread 0x000002eba2dd0010 DEOPT UNPACKING pc=0x000002eba5b32b43 sp=0x000000ee1d6fcba0 mode 3

Classes unloaded (0 events):
No events

Classes redefined (0 events):
No events

Internal exceptions (8 events):
Event: 0.734 Thread 0x000002eba2dd0010 Exception <a 'java/lang/ClassNotFoundException'{0x00000000a723b448}: javax/smartcardio/CardPermission> (0x00000000a723b448) 
thrown [e:\jenkins\tmp\workspace\build\src\src\hotspot\share\classfile\systemDictionary.cpp, line 256]
Event: 0.738 Thread 0x000002eba2dd0010 Exception <a 'java/io/FileNotFoundException'{0x00000000a7249c08}> (0x00000000a7249c08) 
thrown [e:\jenkins\tmp\workspace\build\src\src\hotspot\share\prims\jni.cpp, line 516]
Event: 1.226 Thread 0x000002eba2dd0010 Exception <a 'java/lang/NoSuchMethodError'{0x00000000a67894e8}: 'int java.lang.invoke.DirectMethodHandle$Holder.invokeStaticInit(java.lang.Object, java.lang.Object)'> (0x00000000a67894e8) 
thrown [e:\jenkins\tmp\workspace\build\src\src\hotspot\share\interpreter\linkResolver.cpp, line 766]
Event: 1.299 Thread 0x000002eba2dd0010 Exception <a 'java/lang/NoSuchMethodError'{0x00000000a7c32290}: 'java.lang.Object java.lang.invoke.Invokers$Holder.invokeExact_MT(java.lang.Object, java.lang.Object, java.lang.Object, java.lang.Object, java.lang.Object, java.lang.Object)'> (0x00000000a7c32290) 
thrown [e:\jenkins\tmp\workspace\build\src\src\hotspot\share\interpreter\linkResolver.cpp, line 766]
Event: 1.318 Thread 0x000002eba2dd0010 Exception <a 'java/lang/NoSuchMethodError'{0x00000000a7b3db80}: 'int java.lang.invoke.DirectMethodHandle$Holder.invokeStaticInit(java.lang.Object, java.lang.Object, java.lang.Object)'> (0x00000000a7b3db80) 
thrown [e:\jenkins\tmp\workspace\build\src\src\hotspot\share\interpreter\linkResolver.cpp, line 766]
Event: 1.323 Thread 0x000002eba2dd0010 Exception <a 'java/lang/NoSuchMethodError'{0x00000000a7b69798}: 'java.lang.Object java.lang.invoke.DirectMethodHandle$Holder.invokeVirtual(java.lang.Object, java.lang.Object, java.lang.Object)'> (0x00000000a7b69798) 
thrown [e:\jenkins\tmp\workspace\build\src\src\hotspot\share\interpreter\linkResolver.cpp, line 766]
Event: 1.328 Thread 0x000002eba2dd0010 Exception <a 'java/lang/NoSuchMethodError'{0x00000000a7b9a570}: 'java.lang.Object java.lang.invoke.DirectMethodHandle$Holder.newInvokeSpecial(java.lang.Object, java.lang.Object, java.lang.Object, java.lang.Object, java.lang.Object)'> (0x00000000a7b9a570) 
thrown [e:\jenkins\tmp\workspace\build\src\src\hotspot\share\interpreter\linkResolver.cpp, line 766]
Event: 1.357 Thread 0x000002eba2dd0010 Exception <a 'java/lang/NoSuchMethodError'{0x00000000a7a8c3b8}: 'void java.lang.invoke.DirectMethodHandle$Holder.invokeStatic(java.lang.Object, java.lang.Object, java.lang.Object)'> (0x00000000a7a8c3b8) 
thrown [e:\jenkins\tmp\workspace\build\src\src\hotspot\share\interpreter\linkResolver.cpp, line 766]

VM Operations (12 events):
Event: 0.427 Executing VM operation: HandshakeAllThreads
Event: 0.427 Executing VM operation: HandshakeAllThreads done
Event: 0.778 Executing VM operation: HandshakeAllThreads
Event: 0.778 Executing VM operation: HandshakeAllThreads done
Event: 1.097 Executing VM operation: HandshakeAllThreads
Event: 1.097 Executing VM operation: HandshakeAllThreads done
Event: 1.097 Executing VM operation: Cleanup
Event: 1.097 Executing VM operation: Cleanup done
Event: 1.189 Executing VM operation: HandshakeAllThreads
Event: 1.189 Executing VM operation: HandshakeAllThreads done
Event: 1.243 Executing VM operation: G1CollectForAllocation
Event: 1.255 Executing VM operation: G1CollectForAllocation done

Events (20 events):
Event: 1.382 loading class java/util/logging/Formatter
Event: 1.382 loading class java/util/logging/Formatter done
Event: 1.382 loading class java/util/logging/SimpleFormatter done
Event: 1.382 loading class jdk/internal/logger/SurrogateLogger
Event: 1.382 loading class jdk/internal/logger/SimpleConsoleLogger
Event: 1.382 loading class sun/util/logging/PlatformLogger$ConfigurableBridge$LoggerConfiguration
Event: 1.382 loading class sun/util/logging/PlatformLogger$ConfigurableBridge$LoggerConfiguration done
Event: 1.383 loading class jdk/internal/logger/SimpleConsoleLogger done
Event: 1.383 loading class jdk/internal/logger/SurrogateLogger done
Event: 1.383 loading class java/lang/System$Logger$Level
Event: 1.383 loading class java/lang/System$Logger$Level done
Event: 1.383 loading class sun/util/logging/PlatformLogger
Event: 1.383 loading class sun/util/logging/PlatformLogger done
Event: 1.383 loading class sun/util/logging/PlatformLogger$Level
Event: 1.383 loading class sun/util/logging/PlatformLogger$Level done
Event: 1.383 loading class jdk/internal/logger/SimpleConsoleLogger$Formatting
Event: 1.383 loading class jdk/internal/logger/SimpleConsoleLogger$Formatting done
Event: 1.383 loading class java/util/logging/ErrorManager
Event: 1.384 loading class java/util/logging/ErrorManager done
Event: 1.384 loading class java/util/logging/Handler$1


Dynamic libraries:
0x00007ff65d150000 - 0x00007ff65d15e000 	c:\Users\WendyDeLaCruzLorenzo\.vscode\extensions\redhat.java-1.9.0-win32-x64\jre\17.0.3-win32-x86_64\bin\java.exe
0x00007fff16a30000 - 0x00007fff16c28000 	C:\WINDOWS\SYSTEM32\ntdll.dll
0x00007fff14b10000 - 0x00007fff14bcd000 	C:\WINDOWS\System32\KERNEL32.DLL
0x00007fff14550000 - 0x00007fff1481e000 	C:\WINDOWS\System32\KERNELBASE.dll
0x00007fff148e0000 - 0x00007fff149e0000 	C:\WINDOWS\System32\ucrtbase.dll
0x00007ffef7b80000 - 0x00007ffef7b99000 	c:\Users\WendyDeLaCruzLorenzo\.vscode\extensions\redhat.java-1.9.0-win32-x64\jre\17.0.3-win32-x86_64\bin\VCRUNTIME140.dll
0x00007ffef7f00000 - 0x00007ffef7f18000 	c:\Users\WendyDeLaCruzLorenzo\.vscode\extensions\redhat.java-1.9.0-win32-x64\jre\17.0.3-win32-x86_64\bin\jli.dll
0x00007fff156e0000 - 0x00007fff15880000 	C:\WINDOWS\System32\USER32.dll
0x00007fff02e80000 - 0x00007fff0311a000 	C:\WINDOWS\WinSxS\amd64_microsoft.windows.common-controls_6595b64144ccf1df_6.0.19041.1110_none_60b5254171f9507e\COMCTL32.dll
0x00007fff14150000 - 0x00007fff14172000 	C:\WINDOWS\System32\win32u.dll
0x00007fff14fa0000 - 0x00007fff1503e000 	C:\WINDOWS\System32\msvcrt.dll
0x00007fff15ed0000 - 0x00007fff15efa000 	C:\WINDOWS\System32\GDI32.dll
0x00007fff14180000 - 0x00007fff1428b000 	C:\WINDOWS\System32\gdi32full.dll
0x00007fff14350000 - 0x00007fff143ed000 	C:\WINDOWS\System32\msvcp_win.dll
0x00007fff15df0000 - 0x00007fff15e20000 	C:\WINDOWS\System32\IMM32.DLL
0x000002eba15d0000 - 0x000002eba15e4000 	C:\WINDOWS\System32\umppc15610.dll
0x00007fff0cb00000 - 0x00007fff0cb0c000 	c:\Users\WendyDeLaCruzLorenzo\.vscode\extensions\redhat.java-1.9.0-win32-x64\jre\17.0.3-win32-x86_64\bin\vcruntime140_1.dll
0x00007ffee4c10000 - 0x00007ffee4ca1000 	c:\Users\WendyDeLaCruzLorenzo\.vscode\extensions\redhat.java-1.9.0-win32-x64\jre\17.0.3-win32-x86_64\bin\msvcp140.dll
0x00007ffe7fb30000 - 0x00007ffe80778000 	c:\Users\WendyDeLaCruzLorenzo\.vscode\extensions\redhat.java-1.9.0-win32-x64\jre\17.0.3-win32-x86_64\bin\server\jvm.dll
0x00007fff15040000 - 0x00007fff150ee000 	C:\WINDOWS\System32\ADVAPI32.dll
0x00007fff14d10000 - 0x00007fff14dac000 	C:\WINDOWS\System32\sechost.dll
0x00007fff14bd0000 - 0x00007fff14cf5000 	C:\WINDOWS\System32\RPCRT4.dll
0x00007fff15de0000 - 0x00007fff15de8000 	C:\WINDOWS\System32\PSAPI.DLL
0x00007fff02440000 - 0x00007fff02449000 	C:\WINDOWS\SYSTEM32\WSOCK32.dll
0x00007fff15d70000 - 0x00007fff15ddb000 	C:\WINDOWS\System32\WS2_32.dll
0x00007fff0b0d0000 - 0x00007fff0b0f7000 	C:\WINDOWS\SYSTEM32\WINMM.dll
0x00007fff0b100000 - 0x00007fff0b10a000 	C:\WINDOWS\SYSTEM32\VERSION.dll
0x00007fff128d0000 - 0x00007fff128e2000 	C:\WINDOWS\SYSTEM32\kernel.appcore.dll
0x00007fff03180000 - 0x00007fff0318a000 	c:\Users\WendyDeLaCruzLorenzo\.vscode\extensions\redhat.java-1.9.0-win32-x64\jre\17.0.3-win32-x86_64\bin\jimage.dll
0x00007fff12690000 - 0x00007fff12874000 	C:\WINDOWS\SYSTEM32\DBGHELP.DLL
0x00007fff00af0000 - 0x00007fff00b1c000 	C:\WINDOWS\SYSTEM32\dbgcore.DLL
0x00007fff14850000 - 0x00007fff148d2000 	C:\WINDOWS\System32\bcryptPrimitives.dll
0x00007ffef73b0000 - 0x00007ffef73d5000 	c:\Users\WendyDeLaCruzLorenzo\.vscode\extensions\redhat.java-1.9.0-win32-x64\jre\17.0.3-win32-x86_64\bin\java.dll
0x00007ffef7330000 - 0x00007ffef7348000 	c:\Users\WendyDeLaCruzLorenzo\.vscode\extensions\redhat.java-1.9.0-win32-x64\jre\17.0.3-win32-x86_64\bin\zip.dll
0x00007fff15ff0000 - 0x00007fff16734000 	C:\WINDOWS\System32\SHELL32.dll
0x00007fff11e20000 - 0x00007fff125b4000 	C:\WINDOWS\SYSTEM32\windows.storage.dll
0x00007fff15380000 - 0x00007fff156d4000 	C:\WINDOWS\System32\combase.dll
0x00007fff13ae0000 - 0x00007fff13b10000 	C:\WINDOWS\SYSTEM32\Wldp.dll
0x00007fff16750000 - 0x00007fff167fd000 	C:\WINDOWS\System32\SHCORE.dll
0x00007fff14a90000 - 0x00007fff14ae5000 	C:\WINDOWS\System32\shlwapi.dll
0x00007fff14090000 - 0x00007fff140af000 	C:\WINDOWS\SYSTEM32\profapi.dll
0x00007ffef72e0000 - 0x00007ffef72f9000 	C:\Users\WendyDeLaCruzLorenzo\.vscode\extensions\redhat.java-1.9.0-win32-x64\jre\17.0.3-win32-x86_64\bin\net.dll
0x00007fff13140000 - 0x00007fff1324a000 	C:\WINDOWS\SYSTEM32\WINHTTP.dll
0x00007fff13840000 - 0x00007fff138aa000 	C:\WINDOWS\system32\mswsock.dll
0x00007ffef71e0000 - 0x00007ffef71f5000 	C:\Users\WendyDeLaCruzLorenzo\.vscode\extensions\redhat.java-1.9.0-win32-x64\jre\17.0.3-win32-x86_64\bin\nio.dll
0x00007fff01410000 - 0x00007fff01420000 	c:\Users\WendyDeLaCruzLorenzo\.vscode\extensions\redhat.java-1.9.0-win32-x64\jre\17.0.3-win32-x86_64\bin\verify.dll

dbghelp: loaded successfully - version: 4.0.5 - missing functions: none
symbol engine: initialized successfully - sym options: 0x614 - pdb path: .;c:\Users\WendyDeLaCruzLorenzo\.vscode\extensions\redhat.java-1.9.0-win32-x64\jre\17.0.3-win32-x86_64\bin;C:\WINDOWS\SYSTEM32;C:\WINDOWS\WinSxS\amd64_microsoft.windows.common-controls_6595b64144ccf1df_6.0.19041.1110_none_60b5254171f9507e;c:\Users\WendyDeLaCruzLorenzo\.vscode\extensions\redhat.java-1.9.0-win32-x64\jre\17.0.3-win32-x86_64\bin\server

VM Arguments:
jvm_args: -Dsts.lsp.client=vscode -Dsts.log.file=/dev/null -XX:TieredStopAtLevel=1 -Dspring.config.location=file:c:\Users\WendyDeLaCruzLorenzo\.vscode\extensions\pivotal.vscode-spring-boot-1.38.0\language-server\BOOT-INF\classes\application.properties 
java_command: org.springframework.ide.vscode.boot.app.BootLanguageServerBootApp
java_class_path (initial): c:\Users\WendyDeLaCruzLorenzo\.vscode\extensions\pivotal.vscode-spring-boot-1.38.0\language-server\BOOT-INF\classes;c:\Users\WendyDeLaCruzLorenzo\.vscode\extensions\pivotal.vscode-spring-boot-1.38.0\language-server\BOOT-INF\lib\annotations-23.0.0.jar;c:\Users\WendyDeLaCruzLorenzo\.vscode\extensions\pivotal.vscode-spring-boot-1.38.0\language-server\BOOT-INF\lib\antlr-runtime-3.5.2.jar;c:\Users\WendyDeLaCruzLorenzo\.vscode\extensions\pivotal.vscode-spring-boot-1.38.0\language-server\BOOT-INF\lib\antlr4-4.9.3.jar;c:\Users\WendyDeLaCruzLorenzo\.vscode\extensions\pivotal.vscode-spring-boot-1.38.0\language-server\BOOT-INF\lib\antlr4-runtime-4.9.3.jar;c:\Users\WendyDeLaCruzLorenzo\.vscode\extensions\pivotal.vscode-spring-boot-1.38.0\language-server\BOOT-INF\lib\asm-9.3.jar;c:\Users\WendyDeLaCruzLorenzo\.vscode\extensions\pivotal.vscode-spring-boot-1.38.0\language-server\BOOT-INF\lib\asm-analysis-9.3.jar;c:\Users\WendyDeLaCruzLorenzo\.vscode\extensions\pivotal.vscode-spring-boot-1.38.0\language-server\BOOT-INF\lib\asm-tree-9.3.jar;c:\Users\WendyDeLaCruzLorenzo\.vscode\extensions\pivotal.vscode-spring-boot-1.38.0\language-server\BOOT-INF\lib\asm-util-9.3.jar;c:\Users\WendyDeLaCruzLorenzo\.vscode\extensions\pivotal.vscode-spring-boot-1.38.0\language-server\BOOT-INF\lib\byte-buddy-1.10.18.jar;c:\Users\WendyDeLaCruzLorenzo\.vscode\extensions\pivotal.vscode-spring-boot-1.38.0\language-server\BOOT-INF\lib\caffeine-2.8.6.jar;c:\Users\WendyDeLaCruzLorenzo\.vscode\extensions\pivotal.vscode-spring-boot-1.38.0\language-server\BOOT-INF\lib\checker-qual-3.12.0.jar;c:\Users\WendyDeLaCruzLorenzo\.vscode\extensions\pivotal.vscode-spring-boot-1.38.0\language-server\BOOT-INF\lib\classgraph-4.8.149.jar;c:\Users\WendyDeLaCruzLorenzo\.vscode\extensions\pivotal.vscode-spring-boot-1.38.0\language-server\BOOT-INF\lib\commons-codec-1.14.jar;c:\Users\WendyDeLaCruzLorenzo\.vscode\extensions\pivotal.vscode-spring-boot-1.38.0\language-server\BOOT-INF\lib\commons-compress-1.
Launcher Type: SUN_STANDARD

[Global flags]
     intx CICompilerCount                          = 4                                         {product} {ergonomic}
     uint ConcGCThreads                            = 2                                         {product} {ergonomic}
     uint G1ConcRefinementThreads                  = 8                                         {product} {ergonomic}
   size_t G1HeapRegionSize                         = 1048576                                   {product} {ergonomic}
    uintx GCDrainStackTargetSize                   = 64                                        {product} {ergonomic}
   size_t InitialHeapSize                          = 100663296                                 {product} {ergonomic}
   size_t MarkStackSize                            = 4194304                                   {product} {ergonomic}
   size_t MaxHeapSize                              = 1579155456                                {product} {ergonomic}
   size_t MaxNewSize                               = 946864128                                 {product} {ergonomic}
   size_t MinHeapDeltaBytes                        = 1048576                                   {product} {ergonomic}
   size_t MinHeapSize                              = 8388608                                   {product} {ergonomic}
    uintx NonProfiledCodeHeapSize                  = 0                                      {pd product} {ergonomic}
     bool ProfileInterpreter                       = false                                  {pd product} {command line}
    uintx ProfiledCodeHeapSize                     = 0                                      {pd product} {ergonomic}
   size_t SoftMaxHeapSize                          = 1579155456                             {manageable} {ergonomic}
     intx TieredStopAtLevel                        = 1                                         {product} {command line}
     bool UseCompressedClassPointers               = true                           {product lp64_product} {ergonomic}
     bool UseCompressedOops                        = true                           {product lp64_product} {ergonomic}
     bool UseG1GC                                  = true                                      {product} {ergonomic}
     bool UseLargePagesIndividualAllocation        = false                                  {pd product} {ergonomic}

Logging:
Log output configuration:
 #0: stdout all=warning uptime,level,tags
 #1: stderr all=off uptime,level,tags

Environment Variables:
PATH=C:\Program Files\Common Files\Oracle\Java\javapath;C:\Program Files (x86)\Common Files\Oracle\Java\javapath;C:\Program Files\AdoptOpenJDK\jdk-11.0.6.10-hotspot\bin;C:\WINDOWS\system32;C:\WINDOWS;C:\WINDOWS\System32\Wbem;C:\WINDOWS\System32\WindowsPowerShell\v1.0\;C:\WINDOWS\System32\OpenSSH\;C:\Program Files\Git\cmd;C:\Program Files\nodejs\;C:\ProgramData\chocolatey\bin;C:\apache-maven-3.8.6\bin;C:\Users\WendyDeLaCruzLorenzo\my-java-projects\spring-2.7.0\bin;C:\Program Files\MySQL\MySQL Shell 8.0\bin\;C:\Users\WendyDeLaCruzLorenzo\AppData\Local\Microsoft\WindowsApps;C:\Users\WendyDeLaCruzLorenzo\Documents\Microsoft VS Code\bin;C:\Users\WendyDeLaCruzLorenzo\AppData\Roaming\npm;C:\Users\WendyDeLaCruzLorenzo\AppData\Local\GitHubDesktop\bin;C:\apache-maven-3.8.6\bin;;C:\Program Files\JetBrains\IntelliJ IDEA 2022.1.3\bin;
USERNAME=WendyDeLaCruzLorenzo
OS=Windows_NT
PROCESSOR_IDENTIFIER=AMD64 Family 23 Model 24 Stepping 1, AuthenticAMD



---------------  S Y S T E M  ---------------

OS:
 Windows 10 , 64 bit Build 19041 (10.0.19041.1889)
OS uptime: 2 days 7:40 hours

CPU: total 8 (initial active 8) (8 cores per cpu, 2 threads per core) family 23 model 24 stepping 1 microcode 0x0, cx8, cmov, fxsr, ht, mmx, 3dnowpref, sse, sse2, sse3, ssse3, sse4a, sse4.1, sse4.2, popcnt, lzcnt, tsc, tscinvbit, avx, avx2, aes, clmul, bmi1, bmi2, adx, sha, fma, vzeroupper, clflush, clflushopt

Memory: 4k page, system-wide physical 6022M (469M free)
TotalPageFile size 24454M (AvailPageFile size 1M)
current process WorkingSet (physical memory assigned to process): 74M, peak: 75M
current process commit charge ("private bytes"): 183M, peak: 184M

vm_info: OpenJDK 64-Bit Server VM (17.0.3+7) for windows-amd64 JRE (17.0.3+7), built on Apr 19 2022 16:55:35 by "" with MS VC++ 16.7 (VS2019)

END.
